#
# A fatal error has been detected by the Java Runtime Environment:
#
#  SIGSEGV (0xb) at pc=0x000000010efc35d6, pid=7149, tid=25091
#
# JRE version: OpenJDK Runtime Environment Temurin-17.0.11+9 (17.0.11+9) (build 17.0.11+9)
# Java VM: OpenJDK 64-Bit Server VM Temurin-17.0.11+9 (17.0.11+9, mixed mode, tiered, compressed oops, compressed class ptrs, g1 gc, bsd-amd64)
# Problematic frame:
# V  [libjvm.dylib+0x2fd5d6]  _ZN7Compile24disconnect_useless_nodesER16Unique_Node_ListPS0_+0xa6
#
# No core dump will be written. Core dumps have been disabled. To enable core dumping, try "ulimit -c unlimited" before starting Java again
#
# If you would like to submit a bug report, please visit:
#   https://github.com/adoptium/adoptium-support/issues
#

---------------  S U M M A R Y ------------

Command Line: -Dforge.logging.console.level=debug -Dforge.logging.markers=REGISTRIES -DignoreList=bootstraplauncher,securejarhandler,asm-commons,asm-util,asm-analysis,asm-tree,asm,JarJarFileSystems,client-extra,fmlcore,javafmllanguage,lowcodelanguage,mclanguage,forge- -Djava.net.preferIPv6Addresses=system -DlegacyClassPath.file=/Users/lukeyan/Downloads/forge-1.20.1-47.3.22-mdk 2/build/classpath/runData_minecraftClasspath.txt -DmergeModules=jna-5.10.0.jar,jna-platform-5.10.0.jar -Dmixin.env.refMapRemappingFile=/Users/lukeyan/Downloads/forge-1.20.1-47.3.22-mdk 2/build/createSrgToMcp/output.srg -Dmixin.env.remapRefMap=true --module-path=/Users/lukeyan/.gradle/caches/modules-2/files-2.1/cpw.mods/bootstraplauncher/1.1.2/c546e00443d8432cda6baa1c860346980742628/bootstraplauncher-1.1.2.jar:/Users/lukeyan/.gradle/caches/modules-2/files-2.1/cpw.mods/securejarhandler/2.1.10/51e6a22c6c716beb11e244bf5b8be480f51dd6b5/securejarhandler-2.1.10.jar:/Users/lukeyan/.gradle/caches/modules-2/files-2.1/org.ow2.asm/asm-commons/9.7.1/406c6a2225cfe1819f102a161e54cc16a5c24f75/asm-commons-9.7.1.jar:/Users/lukeyan/.gradle/caches/modules-2/files-2.1/org.ow2.asm/asm-util/9.7.1/9e23359b598ec6b74b23e53110dd5c577adf2243/asm-util-9.7.1.jar:/Users/lukeyan/.gradle/caches/modules-2/files-2.1/org.ow2.asm/asm-analysis/9.7.1/f97a3b319f0ed6a8cd944dc79060d3912a28985f/asm-analysis-9.7.1.jar:/Users/lukeyan/.gradle/caches/modules-2/files-2.1/org.ow2.asm/asm-tree/9.7.1/3a53139787663b139de76b627fca0084ab60d32c/asm-tree-9.7.1.jar:/Users/lukeyan/.gradle/caches/modules-2/files-2.1/org.ow2.asm/asm/9.7.1/f0ed132a49244b042cd0e15702ab9f2ce3cc8436/asm-9.7.1.jar:/Users/lukeyan/.gradle/caches/modules-2/files-2.1/net.minecraftforge/JarJarFileSystems/0.3.19/2464eb7d6b9ddb9db36a82cf8a95193e5c6fe020/JarJarFileSystems-0.3.19.jar --add-modules=ALL-MODULE-PATH --add-opens=java.base/java.util.jar=cpw.mods.securejarhandler --add-opens=java.base/java.lang.invoke=cpw.mods.securejarhandler --add-exports=java.base/sun.security.util=cpw.mods.securejarhandler --add-exports=jdk.naming.dns/com.sun.jndi.dns=java.naming -Dfile.encoding=UTF-8 -Duser.country=CA -Duser.language=en -Duser.variant cpw.mods.bootstraplauncher.BootstrapLauncher --launchTarget forgedatauserdev --assetIndex 5 --assetsDir /Users/lukeyan/.gradle/caches/forge_gradle/assets --gameDir . --fml.forgeVersion 47.3.22 --fml.mcVersion 1.20.1 --fml.forgeGroup net.minecraftforge --fml.mcpVersion 20230612.114412 --mod creategemfood --all --output /Users/lukeyan/Downloads/forge-1.20.1-47.3.22-mdk 2/src/generated/resources --existing /Users/lukeyan/Downloads/forge-1.20.1-47.3.22-mdk 2/src/main/resources

Host: "MacBookPro12,1" x86_64 2700 MHz, 4 cores, 16G, Darwin 21.6.0, macOS 12.6.3 (21G419)
Time: Tue Apr 22 18:35:12 2025 PDT elapsed time: 17.758652 seconds (0d 0h 0m 17s)

---------------  T H R E A D  ---------------

Current thread (0x00007fdba00a2400):  JavaThread "C2 CompilerThread1" daemon [_thread_in_native, id=25091, stack(0x0000700004135000,0x0000700004235000)]


Current CompileTask:
C2:  17758 5944       4       cpw.mods.niofs.union.UnionFileSystem::testFilter (147 bytes)

Stack: [0x0000700004135000,0x0000700004235000],  sp=0x00007000042334a0,  free space=1017k
Native frames: (J=compiled Java code, j=interpreted, Vv=VM code, C=native code)
V  [libjvm.dylib+0x2fd5d6]  _ZN7Compile24disconnect_useless_nodesER16Unique_Node_ListPS0_+0xa6
V  [libjvm.dylib+0x2fecab]  _ZN7CompileC2EP5ciEnvP8ciMethodibbbbbP12DirectiveSet+0xbdb
V  [libjvm.dylib+0x267ecf]  _ZN10C2Compiler14compile_methodEP5ciEnvP8ciMethodibP12DirectiveSet+0xdf
V  [libjvm.dylib+0x310d8d]  _ZN13CompileBroker25invoke_compiler_on_methodEP11CompileTask+0x62d
V  [libjvm.dylib+0x31053f]  _ZN13CompileBroker20compiler_thread_loopEv+0x43f
V  [libjvm.dylib+0xa54a5b]  _ZN10JavaThread17thread_main_innerEv+0x14b
V  [libjvm.dylib+0xa52db7]  _ZN6Thread8call_runEv+0xa7
V  [libjvm.dylib+0x86374c]  _ZL19thread_native_entryP6Thread+0x14c
C  [libsystem_pthread.dylib+0x64e1]  _pthread_start+0x7d
C  [libsystem_pthread.dylib+0x1f6b]  thread_start+0xf


siginfo: si_signo: 11 (SIGSEGV), si_code: 1 (SEGV_MAPERR), si_addr: 0x00007fd9a5d72ed8

Registers:
RAX=0x0000000000000037, RBX=0x00007000042340e0, RCX=0x0000000000000032, RDX=0x00007fdba5d91240
RSP=0x00007000042334a0, RBP=0x00007000042334e0, RSI=0x0000000000000032, RDI=0x00007fd9a5d72eb0
R8 =0x000000003f11da73, R9 =0x00007fdba5e1a810, R10=0x000000010f9b1440, R11=0xfffffffffe2c9250
R12=0x0000000000000183, R13=0x00007fdb9ee2fd98, R14=0x0000700004233ec0, R15=0x0000700004233fd0
RIP=0x000000010efc35d6, EFLAGS=0x0000000000010293, ERR=0x0000000000000004
  TRAPNO=0x000000000000000e


Register to memory mapping:

RAX=0x0000000000000037 is an unknown value
RBX=0x00007000042340e0 is pointing into the stack for thread: 0x00007fdba00a2400
RCX=0x0000000000000032 is an unknown value
RDX=0x00007fdba5d91240 points into unknown readable memory: 0x00007fdb9fbe87c0 | c0 87 be 9f db 7f 00 00
RSP=0x00007000042334a0 is pointing into the stack for thread: 0x00007fdba00a2400
RBP=0x00007000042334e0 is pointing into the stack for thread: 0x00007fdba00a2400
RSI=0x0000000000000032 is an unknown value
RDI=0x00007fd9a5d72eb0 is an unknown value
R8 =0x000000003f11da73 is an unknown value
R9 =0x00007fdba5e1a810 points into unknown readable memory: 0xfff3f3a9ff0b9feb | eb 9f 0b ff a9 f3 f3 ff
R10=0x000000010f9b1440: _ZL8tc_mutex+0x18 in /Library/Java/JavaVirtualMachines/temurin-17.jdk/Contents/Home/lib/server/libjvm.dylib at 0x000000010ecc6000
R11=0xfffffffffe2c9250 is an unknown value
R12=0x0000000000000183 is an unknown value
R13=0x00007fdb9ee2fd98 points into unknown readable memory: 0x000000010f9515f0 | f0 15 95 0f 01 00 00 00
R14=0x0000700004233ec0 is pointing into the stack for thread: 0x00007fdba00a2400
R15=0x0000700004233fd0 is pointing into the stack for thread: 0x00007fdba00a2400


Top of Stack: (sp=0x00007000042334a0)
0x00007000042334a0:   0000700004233fd0 000000010f55f61d
0x00007000042334b0:   0000700004233ff0 00007000042340e0
0x00007000042334c0:   0000000000000000 0000700004234870
0x00007000042334d0:   0000600000951e30 00007fdba7b4b200
0x00007000042334e0:   00007000042340b0 000000010efc4cab
0x00007000042334f0:   0000000000000000 000000010f984708
0x0000700004233500:   0000000000000005 00007000042340e0
0x0000700004233510:   0000700004234350 0000700004234350
0x0000700004233520:   0000000000000004 00007fdb9f121de8
0x0000700004233530:   0000000000000000 0000700004234350
0x0000700004233540:   0000700000004000 00007fdba17a1010
0x0000700004233550:   0000000000000000 0000000000000000
0x0000700004233560:   0000000000000000 0000000000000000
0x0000700004233570:   0000000000000000 0000000000000000
0x0000700004233580:   0000000000000000 0000000000000000
0x0000700004233590:   0000000000000000 0000000000000000
0x00007000042335a0:   0000000000000000 0000000000000000
0x00007000042335b0:   0000000000000000 0000000000000000
0x00007000042335c0:   0000000000000000 0000000000000000
0x00007000042335d0:   0000000000000000 0000000000000000
0x00007000042335e0:   0000000000000000 0000000000000000
0x00007000042335f0:   0000000000000000 0000000000000000
0x0000700004233600:   0000000000000000 0000000000000000
0x0000700004233610:   0000000000000000 0000000000000000
0x0000700004233620:   0000000000000000 0000000000000000
0x0000700004233630:   0000000000000000 0000000000000000
0x0000700004233640:   0000000000000000 0000000000000000
0x0000700004233650:   0000000000000000 0000000000000000
0x0000700004233660:   0000000000000000 0000000000000000
0x0000700004233670:   0000000000000000 0000000000000000
0x0000700004233680:   0000000000000000 0000000000000000
0x0000700004233690:   0000000000000000 0000000000000000 

Instructions: (pc=0x000000010efc35d6)
0x000000010efc34d6:   66 2e 0f 1f 84 00 00 00 00 00 48 8b 87 10 02 00
0x000000010efc34e6:   00 48 8b 34 d0 48 89 74 d0 f8 48 ff c2 48 63 87
0x000000010efc34f6:   08 02 00 00 48 39 c2 7c e1 ff c8 89 87 08 02 00
0x000000010efc3506:   00 84 c9 74 02 5d c3 48 8d 3d 32 e4 84 00 be e9
0x000000010efc3516:   00 00 00 e8 72 bf 03 00 5d e9 5c 5d 56 00 66 66
0x000000010efc3526:   66 2e 0f 1f 84 00 00 00 00 00 55 48 89 e5 41 57
0x000000010efc3536:   41 56 41 55 41 54 53 48 83 ec 18 49 89 f6 48 89
0x000000010efc3546:   fb 83 7e 18 00 0f 84 4b 01 00 00 49 89 d7 48 8d
0x000000010efc3556:   42 20 48 89 45 d0 45 31 e4 48 89 55 c0 eb 18 49
0x000000010efc3566:   8b 47 10 4a 89 3c e8 0f 1f 00 41 8b 46 18 49 39
0x000000010efc3576:   c4 0f 83 1f 01 00 00 49 8b 46 10 4e 8b 2c e0 41
0x000000010efc3586:   8b 45 2c f7 d0 a8 03 75 09 49 8d 7d 48 e8 58 61
0x000000010efc3596:   5e 00 49 ff c4 41 8b 45 20 85 c0 7e cd 31 c9 eb
0x000000010efc35a6:   25 66 0f 1f 84 00 00 00 00 00 41 8b 7d 20 ff cf
0x000000010efc35b6:   41 89 7d 20 48 8b 3c fa 48 89 3c f2 ff c9 ff c8
0x000000010efc35c6:   ff c1 39 c1 7d 34 49 8b 55 10 89 ce 48 8b 3c f2
0x000000010efc35d6:   8b 7f 28 49 89 f8 49 c1 e8 05 45 3b 46 20 73 ca
0x000000010efc35e6:   4d 8b 4e 28 47 8b 04 81 41 0f a3 f8 72 d2 eb ba
0x000000010efc35f6:   66 2e 0f 1f 84 00 00 00 00 00 41 83 7d 20 01 0f
0x000000010efc3606:   85 65 ff ff ff 4c 89 ef e8 9d 40 54 00 84 c0 0f
0x000000010efc3616:   84 55 ff ff ff 49 8b 45 10 48 8b 38 44 8b 7f 28
0x000000010efc3626:   4d 89 fd 49 c1 ed 05 48 8b 45 d0 44 3b 28 72 14
0x000000010efc3636:   48 89 7d c8 48 8b 7d d0 44 89 ee e8 0a 4e 7a 00
0x000000010efc3646:   48 8b 7d c8 48 8b 75 c0 48 8b 46 28 42 8b 0c a8
0x000000010efc3656:   89 ca 44 0f ab fa 42 89 14 a8 44 0f a3 f9 0f 82
0x000000010efc3666:   06 ff ff ff 49 89 f7 8b 46 08 44 8b 6e 18 41 8d
0x000000010efc3676:   4d 01 89 4e 18 44 39 e8 0f 87 e1 fe ff ff 48 89
0x000000010efc3686:   7d c8 4c 89 ff 44 89 ee e8 9d 55 54 00 48 8b 7d
0x000000010efc3696:   c8 e9 c9 fe ff ff 8b 83 a8 01 00 00 85 c0 0f 8f
0x000000010efc36a6:   e2 00 00 00 8b 83 c0 01 00 00 85 c0 0f 8f 44 01
0x000000010efc36b6:   00 00 8b 83 d8 01 00 00 85 c0 0f 8f a6 01 00 00
0x000000010efc36c6:   8b 83 f0 01 00 00 85 c0 0f 8f 08 02 00 00 8b 83 


Stack slot to memory mapping:
stack at sp + 0 slots: 0x0000700004233fd0 is pointing into the stack for thread: 0x00007fdba00a2400
stack at sp + 1 slots: 0x000000010f55f61d: _ZN18PhaseRemoveUselessC2EP8PhaseGVNP16Unique_Node_ListN5Phase11PhaseNumberE+0x14d in /Library/Java/JavaVirtualMachines/temurin-17.jdk/Contents/Home/lib/server/libjvm.dylib at 0x000000010ecc6000
stack at sp + 2 slots: 0x0000700004233ff0 is pointing into the stack for thread: 0x00007fdba00a2400
stack at sp + 3 slots: 0x00007000042340e0 is pointing into the stack for thread: 0x00007fdba00a2400
stack at sp + 4 slots: 0x0 is NULL
stack at sp + 5 slots: 0x0000700004234870 is pointing into the stack for thread: 0x00007fdba00a2400
stack at sp + 6 slots: 0x0000600000951e30 points into unknown readable memory: 0x0000000000000006 | 06 00 00 00 00 00 00 00
stack at sp + 7 slots: 0x00007fdba7b4b200 points into unknown readable memory: 0x00007fdba1da5000 | 00 50 da a1 db 7f 00 00


---------------  P R O C E S S  ---------------

Threads class SMR info:
_java_thread_list=0x00006000006416c0, length=14, elements={
0x00007fdba0808a00, 0x00007fdb9f80fa00, 0x00007fdb9e814a00, 0x00007fdb9f824200,
0x00007fdb9f825600, 0x00007fdb9e899800, 0x00007fdba0048a00, 0x00007fdb9e899e00,
0x00007fdba004a000, 0x00007fdba004a600, 0x00007fdb9e817600, 0x00007fdba00a2400,
0x00007fdb9eac8a00, 0x00007fdba00a0200
}

Java Threads: ( => current thread )
  0x00007fdba0808a00 JavaThread "main" [_thread_in_Java, id=6403, stack(0x0000700002df9000,0x0000700002ef9000)]
  0x00007fdb9f80fa00 JavaThread "Reference Handler" daemon [_thread_blocked, id=17155, stack(0x000070000350e000,0x000070000360e000)]
  0x00007fdb9e814a00 JavaThread "Finalizer" daemon [_thread_blocked, id=16899, stack(0x0000700003611000,0x0000700003711000)]
  0x00007fdb9f824200 JavaThread "Signal Dispatcher" daemon [_thread_blocked, id=22531, stack(0x000070000381a000,0x000070000391a000)]
  0x00007fdb9f825600 JavaThread "Service Thread" daemon [_thread_blocked, id=41731, stack(0x000070000391d000,0x0000700003a1d000)]
  0x00007fdb9e899800 JavaThread "Monitor Deflation Thread" daemon [_thread_blocked, id=22787, stack(0x0000700003a20000,0x0000700003b20000)]
  0x00007fdba0048a00 JavaThread "C2 CompilerThread0" daemon [_thread_in_native, id=23043, stack(0x0000700003b23000,0x0000700003c23000)]
  0x00007fdb9e899e00 JavaThread "C1 CompilerThread0" daemon [_thread_blocked, id=23299, stack(0x0000700003c26000,0x0000700003d26000)]
  0x00007fdba004a000 JavaThread "Sweeper thread" daemon [_thread_blocked, id=40707, stack(0x0000700003d29000,0x0000700003e29000)]
  0x00007fdba004a600 JavaThread "Common-Cleaner" daemon [_thread_blocked, id=23811, stack(0x0000700003e2c000,0x0000700003f2c000)]
  0x00007fdb9e817600 JavaThread "Notification Thread" daemon [_thread_blocked, id=24323, stack(0x0000700003f2f000,0x000070000402f000)]
=>0x00007fdba00a2400 JavaThread "C2 CompilerThread1" daemon [_thread_in_native, id=25091, stack(0x0000700004135000,0x0000700004235000)]
  0x00007fdb9eac8a00 JavaThread "process reaper" daemon [_thread_blocked, id=42503, stack(0x0000700003797000,0x00007000037bb000)]
  0x00007fdba00a0200 JavaThread "pool-2-thread-1" daemon [_thread_in_Java, id=25867, stack(0x0000700004541000,0x0000700004641000)]

Other Threads:
  0x00007fdb9f108e30 VMThread "VM Thread" [stack: 0x000070000340b000,0x000070000350b000] [id=17411]
  0x00007fdb9f016770 WatcherThread [stack: 0x0000700004032000,0x0000700004132000] [id=24579]
  0x00007fdb9f106cd0 GCTaskThread "GC Thread#0" [stack: 0x0000700002efc000,0x0000700002ffc000] [id=12291]
  0x00007fdb9f20df20 GCTaskThread "GC Thread#1" [stack: 0x0000700004238000,0x0000700004338000] [id=39683]
  0x00007fdb9f20e3a0 GCTaskThread "GC Thread#2" [stack: 0x000070000433b000,0x000070000443b000] [id=39171]
  0x00007fdb9f20e820 GCTaskThread "GC Thread#3" [stack: 0x000070000443e000,0x000070000453e000] [id=25347]
  0x00007fdb9f205190 ConcurrentGCThread "G1 Main Marker" [stack: 0x0000700002fff000,0x00007000030ff000] [id=19715]
  0x00007fdb9f107150 ConcurrentGCThread "G1 Conc#0" [stack: 0x0000700003102000,0x0000700003202000] [id=19203]
  0x00007fdb9f004860 ConcurrentGCThread "G1 Refine#0" [stack: 0x0000700003205000,0x0000700003305000] [id=18435]
  0x00007fdb9f2490a0 ConcurrentGCThread "G1 Refine#1" [stack: 0x0000700004644000,0x0000700004744000] [id=26627]
  0x00007fdb9f1079c0 ConcurrentGCThread "G1 Service" [stack: 0x0000700003308000,0x0000700003408000] [id=13315]

Threads with active compile tasks:
C2 CompilerThread0    17783 5889 %     4       org.objectweb.asm.ClassReader::readCode @ 2187 (5117 bytes)
C2 CompilerThread1    17783 5944       4       cpw.mods.niofs.union.UnionFileSystem::testFilter (147 bytes)

VM state: not at safepoint (normal execution)

VM Mutex/Monitor currently owned by a thread: None

Heap address: 0x0000000700000000, size: 4096 MB, Compressed Oops mode: Zero based, Oop shift amount: 3

CDS archive(s) not mapped
Compressed class space mapped at: 0x0000000800000000-0x0000000840000000, reserved size: 1073741824
Narrow klass base: 0x0000000800000000, Narrow klass shift: 0, Narrow klass range: 0x40000000

GC Precious Log:
 CPUs: 4 total, 4 available
 Memory: 16384M
 Large Page Support: Disabled
 NUMA Support: Disabled
 Compressed Oops: Enabled (Zero based)
 Heap Region Size: 2M
 Heap Min Capacity: 8M
 Heap Initial Capacity: 256M
 Heap Max Capacity: 4G
 Pre-touch: Disabled
 Parallel Workers: 4
 Concurrent Workers: 1
 Concurrent Refinement Workers: 4
 Periodic GC: Disabled

Heap:
 garbage-first heap   total 364544K, used 184795K [0x0000000700000000, 0x0000000800000000)
  region size 2048K, 52 young (106496K), 4 survivors (8192K)
 Metaspace       used 36934K, committed 37888K, reserved 1114112K
  class space    used 4337K, committed 4736K, reserved 1048576K

Heap Regions: E=young(eden), S=young(survivor), O=old, HS=humongous(starts), HC=humongous(continues), CS=collection set, F=free, OA=open archive, CA=closed archive, TAMS=top-at-mark-start (previous, next)
|   0|0x0000000700000000, 0x0000000700200000, 0x0000000700200000|100%|HS|  |TAMS 0x0000000700200000, 0x0000000700000000| Complete 
|   1|0x0000000700200000, 0x0000000700400000, 0x0000000700400000|100%|HS|  |TAMS 0x0000000700400000, 0x0000000700200000| Complete 
|   2|0x0000000700400000, 0x0000000700600000, 0x0000000700600000|100%| O|  |TAMS 0x0000000700600000, 0x0000000700400000| Untracked 
|   3|0x0000000700600000, 0x0000000700800000, 0x0000000700800000|100%|HS|  |TAMS 0x0000000700800000, 0x0000000700600000| Complete 
|   4|0x0000000700800000, 0x0000000700a00000, 0x0000000700a00000|100%|HS|  |TAMS 0x0000000700a00000, 0x0000000700800000| Complete 
|   5|0x0000000700a00000, 0x0000000700c00000, 0x0000000700c00000|100%| O|  |TAMS 0x0000000700c00000, 0x0000000700a00000| Untracked 
|   6|0x0000000700c00000, 0x0000000700e00000, 0x0000000700e00000|100%| O|  |TAMS 0x0000000700e00000, 0x0000000700c00000| Untracked 
|   7|0x0000000700e00000, 0x0000000701000000, 0x0000000701000000|100%|HS|  |TAMS 0x0000000701000000, 0x0000000700e00000| Complete 
|   8|0x0000000701000000, 0x0000000701200000, 0x0000000701200000|100%| O|  |TAMS 0x0000000701200000, 0x0000000701000000| Untracked 
|   9|0x0000000701200000, 0x0000000701400000, 0x0000000701400000|100%| O|  |TAMS 0x0000000701400000, 0x0000000701200000| Untracked 
|  10|0x0000000701400000, 0x0000000701600000, 0x0000000701600000|100%| O|  |TAMS 0x0000000701600000, 0x0000000701400000| Untracked 
|  11|0x0000000701600000, 0x0000000701800000, 0x0000000701800000|100%| O|  |TAMS 0x0000000701800000, 0x0000000701600000| Untracked 
|  12|0x0000000701800000, 0x0000000701a00000, 0x0000000701a00000|100%| O|  |TAMS 0x0000000701a00000, 0x0000000701800000| Untracked 
|  13|0x0000000701a00000, 0x0000000701c00000, 0x0000000701c00000|100%|HS|  |TAMS 0x0000000701a00000, 0x0000000701a00000| Complete 
|  14|0x0000000701c00000, 0x0000000701e00000, 0x0000000701e00000|100%|HS|  |TAMS 0x0000000701e00000, 0x0000000701c00000| Complete 
|  15|0x0000000701e00000, 0x0000000702000000, 0x0000000702000000|100%|HS|  |TAMS 0x0000000701e00000, 0x0000000701e00000| Complete 
|  16|0x0000000702000000, 0x0000000702200000, 0x0000000702200000|100%| O|  |TAMS 0x0000000702000000, 0x0000000702000000| Untracked 
|  17|0x0000000702200000, 0x0000000702400000, 0x0000000702400000|100%| O|  |TAMS 0x0000000702200000, 0x0000000702200000| Untracked 
|  18|0x0000000702400000, 0x0000000702600000, 0x0000000702600000|100%| O|  |TAMS 0x0000000702600000, 0x0000000702400000| Untracked 
|  19|0x0000000702600000, 0x0000000702800000, 0x0000000702800000|100%| O|  |TAMS 0x0000000702800000, 0x0000000702600000| Untracked 
|  20|0x0000000702800000, 0x0000000702a00000, 0x0000000702a00000|100%| O|  |TAMS 0x0000000702a00000, 0x0000000702800000| Untracked 
|  21|0x0000000702a00000, 0x0000000702c00000, 0x0000000702c00000|100%| O|  |TAMS 0x0000000702c00000, 0x0000000702a00000| Untracked 
|  22|0x0000000702c00000, 0x0000000702e00000, 0x0000000702e00000|100%| O|  |TAMS 0x0000000702c00000, 0x0000000702c00000| Untracked 
|  23|0x0000000702e00000, 0x0000000703000000, 0x0000000703000000|100%| O|  |TAMS 0x0000000702e00000, 0x0000000702e00000| Untracked 
|  24|0x0000000703000000, 0x0000000703200000, 0x0000000703200000|100%| O|  |TAMS 0x0000000703000000, 0x0000000703000000| Untracked 
|  25|0x0000000703200000, 0x0000000703400000, 0x0000000703400000|100%| O|  |TAMS 0x0000000703200000, 0x0000000703200000| Untracked 
|  26|0x0000000703400000, 0x0000000703600000, 0x0000000703600000|100%| O|  |TAMS 0x0000000703400000, 0x0000000703400000| Untracked 
|  27|0x0000000703600000, 0x0000000703800000, 0x0000000703800000|100%| O|  |TAMS 0x0000000703600000, 0x0000000703600000| Untracked 
|  28|0x0000000703800000, 0x00000007039f2000, 0x0000000703a00000| 97%| O|  |TAMS 0x0000000703800000, 0x0000000703800000| Untracked 
|  29|0x0000000703a00000, 0x0000000703a00000, 0x0000000703c00000|  0%| F|  |TAMS 0x0000000703a00000, 0x0000000703a00000| Untracked 
|  30|0x0000000703c00000, 0x0000000703c00000, 0x0000000703e00000|  0%| F|  |TAMS 0x0000000703c00000, 0x0000000703c00000| Untracked 
|  31|0x0000000703e00000, 0x0000000703e00000, 0x0000000704000000|  0%| F|  |TAMS 0x0000000703e00000, 0x0000000703e00000| Untracked 
|  32|0x0000000704000000, 0x0000000704000000, 0x0000000704200000|  0%| F|  |TAMS 0x0000000704000000, 0x0000000704000000| Untracked 
|  33|0x0000000704200000, 0x0000000704200000, 0x0000000704400000|  0%| F|  |TAMS 0x0000000704200000, 0x0000000704200000| Untracked 
|  34|0x0000000704400000, 0x0000000704400000, 0x0000000704600000|  0%| F|  |TAMS 0x0000000704400000, 0x0000000704400000| Untracked 
|  35|0x0000000704600000, 0x0000000704800000, 0x0000000704800000|100%| O|  |TAMS 0x0000000704800000, 0x0000000704600000| Untracked 
|  36|0x0000000704800000, 0x0000000704a00000, 0x0000000704a00000|100%| O|  |TAMS 0x0000000704a00000, 0x0000000704800000| Untracked 
|  37|0x0000000704a00000, 0x0000000704c00000, 0x0000000704c00000|100%| O|  |TAMS 0x0000000704c00000, 0x0000000704a00000| Untracked 
|  38|0x0000000704c00000, 0x0000000704e00000, 0x0000000704e00000|100%| O|  |TAMS 0x0000000704e00000, 0x0000000704c00000| Untracked 
|  39|0x0000000704e00000, 0x0000000705000000, 0x0000000705000000|100%| O|  |TAMS 0x0000000705000000, 0x0000000704e00000| Untracked 
|  40|0x0000000705000000, 0x0000000705200000, 0x0000000705200000|100%| O|  |TAMS 0x0000000705200000, 0x0000000705000000| Untracked 
|  41|0x0000000705200000, 0x0000000705400000, 0x0000000705400000|100%| O|  |TAMS 0x00000007052c3400, 0x0000000705200000| Untracked 
|  42|0x0000000705400000, 0x0000000705400000, 0x0000000705600000|  0%| F|  |TAMS 0x0000000705400000, 0x0000000705400000| Untracked 
|  43|0x0000000705600000, 0x0000000705600000, 0x0000000705800000|  0%| F|  |TAMS 0x0000000705600000, 0x0000000705600000| Untracked 
|  44|0x0000000705800000, 0x0000000705800000, 0x0000000705a00000|  0%| F|  |TAMS 0x0000000705800000, 0x0000000705800000| Untracked 
|  45|0x0000000705a00000, 0x0000000705a00000, 0x0000000705c00000|  0%| F|  |TAMS 0x0000000705a00000, 0x0000000705a00000| Untracked 
|  46|0x0000000705c00000, 0x0000000705c00000, 0x0000000705e00000|  0%| F|  |TAMS 0x0000000705c00000, 0x0000000705c00000| Untracked 
|  47|0x0000000705e00000, 0x0000000705e00000, 0x0000000706000000|  0%| F|  |TAMS 0x0000000705e00000, 0x0000000705e00000| Untracked 
|  48|0x0000000706000000, 0x0000000706000000, 0x0000000706200000|  0%| F|  |TAMS 0x0000000706000000, 0x0000000706000000| Untracked 
|  49|0x0000000706200000, 0x0000000706200000, 0x0000000706400000|  0%| F|  |TAMS 0x0000000706200000, 0x0000000706200000| Untracked 
|  50|0x0000000706400000, 0x0000000706400000, 0x0000000706600000|  0%| F|  |TAMS 0x0000000706400000, 0x0000000706400000| Untracked 
|  51|0x0000000706600000, 0x0000000706600000, 0x0000000706800000|  0%| F|  |TAMS 0x0000000706600000, 0x0000000706600000| Untracked 
|  52|0x0000000706800000, 0x0000000706800000, 0x0000000706a00000|  0%| F|  |TAMS 0x0000000706800000, 0x0000000706800000| Untracked 
|  53|0x0000000706a00000, 0x0000000706a00000, 0x0000000706c00000|  0%| F|  |TAMS 0x0000000706a00000, 0x0000000706a00000| Untracked 
|  54|0x0000000706c00000, 0x0000000706c00000, 0x0000000706e00000|  0%| F|  |TAMS 0x0000000706c00000, 0x0000000706c00000| Untracked 
|  55|0x0000000706e00000, 0x0000000706e00000, 0x0000000707000000|  0%| F|  |TAMS 0x0000000706e00000, 0x0000000706e00000| Untracked 
|  56|0x0000000707000000, 0x0000000707000000, 0x0000000707200000|  0%| F|  |TAMS 0x0000000707000000, 0x0000000707000000| Untracked 
|  57|0x0000000707200000, 0x0000000707200000, 0x0000000707400000|  0%| F|  |TAMS 0x0000000707200000, 0x0000000707200000| Untracked 
|  58|0x0000000707400000, 0x0000000707400000, 0x0000000707600000|  0%| F|  |TAMS 0x0000000707400000, 0x0000000707400000| Untracked 
|  59|0x0000000707600000, 0x0000000707600000, 0x0000000707800000|  0%| F|  |TAMS 0x0000000707600000, 0x0000000707600000| Untracked 
|  60|0x0000000707800000, 0x0000000707800000, 0x0000000707a00000|  0%| F|  |TAMS 0x0000000707800000, 0x0000000707800000| Untracked 
|  61|0x0000000707a00000, 0x0000000707a00000, 0x0000000707c00000|  0%| F|  |TAMS 0x0000000707a00000, 0x0000000707a00000| Untracked 
|  62|0x0000000707c00000, 0x0000000707c00000, 0x0000000707e00000|  0%| F|  |TAMS 0x0000000707c00000, 0x0000000707c00000| Untracked 
|  63|0x0000000707e00000, 0x0000000707e00000, 0x0000000708000000|  0%| F|  |TAMS 0x0000000707e00000, 0x0000000707e00000| Untracked 
|  64|0x0000000708000000, 0x0000000708000000, 0x0000000708200000|  0%| F|  |TAMS 0x0000000708000000, 0x0000000708000000| Untracked 
|  65|0x0000000708200000, 0x0000000708200000, 0x0000000708400000|  0%| F|  |TAMS 0x0000000708200000, 0x0000000708200000| Untracked 
|  66|0x0000000708400000, 0x0000000708400000, 0x0000000708600000|  0%| F|  |TAMS 0x0000000708400000, 0x0000000708400000| Untracked 
|  67|0x0000000708600000, 0x0000000708600000, 0x0000000708800000|  0%| F|  |TAMS 0x0000000708600000, 0x0000000708600000| Untracked 
|  68|0x0000000708800000, 0x0000000708800000, 0x0000000708a00000|  0%| F|  |TAMS 0x0000000708800000, 0x0000000708800000| Untracked 
|  69|0x0000000708a00000, 0x0000000708a00000, 0x0000000708c00000|  0%| F|  |TAMS 0x0000000708a00000, 0x0000000708a00000| Untracked 
|  70|0x0000000708c00000, 0x0000000708c00000, 0x0000000708e00000|  0%| F|  |TAMS 0x0000000708c00000, 0x0000000708c00000| Untracked 
|  71|0x0000000708e00000, 0x0000000708e00000, 0x0000000709000000|  0%| F|  |TAMS 0x0000000708e00000, 0x0000000708e00000| Untracked 
|  72|0x0000000709000000, 0x0000000709000000, 0x0000000709200000|  0%| F|  |TAMS 0x0000000709000000, 0x0000000709000000| Untracked 
|  73|0x0000000709200000, 0x0000000709200000, 0x0000000709400000|  0%| F|  |TAMS 0x0000000709200000, 0x0000000709200000| Untracked 
|  74|0x0000000709400000, 0x0000000709400000, 0x0000000709600000|  0%| F|  |TAMS 0x0000000709400000, 0x0000000709400000| Untracked 
|  75|0x0000000709600000, 0x0000000709684f00, 0x0000000709800000| 25%| S|CS|TAMS 0x0000000709600000, 0x0000000709600000| Complete 
|  76|0x0000000709800000, 0x0000000709a00000, 0x0000000709a00000|100%| S|CS|TAMS 0x0000000709800000, 0x0000000709800000| Complete 
|  77|0x0000000709a00000, 0x0000000709c00000, 0x0000000709c00000|100%| S|CS|TAMS 0x0000000709a00000, 0x0000000709a00000| Complete 
|  78|0x0000000709c00000, 0x0000000709e00000, 0x0000000709e00000|100%| S|CS|TAMS 0x0000000709c00000, 0x0000000709c00000| Complete 
|  79|0x0000000709e00000, 0x0000000709e00000, 0x000000070a000000|  0%| F|  |TAMS 0x0000000709e00000, 0x0000000709e00000| Untracked 
|  80|0x000000070a000000, 0x000000070a000000, 0x000000070a200000|  0%| F|  |TAMS 0x000000070a000000, 0x000000070a000000| Untracked 
|  81|0x000000070a200000, 0x000000070a200000, 0x000000070a400000|  0%| F|  |TAMS 0x000000070a200000, 0x000000070a200000| Untracked 
|  82|0x000000070a400000, 0x000000070a400000, 0x000000070a600000|  0%| F|  |TAMS 0x000000070a400000, 0x000000070a400000| Untracked 
|  83|0x000000070a600000, 0x000000070a600000, 0x000000070a800000|  0%| F|  |TAMS 0x000000070a600000, 0x000000070a600000| Untracked 
|  84|0x000000070a800000, 0x000000070a800000, 0x000000070aa00000|  0%| F|  |TAMS 0x000000070a800000, 0x000000070a800000| Untracked 
|  85|0x000000070aa00000, 0x000000070aa00000, 0x000000070ac00000|  0%| F|  |TAMS 0x000000070aa00000, 0x000000070aa00000| Untracked 
|  86|0x000000070ac00000, 0x000000070ac00000, 0x000000070ae00000|  0%| F|  |TAMS 0x000000070ac00000, 0x000000070ac00000| Untracked 
|  87|0x000000070ae00000, 0x000000070ae00000, 0x000000070b000000|  0%| F|  |TAMS 0x000000070ae00000, 0x000000070ae00000| Untracked 
|  88|0x000000070b000000, 0x000000070b000000, 0x000000070b200000|  0%| F|  |TAMS 0x000000070b000000, 0x000000070b000000| Untracked 
|  89|0x000000070b200000, 0x000000070b200000, 0x000000070b400000|  0%| F|  |TAMS 0x000000070b200000, 0x000000070b200000| Untracked 
|  90|0x000000070b400000, 0x000000070b400000, 0x000000070b600000|  0%| F|  |TAMS 0x000000070b400000, 0x000000070b400000| Untracked 
|  91|0x000000070b600000, 0x000000070b600000, 0x000000070b800000|  0%| F|  |TAMS 0x000000070b600000, 0x000000070b600000| Untracked 
|  92|0x000000070b800000, 0x000000070b800000, 0x000000070ba00000|  0%| F|  |TAMS 0x000000070b800000, 0x000000070b800000| Untracked 
|  93|0x000000070ba00000, 0x000000070ba00000, 0x000000070bc00000|  0%| F|  |TAMS 0x000000070ba00000, 0x000000070ba00000| Untracked 
|  94|0x000000070bc00000, 0x000000070bc00000, 0x000000070be00000|  0%| F|  |TAMS 0x000000070bc00000, 0x000000070bc00000| Untracked 
|  95|0x000000070be00000, 0x000000070be00000, 0x000000070c000000|  0%| F|  |TAMS 0x000000070be00000, 0x000000070be00000| Untracked 
|  96|0x000000070c000000, 0x000000070c000000, 0x000000070c200000|  0%| F|  |TAMS 0x000000070c000000, 0x000000070c000000| Untracked 
|  97|0x000000070c200000, 0x000000070c200000, 0x000000070c400000|  0%| F|  |TAMS 0x000000070c200000, 0x000000070c200000| Untracked 
|  98|0x000000070c400000, 0x000000070c400000, 0x000000070c600000|  0%| F|  |TAMS 0x000000070c400000, 0x000000070c400000| Untracked 
|  99|0x000000070c600000, 0x000000070c600000, 0x000000070c800000|  0%| F|  |TAMS 0x000000070c600000, 0x000000070c600000| Untracked 
| 100|0x000000070c800000, 0x000000070c800000, 0x000000070ca00000|  0%| F|  |TAMS 0x000000070c800000, 0x000000070c800000| Untracked 
| 101|0x000000070ca00000, 0x000000070ca00000, 0x000000070cc00000|  0%| F|  |TAMS 0x000000070ca00000, 0x000000070ca00000| Untracked 
| 102|0x000000070cc00000, 0x000000070cc00000, 0x000000070ce00000|  0%| F|  |TAMS 0x000000070cc00000, 0x000000070cc00000| Untracked 
| 103|0x000000070ce00000, 0x000000070ce00000, 0x000000070d000000|  0%| F|  |TAMS 0x000000070ce00000, 0x000000070ce00000| Untracked 
| 104|0x000000070d000000, 0x000000070d000000, 0x000000070d200000|  0%| F|  |TAMS 0x000000070d000000, 0x000000070d000000| Untracked 
| 105|0x000000070d200000, 0x000000070d200000, 0x000000070d400000|  0%| F|  |TAMS 0x000000070d200000, 0x000000070d200000| Untracked 
| 106|0x000000070d400000, 0x000000070d400000, 0x000000070d600000|  0%| F|  |TAMS 0x000000070d400000, 0x000000070d400000| Untracked 
| 107|0x000000070d600000, 0x000000070d600000, 0x000000070d800000|  0%| F|  |TAMS 0x000000070d600000, 0x000000070d600000| Untracked 
| 108|0x000000070d800000, 0x000000070d800000, 0x000000070da00000|  0%| F|  |TAMS 0x000000070d800000, 0x000000070d800000| Untracked 
| 109|0x000000070da00000, 0x000000070da00000, 0x000000070dc00000|  0%| F|  |TAMS 0x000000070da00000, 0x000000070da00000| Untracked 
| 110|0x000000070dc00000, 0x000000070dc00000, 0x000000070de00000|  0%| F|  |TAMS 0x000000070dc00000, 0x000000070dc00000| Untracked 
| 111|0x000000070de00000, 0x000000070de00000, 0x000000070e000000|  0%| F|  |TAMS 0x000000070de00000, 0x000000070de00000| Untracked 
| 112|0x000000070e000000, 0x000000070e000000, 0x000000070e200000|  0%| F|  |TAMS 0x000000070e000000, 0x000000070e000000| Untracked 
| 113|0x000000070e200000, 0x000000070e200000, 0x000000070e400000|  0%| F|  |TAMS 0x000000070e200000, 0x000000070e200000| Untracked 
| 114|0x000000070e400000, 0x000000070e400000, 0x000000070e600000|  0%| F|  |TAMS 0x000000070e400000, 0x000000070e400000| Untracked 
| 115|0x000000070e600000, 0x000000070e600000, 0x000000070e800000|  0%| F|  |TAMS 0x000000070e600000, 0x000000070e600000| Untracked 
| 116|0x000000070e800000, 0x000000070e800000, 0x000000070ea00000|  0%| F|  |TAMS 0x000000070e800000, 0x000000070e800000| Untracked 
| 117|0x000000070ea00000, 0x000000070ea00000, 0x000000070ec00000|  0%| F|  |TAMS 0x000000070ea00000, 0x000000070ea00000| Untracked 
| 118|0x000000070ec00000, 0x000000070ec00000, 0x000000070ee00000|  0%| F|  |TAMS 0x000000070ec00000, 0x000000070ec00000| Untracked 
| 119|0x000000070ee00000, 0x000000070ee00000, 0x000000070f000000|  0%| F|  |TAMS 0x000000070ee00000, 0x000000070ee00000| Untracked 
| 120|0x000000070f000000, 0x000000070f000000, 0x000000070f200000|  0%| F|  |TAMS 0x000000070f000000, 0x000000070f000000| Untracked 
| 121|0x000000070f200000, 0x000000070f200000, 0x000000070f400000|  0%| F|  |TAMS 0x000000070f200000, 0x000000070f200000| Untracked 
| 122|0x000000070f400000, 0x000000070f400000, 0x000000070f600000|  0%| F|  |TAMS 0x000000070f400000, 0x000000070f400000| Untracked 
| 123|0x000000070f600000, 0x000000070f600000, 0x000000070f800000|  0%| F|  |TAMS 0x000000070f600000, 0x000000070f600000| Untracked 
| 124|0x000000070f800000, 0x000000070f800000, 0x000000070fa00000|  0%| F|  |TAMS 0x000000070f800000, 0x000000070f800000| Untracked 
| 125|0x000000070fa00000, 0x000000070fc00000, 0x000000070fc00000|100%| E|  |TAMS 0x000000070fa00000, 0x000000070fa00000| Complete 
| 126|0x000000070fc00000, 0x000000070fe00000, 0x000000070fe00000|100%| E|CS|TAMS 0x000000070fc00000, 0x000000070fc00000| Complete 
| 127|0x000000070fe00000, 0x0000000710000000, 0x0000000710000000|100%| E|CS|TAMS 0x000000070fe00000, 0x000000070fe00000| Complete 
| 128|0x0000000710000000, 0x0000000710200000, 0x0000000710200000|100%| E|CS|TAMS 0x0000000710000000, 0x0000000710000000| Complete 
| 129|0x0000000710200000, 0x0000000710400000, 0x0000000710400000|100%| E|CS|TAMS 0x0000000710200000, 0x0000000710200000| Complete 
| 130|0x0000000710400000, 0x0000000710600000, 0x0000000710600000|100%| E|CS|TAMS 0x0000000710400000, 0x0000000710400000| Complete 
| 131|0x0000000710600000, 0x0000000710800000, 0x0000000710800000|100%| E|CS|TAMS 0x0000000710600000, 0x0000000710600000| Complete 
| 132|0x0000000710800000, 0x0000000710a00000, 0x0000000710a00000|100%| E|CS|TAMS 0x0000000710800000, 0x0000000710800000| Complete 
| 133|0x0000000710a00000, 0x0000000710c00000, 0x0000000710c00000|100%| E|CS|TAMS 0x0000000710a00000, 0x0000000710a00000| Complete 
| 134|0x0000000710c00000, 0x0000000710e00000, 0x0000000710e00000|100%| E|CS|TAMS 0x0000000710c00000, 0x0000000710c00000| Complete 
| 135|0x0000000710e00000, 0x0000000711000000, 0x0000000711000000|100%| E|CS|TAMS 0x0000000710e00000, 0x0000000710e00000| Complete 
| 136|0x0000000711000000, 0x0000000711200000, 0x0000000711200000|100%| E|CS|TAMS 0x0000000711000000, 0x0000000711000000| Complete 
| 137|0x0000000711200000, 0x0000000711400000, 0x0000000711400000|100%| E|CS|TAMS 0x0000000711200000, 0x0000000711200000| Complete 
| 138|0x0000000711400000, 0x0000000711600000, 0x0000000711600000|100%| E|CS|TAMS 0x0000000711400000, 0x0000000711400000| Complete 
| 139|0x0000000711600000, 0x0000000711800000, 0x0000000711800000|100%| E|CS|TAMS 0x0000000711600000, 0x0000000711600000| Complete 
| 140|0x0000000711800000, 0x0000000711a00000, 0x0000000711a00000|100%| E|CS|TAMS 0x0000000711800000, 0x0000000711800000| Complete 
| 141|0x0000000711a00000, 0x0000000711c00000, 0x0000000711c00000|100%| E|CS|TAMS 0x0000000711a00000, 0x0000000711a00000| Complete 
| 142|0x0000000711c00000, 0x0000000711e00000, 0x0000000711e00000|100%| E|CS|TAMS 0x0000000711c00000, 0x0000000711c00000| Complete 
| 143|0x0000000711e00000, 0x0000000712000000, 0x0000000712000000|100%| E|CS|TAMS 0x0000000711e00000, 0x0000000711e00000| Complete 
| 144|0x0000000712000000, 0x0000000712200000, 0x0000000712200000|100%| E|CS|TAMS 0x0000000712000000, 0x0000000712000000| Complete 
| 145|0x0000000712200000, 0x0000000712400000, 0x0000000712400000|100%| E|CS|TAMS 0x0000000712200000, 0x0000000712200000| Complete 
| 146|0x0000000712400000, 0x0000000712600000, 0x0000000712600000|100%| E|CS|TAMS 0x0000000712400000, 0x0000000712400000| Complete 
| 147|0x0000000712600000, 0x0000000712800000, 0x0000000712800000|100%| E|CS|TAMS 0x0000000712600000, 0x0000000712600000| Complete 
| 148|0x0000000712800000, 0x0000000712a00000, 0x0000000712a00000|100%| E|CS|TAMS 0x0000000712800000, 0x0000000712800000| Complete 
| 149|0x0000000712a00000, 0x0000000712c00000, 0x0000000712c00000|100%| E|CS|TAMS 0x0000000712a00000, 0x0000000712a00000| Complete 
| 150|0x0000000712c00000, 0x0000000712e00000, 0x0000000712e00000|100%| E|CS|TAMS 0x0000000712c00000, 0x0000000712c00000| Complete 
| 151|0x0000000712e00000, 0x0000000713000000, 0x0000000713000000|100%| E|CS|TAMS 0x0000000712e00000, 0x0000000712e00000| Complete 
| 152|0x0000000713000000, 0x0000000713200000, 0x0000000713200000|100%| E|CS|TAMS 0x0000000713000000, 0x0000000713000000| Complete 
| 153|0x0000000713200000, 0x0000000713400000, 0x0000000713400000|100%| E|CS|TAMS 0x0000000713200000, 0x0000000713200000| Complete 
| 154|0x0000000713400000, 0x0000000713600000, 0x0000000713600000|100%| E|CS|TAMS 0x0000000713400000, 0x0000000713400000| Complete 
| 155|0x0000000713600000, 0x0000000713800000, 0x0000000713800000|100%| E|CS|TAMS 0x0000000713600000, 0x0000000713600000| Complete 
| 156|0x0000000713800000, 0x0000000713a00000, 0x0000000713a00000|100%| E|CS|TAMS 0x0000000713800000, 0x0000000713800000| Complete 
| 157|0x0000000713a00000, 0x0000000713c00000, 0x0000000713c00000|100%| E|CS|TAMS 0x0000000713a00000, 0x0000000713a00000| Complete 
| 158|0x0000000713c00000, 0x0000000713e00000, 0x0000000713e00000|100%| E|CS|TAMS 0x0000000713c00000, 0x0000000713c00000| Complete 
| 159|0x0000000713e00000, 0x0000000714000000, 0x0000000714000000|100%| E|CS|TAMS 0x0000000713e00000, 0x0000000713e00000| Complete 
| 160|0x0000000714000000, 0x0000000714200000, 0x0000000714200000|100%| E|CS|TAMS 0x0000000714000000, 0x0000000714000000| Complete 
| 161|0x0000000714200000, 0x0000000714400000, 0x0000000714400000|100%| E|CS|TAMS 0x0000000714200000, 0x0000000714200000| Complete 
| 162|0x0000000714400000, 0x0000000714600000, 0x0000000714600000|100%| E|CS|TAMS 0x0000000714400000, 0x0000000714400000| Complete 
| 163|0x0000000714600000, 0x0000000714800000, 0x0000000714800000|100%| E|CS|TAMS 0x0000000714600000, 0x0000000714600000| Complete 
| 164|0x0000000714800000, 0x0000000714a00000, 0x0000000714a00000|100%| E|CS|TAMS 0x0000000714800000, 0x0000000714800000| Complete 
| 165|0x0000000714a00000, 0x0000000714c00000, 0x0000000714c00000|100%| E|CS|TAMS 0x0000000714a00000, 0x0000000714a00000| Complete 
| 166|0x0000000714c00000, 0x0000000714e00000, 0x0000000714e00000|100%| E|CS|TAMS 0x0000000714c00000, 0x0000000714c00000| Complete 
| 167|0x0000000714e00000, 0x0000000715000000, 0x0000000715000000|100%| E|CS|TAMS 0x0000000714e00000, 0x0000000714e00000| Complete 
| 168|0x0000000715000000, 0x0000000715200000, 0x0000000715200000|100%| E|CS|TAMS 0x0000000715000000, 0x0000000715000000| Complete 
| 169|0x0000000715200000, 0x0000000715400000, 0x0000000715400000|100%| E|CS|TAMS 0x0000000715200000, 0x0000000715200000| Complete 
| 170|0x0000000715400000, 0x0000000715600000, 0x0000000715600000|100%| E|CS|TAMS 0x0000000715400000, 0x0000000715400000| Complete 
| 171|0x0000000715600000, 0x0000000715800000, 0x0000000715800000|100%| E|CS|TAMS 0x0000000715600000, 0x0000000715600000| Complete 
| 172|0x0000000715800000, 0x0000000715a00000, 0x0000000715a00000|100%| E|CS|TAMS 0x0000000715800000, 0x0000000715800000| Complete 
| 173|0x0000000715a00000, 0x0000000715c00000, 0x0000000715c00000|100%| E|CS|TAMS 0x0000000715a00000, 0x0000000715a00000| Complete 
|2044|0x00000007ff800000, 0x00000007ffa00000, 0x00000007ffa00000|100%| O|  |TAMS 0x00000007ffa00000, 0x00000007ff800000| Untracked 
|2045|0x00000007ffa00000, 0x00000007ffc00000, 0x00000007ffc00000|100%| O|  |TAMS 0x00000007ffc00000, 0x00000007ffa00000| Untracked 
|2046|0x00000007ffc00000, 0x00000007ffe00000, 0x00000007ffe00000|100%| O|  |TAMS 0x00000007ffe00000, 0x00000007ffc00000| Untracked 
|2047|0x00000007ffe00000, 0x0000000800000000, 0x0000000800000000|100%| O|  |TAMS 0x0000000800000000, 0x00000007ffe00000| Untracked 

Card table byte_map: [0x000000011785b000,0x000000011805b000] _byte_map_base: 0x000000011405b000

Marking Bits (Prev, Next): (CMBitMap*) 0x00007fdba0808210, (CMBitMap*) 0x00007fdba0808250
 Prev Bits: [0x000000012b164000, 0x000000012f164000)
 Next Bits: [0x000000012f164000, 0x0000000133164000)

Polling page: 0x000000010dbb3000

Metaspace:

Usage:
  Non-class:     31.83 MB used.
      Class:      4.24 MB used.
       Both:     36.07 MB used.

Virtual space:
  Non-class space:       64.00 MB reserved,      32.38 MB ( 51%) committed,  1 nodes.
      Class space:        1.00 GB reserved,       4.62 MB ( <1%) committed,  1 nodes.
             Both:        1.06 GB reserved,      37.00 MB (  3%) committed. 

Chunk freelists:
   Non-Class:  15.66 MB
       Class:  11.35 MB
        Both:  27.00 MB

MaxMetaspaceSize: unlimited
CompressedClassSpaceSize: 1.00 GB
Initial GC threshold: 21.00 MB
Current GC threshold: 44.31 MB
CDS: off
MetaspaceReclaimPolicy: balanced
 - commit_granule_bytes: 65536.
 - commit_granule_words: 8192.
 - virtual_space_node_default_size: 8388608.
 - enlarge_chunks_in_place: 1.
 - new_chunks_are_fully_committed: 0.
 - uncommit_free_chunks: 1.
 - use_allocation_guard: 0.
 - handle_deallocations: 1.


Internal statistics:

num_allocs_failed_limit: 3.
num_arena_births: 1344.
num_arena_deaths: 0.
num_vsnodes_births: 2.
num_vsnodes_deaths: 0.
num_space_committed: 592.
num_space_uncommitted: 0.
num_chunks_returned_to_freelist: 3.
num_chunks_taken_from_freelist: 2325.
num_chunk_merges: 0.
num_chunk_splits: 1510.
num_chunks_enlarged: 971.
num_inconsistent_stats: 0.

CodeHeap 'non-profiled nmethods': size=120032Kb used=1805Kb max_used=2220Kb free=118226Kb
 bounds [0x0000000123c2c000, 0x0000000123e9c000, 0x000000012b164000]
CodeHeap 'profiled nmethods': size=120028Kb used=8616Kb max_used=8616Kb free=111411Kb
 bounds [0x000000011c164000, 0x000000011ca24000, 0x000000012369b000]
CodeHeap 'non-nmethods': size=5700Kb used=1294Kb max_used=1410Kb free=4406Kb
 bounds [0x000000012369b000, 0x000000012390b000, 0x0000000123c2c000]
 total_blobs=5517 nmethods=4893 adapters=537
 compilation: enabled
              stopped_count=0, restarted_count=0
 full_count=0

Compilation events (20 events):
Event: 17.486 Thread 0x00007fdb9e899e00 5953       3       net.minecraftforge.fml.loading.moddiscovery.ModClassVisitor$$Lambda$837/0x0000000800447a48::test (8 bytes)
Event: 17.487 Thread 0x00007fdb9e899e00 nmethod 5953 0x000000011c219090 code [0x000000011c219280, 0x000000011c2197d0]
Event: 17.487 Thread 0x00007fdb9e899e00 5954       3       net.minecraftforge.fml.loading.moddiscovery.ModClassVisitor$$Lambda$838/0x000000080044c408::apply (12 bytes)
Event: 17.487 Thread 0x00007fdb9e899e00 nmethod 5954 0x000000011c2f5590 code [0x000000011c2f5740, 0x000000011c2f59e0]
Event: 17.487 Thread 0x00007fdb9e899e00 5955       3       net.minecraftforge.fml.loading.moddiscovery.ModAnnotation::fromModAnnotation (25 bytes)
Event: 17.487 Thread 0x00007fdb9e899e00 nmethod 5955 0x000000011c218890 code [0x000000011c218a60, 0x000000011c218ef0]
Event: 17.488 Thread 0x00007fdb9e899e00 5956       3       net.minecraftforge.forgespi.language.ModFileScanData$AnnotationData::hashCode (7 bytes)
Event: 17.490 Thread 0x00007fdb9e899e00 nmethod 5956 0x000000011c433b90 code [0x000000011c433ee0, 0x000000011c4354b0]
Event: 17.507 Thread 0x00007fdb9e899e00 5958 %     3       org.objectweb.asm.ClassReader::readUtf @ 18 (161 bytes)
Event: 17.508 Thread 0x00007fdb9e899e00 nmethod 5958% 0x000000011c217f90 code [0x000000011c218160, 0x000000011c218620]
Event: 17.508 Thread 0x00007fdb9e899e00 5959       3       org.objectweb.asm.ClassReader::readUtf (161 bytes)
Event: 17.509 Thread 0x00007fdb9e899e00 nmethod 5959 0x000000011c217510 code [0x000000011c2176e0, 0x000000011c217b40]
Event: 17.605 Thread 0x00007fdb9e899e00 5961       3       org.objectweb.asm.AnnotationVisitor::<init> (79 bytes)
Event: 17.606 Thread 0x00007fdb9e899e00 nmethod 5961 0x000000011c432f10 code [0x000000011c433140, 0x000000011c4338d0]
Event: 17.662 Thread 0x00007fdb9e899e00 5964       3       org.objectweb.asm.MethodVisitor::visitIincInsn (17 bytes)
Event: 17.663 Thread 0x00007fdb9e899e00 nmethod 5964 0x000000011c432a90 code [0x000000011c432c40, 0x000000011c432e40]
Event: 17.684 Thread 0x00007fdba00a2400 nmethod 5894 0x0000000123dd6a10 code [0x0000000123dd71e0, 0x0000000123de0648]
Event: 17.685 Thread 0x00007fdba00a2400 5960       4       org.objectweb.asm.ClassReader::readUtf (161 bytes)
Event: 17.711 Thread 0x00007fdba00a2400 nmethod 5960 0x0000000123c93290 code [0x0000000123c93440, 0x0000000123c93c58]
Event: 17.711 Thread 0x00007fdba00a2400 5944       4       cpw.mods.niofs.union.UnionFileSystem::testFilter (147 bytes)

GC Heap History (20 events):
Event: 11.499 GC heap before
{Heap before GC invocations=5 (full 0):
 garbage-first heap   total 262144K, used 152259K [0x0000000700000000, 0x0000000800000000)
  region size 2048K, 67 young (137216K), 8 survivors (16384K)
 Metaspace       used 21219K, committed 21504K, reserved 1114112K
  class space    used 2211K, committed 2368K, reserved 1048576K
}
Event: 11.515 GC heap after
{Heap after GC invocations=6 (full 0):
 garbage-first heap   total 262144K, used 38863K [0x0000000700000000, 0x0000000800000000)
  region size 2048K, 6 young (12288K), 6 survivors (12288K)
 Metaspace       used 21219K, committed 21504K, reserved 1114112K
  class space    used 2211K, committed 2368K, reserved 1048576K
}
Event: 12.645 GC heap before
{Heap before GC invocations=7 (full 0):
 garbage-first heap   total 143360K, used 116687K [0x0000000700000000, 0x0000000800000000)
  region size 2048K, 42 young (86016K), 6 survivors (12288K)
 Metaspace       used 25978K, committed 26240K, reserved 1114112K
  class space    used 2902K, committed 3008K, reserved 1048576K
}
Event: 12.692 GC heap after
{Heap after GC invocations=8 (full 0):
 garbage-first heap   total 151552K, used 62602K [0x0000000700000000, 0x0000000800000000)
  region size 2048K, 6 young (12288K), 6 survivors (12288K)
 Metaspace       used 25978K, committed 26240K, reserved 1114112K
  class space    used 2902K, committed 3008K, reserved 1048576K
}
Event: 12.719 GC heap before
{Heap before GC invocations=8 (full 0):
 garbage-first heap   total 151552K, used 78986K [0x0000000700000000, 0x0000000800000000)
  region size 2048K, 7 young (14336K), 6 survivors (12288K)
 Metaspace       used 25980K, committed 26240K, reserved 1114112K
  class space    used 2902K, committed 3008K, reserved 1048576K
}
Event: 12.731 GC heap after
{Heap after GC invocations=9 (full 0):
 garbage-first heap   total 151552K, used 74482K [0x0000000700000000, 0x0000000800000000)
  region size 2048K, 1 young (2048K), 1 survivors (2048K)
 Metaspace       used 25980K, committed 26240K, reserved 1114112K
  class space    used 2902K, committed 3008K, reserved 1048576K
}
Event: 13.017 GC heap before
{Heap before GC invocations=9 (full 0):
 garbage-first heap   total 151552K, used 101106K [0x0000000700000000, 0x0000000800000000)
  region size 2048K, 15 young (30720K), 1 survivors (2048K)
 Metaspace       used 26798K, committed 27136K, reserved 1114112K
  class space    used 3007K, committed 3200K, reserved 1048576K
}
Event: 13.026 GC heap after
{Heap after GC invocations=10 (full 0):
 garbage-first heap   total 151552K, used 73856K [0x0000000700000000, 0x0000000800000000)
  region size 2048K, 3 young (6144K), 3 survivors (6144K)
 Metaspace       used 26798K, committed 27136K, reserved 1114112K
  class space    used 3007K, committed 3200K, reserved 1048576K
}
Event: 13.863 GC heap before
{Heap before GC invocations=11 (full 0):
 garbage-first heap   total 151552K, used 110720K [0x0000000700000000, 0x0000000800000000)
  region size 2048K, 22 young (45056K), 3 survivors (6144K)
 Metaspace       used 30774K, committed 31296K, reserved 1114112K
  class space    used 3540K, committed 3776K, reserved 1048576K
}
Event: 13.875 GC heap after
{Heap after GC invocations=12 (full 0):
 garbage-first heap   total 151552K, used 73728K [0x0000000700000000, 0x0000000800000000)
  region size 2048K, 3 young (6144K), 3 survivors (6144K)
 Metaspace       used 30774K, committed 31296K, reserved 1114112K
  class space    used 3540K, committed 3776K, reserved 1048576K
}
Event: 14.424 GC heap before
{Heap before GC invocations=12 (full 0):
 garbage-first heap   total 151552K, used 112640K [0x0000000700000000, 0x0000000800000000)
  region size 2048K, 22 young (45056K), 3 survivors (6144K)
 Metaspace       used 32994K, committed 33664K, reserved 1114112K
  class space    used 3858K, committed 4160K, reserved 1048576K
}
Event: 14.443 GC heap after
{Heap after GC invocations=13 (full 0):
 garbage-first heap   total 303104K, used 82774K [0x0000000700000000, 0x0000000800000000)
  region size 2048K, 3 young (6144K), 3 survivors (6144K)
 Metaspace       used 32994K, committed 33664K, reserved 1114112K
  class space    used 3858K, committed 4160K, reserved 1048576K
}
Event: 15.354 GC heap before
{Heap before GC invocations=13 (full 0):
 garbage-first heap   total 303104K, used 187222K [0x0000000700000000, 0x0000000800000000)
  region size 2048K, 54 young (110592K), 3 survivors (6144K)
 Metaspace       used 36292K, committed 37120K, reserved 1114112K
  class space    used 4233K, committed 4608K, reserved 1048576K
}
Event: 15.368 GC heap after
{Heap after GC invocations=14 (full 0):
 garbage-first heap   total 303104K, used 85937K [0x0000000700000000, 0x0000000800000000)
  region size 2048K, 5 young (10240K), 5 survivors (10240K)
 Metaspace       used 36292K, committed 37120K, reserved 1114112K
  class space    used 4233K, committed 4608K, reserved 1048576K
}
Event: 16.087 GC heap before
{Heap before GC invocations=14 (full 0):
 garbage-first heap   total 303104K, used 196529K [0x0000000700000000, 0x0000000800000000)
  region size 2048K, 59 young (120832K), 5 survivors (10240K)
 Metaspace       used 36899K, committed 37824K, reserved 1114112K
  class space    used 4334K, committed 4736K, reserved 1048576K
}
Event: 16.100 GC heap after
{Heap after GC invocations=15 (full 0):
 garbage-first heap   total 303104K, used 87892K [0x0000000700000000, 0x0000000800000000)
  region size 2048K, 3 young (6144K), 3 survivors (6144K)
 Metaspace       used 36899K, committed 37824K, reserved 1114112K
  class space    used 4334K, committed 4736K, reserved 1048576K
}
Event: 16.488 GC heap before
{Heap before GC invocations=15 (full 0):
 garbage-first heap   total 303104K, used 206676K [0x0000000700000000, 0x0000000800000000)
  region size 2048K, 61 young (124928K), 3 survivors (6144K)
 Metaspace       used 36911K, committed 37824K, reserved 1114112K
  class space    used 4336K, committed 4736K, reserved 1048576K
}
Event: 16.495 GC heap after
{Heap after GC invocations=16 (full 0):
 garbage-first heap   total 303104K, used 87975K [0x0000000700000000, 0x0000000800000000)
  region size 2048K, 3 young (6144K), 3 survivors (6144K)
 Metaspace       used 36911K, committed 37824K, reserved 1114112K
  class space    used 4336K, committed 4736K, reserved 1048576K
}
Event: 17.224 GC heap before
{Heap before GC invocations=16 (full 0):
 garbage-first heap   total 303104K, used 214951K [0x0000000700000000, 0x0000000800000000)
  region size 2048K, 65 young (133120K), 3 survivors (6144K)
 Metaspace       used 36932K, committed 37888K, reserved 1114112K
  class space    used 4336K, committed 4736K, reserved 1048576K
}
Event: 17.233 GC heap after
{Heap after GC invocations=17 (full 0):
 garbage-first heap   total 364544K, used 88539K [0x0000000700000000, 0x0000000800000000)
  region size 2048K, 4 young (8192K), 4 survivors (8192K)
 Metaspace       used 36932K, committed 37888K, reserved 1114112K
  class space    used 4336K, committed 4736K, reserved 1048576K
}

Dll operation events (8 events):
Event: 0.030 Loaded shared library /Library/Java/JavaVirtualMachines/temurin-17.jdk/Contents/Home/lib/libjava.dylib
Event: 0.264 Loaded shared library /Library/Java/JavaVirtualMachines/temurin-17.jdk/Contents/Home/lib/libnio.dylib
Event: 0.560 Loaded shared library /Library/Java/JavaVirtualMachines/temurin-17.jdk/Contents/Home/lib/libzip.dylib
Event: 1.600 Loaded shared library /Library/Java/JavaVirtualMachines/temurin-17.jdk/Contents/Home/lib/libnet.dylib
Event: 1.779 Loaded shared library /Library/Java/JavaVirtualMachines/temurin-17.jdk/Contents/Home/lib/libjimage.dylib
Event: 2.738 Loaded shared library /Library/Java/JavaVirtualMachines/temurin-17.jdk/Contents/Home/lib/libverify.dylib
Event: 10.698 Loaded shared library /Library/Java/JavaVirtualMachines/temurin-17.jdk/Contents/Home/lib/libmanagement.dylib
Event: 10.701 Loaded shared library /Library/Java/JavaVirtualMachines/temurin-17.jdk/Contents/Home/lib/libmanagement_ext.dylib

Deoptimization events (20 events):
Event: 16.453 Thread 0x00007fdba0808a00 DEOPT PACKING pc=0x0000000123ce4a84 sp=0x0000700002ef7cf0
Event: 16.453 Thread 0x00007fdba0808a00 DEOPT UNPACKING pc=0x00000001236f1699 sp=0x0000700002ef7a80 mode 2
Event: 16.462 Thread 0x00007fdba0808a00 Uncommon trap: trap_request=0xffffffde fr.pc=0x0000000123ce4a84 relative=0x0000000000008664
Event: 16.462 Thread 0x00007fdba0808a00 Uncommon trap: reason=class_check action=maybe_recompile pc=0x0000000123ce4a84 method=cpw.mods.niofs.union.UnionFileSystem.newDirStream(Lcpw/mods/niofs/union/UnionPath;Ljava/nio/file/DirectoryStream$Filter;)Ljava/nio/file/DirectoryStream; @ 36 c2
Event: 16.462 Thread 0x00007fdba0808a00 DEOPT PACKING pc=0x0000000123ce4a84 sp=0x0000700002ef7cf0
Event: 16.462 Thread 0x00007fdba0808a00 DEOPT UNPACKING pc=0x00000001236f1699 sp=0x0000700002ef7a80 mode 2
Event: 16.465 Thread 0x00007fdba0808a00 Uncommon trap: trap_request=0xffffffde fr.pc=0x0000000123ce4a84 relative=0x0000000000008664
Event: 16.465 Thread 0x00007fdba0808a00 Uncommon trap: reason=class_check action=maybe_recompile pc=0x0000000123ce4a84 method=cpw.mods.niofs.union.UnionFileSystem.newDirStream(Lcpw/mods/niofs/union/UnionPath;Ljava/nio/file/DirectoryStream$Filter;)Ljava/nio/file/DirectoryStream; @ 36 c2
Event: 16.465 Thread 0x00007fdba0808a00 DEOPT PACKING pc=0x0000000123ce4a84 sp=0x0000700002ef7cf0
Event: 16.465 Thread 0x00007fdba0808a00 DEOPT UNPACKING pc=0x00000001236f1699 sp=0x0000700002ef7a80 mode 2
Event: 16.466 Thread 0x00007fdba0808a00 Uncommon trap: trap_request=0xffffffde fr.pc=0x0000000123ce4a84 relative=0x0000000000008664
Event: 16.466 Thread 0x00007fdba0808a00 Uncommon trap: reason=class_check action=maybe_recompile pc=0x0000000123ce4a84 method=cpw.mods.niofs.union.UnionFileSystem.newDirStream(Lcpw/mods/niofs/union/UnionPath;Ljava/nio/file/DirectoryStream$Filter;)Ljava/nio/file/DirectoryStream; @ 36 c2
Event: 16.466 Thread 0x00007fdba0808a00 DEOPT PACKING pc=0x0000000123ce4a84 sp=0x0000700002ef7cf0
Event: 16.466 Thread 0x00007fdba0808a00 DEOPT UNPACKING pc=0x00000001236f1699 sp=0x0000700002ef7a80 mode 2
Event: 16.582 Thread 0x00007fdba0808a00 DEOPT PACKING pc=0x000000011c2ee836 sp=0x0000700002ef7660
Event: 16.582 Thread 0x00007fdba0808a00 DEOPT UNPACKING pc=0x00000001236f1e2f sp=0x0000700002ef6b98 mode 0
Event: 17.506 Thread 0x00007fdba00a0200 Uncommon trap: trap_request=0xffffff45 fr.pc=0x0000000123e1d624 relative=0x0000000000000564
Event: 17.506 Thread 0x00007fdba00a0200 Uncommon trap: reason=unstable_if action=reinterpret pc=0x0000000123e1d624 method=org.objectweb.asm.ClassReader.readUtf(II[C)Ljava/lang/String; @ 41 c2
Event: 17.506 Thread 0x00007fdba00a0200 DEOPT PACKING pc=0x0000000123e1d624 sp=0x000070000463f810
Event: 17.506 Thread 0x00007fdba00a0200 DEOPT UNPACKING pc=0x00000001236f1699 sp=0x000070000463f7b8 mode 2

Classes unloaded (0 events):
No events

Classes redefined (0 events):
No events

Internal exceptions (20 events):
Event: 15.311 Thread 0x00007fdba0808a00 Exception <a 'java/lang/NoSuchMethodError'{0x000000070bc2ca30}: 'java.lang.Object java.lang.invoke.DirectMethodHandle$Holder.invokeStatic(java.lang.Object, java.lang.Object, int, java.lang.Object, java.lang.Object)'> (0x000000070bc2ca30) 
thrown [src/hotspot/share/interpreter/linkResolver.cpp, line 759]
Event: 15.312 Thread 0x00007fdba0808a00 Exception <a 'java/lang/NoSuchMethodError'{0x000000070bc30980}: 'java.lang.Object java.lang.invoke.DirectMethodHandle$Holder.invokeSpecial(java.lang.Object, java.lang.Object, java.lang.Object, int, java.lang.Object, java.lang.Object)'> (0x000000070bc30980) 
thrown [src/hotspot/share/interpreter/linkResolver.cpp, line 759]
Event: 15.312 Thread 0x00007fdba0808a00 Exception <a 'java/lang/NoSuchMethodError'{0x000000070bc347d8}: 'java.lang.Object java.lang.invoke.DelegatingMethodHandle$Holder.reinvoke_L(java.lang.Object, java.lang.Object, int, java.lang.Object, java.lang.Object)'> (0x000000070bc347d8) 
thrown [src/hotspot/share/interpreter/linkResolver.cpp, line 759]
Event: 15.327 Thread 0x00007fdba0808a00 Exception <a 'java/lang/NoSuchMethodError'{0x000000070bc79278}: 'java.lang.Class sun.misc.Unsafe.defineAnonymousClass(java.lang.Class, byte[], java.lang.Object[])'> (0x000000070bc79278) 
thrown [src/hotspot/share/interpreter/linkResolver.cpp, line 759]
Event: 15.424 Thread 0x00007fdba0808a00 Exception <a 'java/lang/NoSuchMethodError'{0x0000000711ecd300}: 'java.lang.Object java.lang.invoke.Invokers$Holder.linkToCallSite(java.lang.Object, java.lang.Object, java.lang.Object, java.lang.Object, java.lang.Object, java.lang.Object, java.lang.Object)'> (0x0000000711ecd300) 
thrown [src/hotspot/share/interpreter/linkResolver.cpp, line 759]
Event: 15.474 Thread 0x00007fdba0808a00 Exception <a 'java/lang/NoSuchMethodError'{0x000000071182c4e0}: 'long java.lang.invoke.DelegatingMethodHandle$Holder.reinvoke_L(java.lang.Object, java.lang.Object)'> (0x000000071182c4e0) 
thrown [src/hotspot/share/interpreter/linkResolver.cpp, line 759]
Event: 15.480 Thread 0x00007fdba0808a00 Exception <a 'java/lang/NoSuchMethodError'{0x00000007118505b8}: 'int java.lang.invoke.DirectMethodHandle$Holder.invokeSpecial(java.lang.Object, java.lang.Object, java.lang.Object, java.lang.Object, java.lang.Object, java.lang.Object, java.lang.Object, java.lang.Object)'> (0x00000007118505b8) 
thrown [src/hotspot/share/interpreter/linkResolver.cpp, line 759]
Event: 15.527 Thread 0x00007fdba0808a00 Implicit null exception at 0x0000000123cd7268 to 0x0000000123cd73ac
Event: 15.549 Thread 0x00007fdba0808a00 Exception <a 'java/lang/NoSuchMethodError'{0x0000000711592d50}: 'int java.lang.invoke.DelegatingMethodHandle$Holder.reinvoke_L(java.lang.Object)'> (0x0000000711592d50) 
thrown [src/hotspot/share/interpreter/linkResolver.cpp, line 759]
Event: 15.587 Thread 0x00007fdba0808a00 Exception <a 'java/lang/NoSuchMethodError'{0x0000000710e77e60}: 'void java.lang.invoke.DirectMethodHandle$Holder.invokeSpecial(java.lang.Object, java.lang.Object, int, int)'> (0x0000000710e77e60) 
thrown [src/hotspot/share/interpreter/linkResolver.cpp, line 759]
Event: 15.588 Thread 0x00007fdba0808a00 Exception <a 'java/lang/NoSuchMethodError'{0x0000000710e7ed00}: 'double java.lang.invoke.DirectMethodHandle$Holder.invokeSpecial(java.lang.Object, java.lang.Object, java.lang.Object, int)'> (0x0000000710e7ed00) 
thrown [src/hotspot/share/interpreter/linkResolver.cpp, line 759]
Event: 15.589 Thread 0x00007fdba0808a00 Exception <a 'java/lang/NoSuchMethodError'{0x0000000710e82630}: 'double java.lang.invoke.DelegatingMethodHandle$Holder.reinvoke_L(java.lang.Object, java.lang.Object, int)'> (0x0000000710e82630) 
thrown [src/hotspot/share/interpreter/linkResolver.cpp, line 759]
Event: 15.590 Thread 0x00007fdba0808a00 Exception <a 'java/lang/NoSuchMethodError'{0x0000000710e8c868}: 'double java.lang.invoke.Invokers$Holder.exactInvoker(java.lang.Object, java.lang.Object, java.lang.Object)'> (0x0000000710e8c868) 
thrown [src/hotspot/share/interpreter/linkResolver.cpp, line 759]
Event: 15.590 Thread 0x00007fdba0808a00 Exception <a 'java/lang/NoSuchMethodError'{0x0000000710e93ef8}: 'double java.lang.invoke.Invokers$Holder.linkToCallSite(java.lang.Object, java.lang.Object)'> (0x0000000710e93ef8) 
thrown [src/hotspot/share/interpreter/linkResolver.cpp, line 759]
Event: 15.593 Thread 0x00007fdba0808a00 Exception <a 'java/lang/NoSuchMethodError'{0x0000000710ea8688}: 'java.lang.Object java.lang.invoke.Invokers$Holder.exactInvoker(java.lang.Object, java.lang.Object, java.lang.Object, double)'> (0x0000000710ea8688) 
thrown [src/hotspot/share/interpreter/linkResolver.cpp, line 759]
Event: 15.594 Thread 0x00007fdba0808a00 Exception <a 'java/lang/NoSuchMethodError'{0x0000000710eacb68}: 'java.lang.Object java.lang.invoke.DirectMethodHandle$Holder.invokeSpecial(java.lang.Object, java.lang.Object, java.lang.Object, java.lang.Object, double)'> (0x0000000710eacb68) 
thrown [src/hotspot/share/interpreter/linkResolver.cpp, line 759]
Event: 15.598 Thread 0x00007fdba0808a00 Exception <a 'java/lang/NoSuchMethodError'{0x0000000710ed03e0}: 'java.lang.Object java.lang.invoke.DirectMethodHandle$Holder.invokeVirtual(java.lang.Object, java.lang.Object, double)'> (0x0000000710ed03e0) 
thrown [src/hotspot/share/interpreter/linkResolver.cpp, line 759]
Event: 15.600 Thread 0x00007fdba0808a00 Exception <a 'java/lang/NoSuchMethodError'{0x0000000710edf320}: 'int java.lang.invoke.DirectMethodHandle$Holder.invokeSpecial(java.lang.Object, java.lang.Object, java.lang.Object, double)'> (0x0000000710edf320) 
thrown [src/hotspot/share/interpreter/linkResolver.cpp, line 759]
Event: 15.620 Thread 0x00007fdba0808a00 Exception <a 'java/lang/NoSuchMethodError'{0x0000000710a67730}: 'double java.lang.invoke.DelegatingMethodHandle$Holder.reinvoke_L(java.lang.Object, java.lang.Object, java.lang.Object)'> (0x0000000710a67730) 
thrown [src/hotspot/share/interpreter/linkResolver.cpp, line 759]
Event: 15.643 Thread 0x00007fdba0808a00 Exception <a 'java/lang/NoSuchMethodError'{0x0000000710ac5ed8}: 'java.lang.Object java.lang.invoke.Invokers$Holder.invokeExact_MT(java.lang.Object, java.lang.Object, java.lang.Object, java.lang.Object, java.lang.Object)'> (0x0000000710ac5ed8) 
thrown [src/hotspot/share/interpreter/linkResolver.cpp, line 759]

VM Operations (20 events):
Event: 14.659 Executing VM operation: HandshakeAllThreads
Event: 14.659 Executing VM operation: HandshakeAllThreads done
Event: 14.978 Executing VM operation: HandshakeAllThreads
Event: 14.978 Executing VM operation: HandshakeAllThreads done
Event: 14.986 Executing VM operation: HandshakeAllThreads
Event: 14.986 Executing VM operation: HandshakeAllThreads done
Event: 15.021 Executing VM operation: HandshakeAllThreads
Event: 15.021 Executing VM operation: HandshakeAllThreads done
Event: 15.031 Executing VM operation: ICBufferFull
Event: 15.036 Executing VM operation: ICBufferFull done
Event: 15.354 Executing VM operation: G1CollectForAllocation
Event: 15.370 Executing VM operation: G1CollectForAllocation done
Event: 15.711 Executing VM operation: HandshakeAllThreads
Event: 15.711 Executing VM operation: HandshakeAllThreads done
Event: 16.086 Executing VM operation: G1CollectForAllocation
Event: 16.100 Executing VM operation: G1CollectForAllocation done
Event: 16.488 Executing VM operation: G1CollectForAllocation
Event: 16.495 Executing VM operation: G1CollectForAllocation done
Event: 17.224 Executing VM operation: G1CollectForAllocation
Event: 17.233 Executing VM operation: G1CollectForAllocation done

Events (20 events):
Event: 15.266 loading class java/lang/Class$2
Event: 15.266 loading class java/lang/Class$2 done
Event: 15.337 loading class java/lang/invoke/BoundMethodHandle$Species_LLILLL
Event: 15.337 loading class java/lang/invoke/BoundMethodHandle$Species_LLILLL done
Event: 15.548 loading class java/lang/invoke/DirectMethodHandle$StaticAccessor
Event: 15.549 loading class java/lang/invoke/DirectMethodHandle$StaticAccessor done
Event: 15.595 loading class java/lang/invoke/BoundMethodHandle$Species_LLLILL
Event: 15.595 loading class java/lang/invoke/BoundMethodHandle$Species_LLLILL done
Event: 15.654 loading class java/lang/invoke/BoundMethodHandle$Species_LLLLLLLLLL
Event: 15.654 loading class java/lang/invoke/BoundMethodHandle$Species_LLLLLLLLLL done
Event: 15.656 loading class java/lang/invoke/BoundMethodHandle$Species_LLLLLLLLLLL
Event: 15.656 loading class java/lang/invoke/BoundMethodHandle$Species_LLLLLLLLLLL done
Event: 15.709 loading class java/util/concurrent/locks/ReentrantReadWriteLock$Sync$HoldCounter
Event: 15.709 loading class java/util/concurrent/locks/ReentrantReadWriteLock$Sync$HoldCounter done
Event: 15.711 loading class java/util/concurrent/locks/AbstractQueuedSynchronizer$ExclusiveNode
Event: 15.711 loading class java/util/concurrent/locks/AbstractQueuedSynchronizer$ExclusiveNode done
Event: 15.745 loading class java/util/concurrent/locks/AbstractQueuedSynchronizer$SharedNode
Event: 15.746 loading class java/util/concurrent/locks/AbstractQueuedSynchronizer$SharedNode done
Event: 16.391 loading class java/nio/file/Path$1
Event: 16.391 loading class java/nio/file/Path$1 done


Dynamic libraries:
0x000000010dbba000 	/Library/Java/JavaVirtualMachines/temurin-17.jdk/Contents/Home/lib/libjli.dylib
0x00007ff81aaf2000 	/System/Library/Frameworks/Cocoa.framework/Versions/A/Cocoa
0x00007ff806744000 	/System/Library/Frameworks/AppKit.framework/Versions/C/AppKit
0x00007ff809c5b000 	/System/Library/Frameworks/CoreData.framework/Versions/A/CoreData
0x00007ff804b47000 	/System/Library/Frameworks/Foundation.framework/Versions/C/Foundation
0x00007ff80ea7e000 	/usr/lib/libSystem.B.dylib
0x00007ff8075d4000 	/System/Library/PrivateFrameworks/UIFoundation.framework/Versions/A/UIFoundation
0x00007ff8149f3000 	/System/Library/PrivateFrameworks/RemoteViewServices.framework/Versions/A/RemoteViewServices
0x00007ff80ccd2000 	/System/Library/PrivateFrameworks/XCTTargetBootstrap.framework/Versions/A/XCTTargetBootstrap
0x00007ff810889000 	/System/Library/PrivateFrameworks/InternationalSupport.framework/Versions/A/InternationalSupport
0x00007ff810913000 	/System/Library/PrivateFrameworks/UserActivity.framework/Versions/A/UserActivity
0x00007ff80fc65000 	/usr/lib/libspindump.dylib
0x00007ff807863000 	/System/Library/Frameworks/UniformTypeIdentifiers.framework/Versions/A/UniformTypeIdentifiers
0x00007ff80b3f6000 	/usr/lib/libapp_launch_measurement.dylib
0x00007ff80a62d000 	/System/Library/PrivateFrameworks/CoreAnalytics.framework/Versions/A/CoreAnalytics
0x00007ff80b3f9000 	/System/Library/PrivateFrameworks/CoreAutoLayout.framework/Versions/A/CoreAutoLayout
0x00007ff80c629000 	/System/Library/Frameworks/Metal.framework/Versions/A/Metal
0x00007ff80d358000 	/usr/lib/liblangid.dylib
0x00007ff80ccd7000 	/System/Library/PrivateFrameworks/CoreSVG.framework/Versions/A/CoreSVG
0x00007ff808c4f000 	/System/Library/PrivateFrameworks/SkyLight.framework/Versions/A/SkyLight
0x00007ff808fee000 	/System/Library/Frameworks/CoreGraphics.framework/Versions/A/CoreGraphics
0x00007ff8150b3000 	/System/Library/Frameworks/Accelerate.framework/Versions/A/Accelerate
0x00007ff80f6e4000 	/System/Library/PrivateFrameworks/IconServices.framework/Versions/A/IconServices
0x00007ff80c60e000 	/System/Library/Frameworks/IOSurface.framework/Versions/A/IOSurface
0x00007ff80a65b000 	/usr/lib/libDiagnosticMessagesClient.dylib
0x00007ff80e99e000 	/usr/lib/libz.1.dylib
0x00007ff818796000 	/System/Library/Frameworks/ApplicationServices.framework/Versions/A/ApplicationServices
0x00007ff80ccbe000 	/System/Library/PrivateFrameworks/DFRFoundation.framework/Versions/A/DFRFoundation
0x00007ff80602c000 	/usr/lib/libicucore.A.dylib
0x00007ff81167f000 	/System/Library/Frameworks/AudioToolbox.framework/Versions/A/AudioToolbox
0x00007ff810895000 	/System/Library/PrivateFrameworks/DataDetectorsCore.framework/Versions/A/DataDetectorsCore
0x00007ff90cd92000 	/System/Library/PrivateFrameworks/TextInput.framework/Versions/A/TextInput
0x00007ff808bd2000 	/usr/lib/libMobileGestalt.dylib
0x00007ff80c9ca000 	/System/Library/Frameworks/Carbon.framework/Versions/A/Frameworks/HIToolbox.framework/Versions/A/HIToolbox
0x00007ff80adf8000 	/System/Library/Frameworks/QuartzCore.framework/Versions/A/QuartzCore
0x00007ff805cd1000 	/System/Library/Frameworks/Security.framework/Versions/A/Security
0x00007ff814a2b000 	/System/Library/Frameworks/Carbon.framework/Versions/A/Frameworks/SpeechRecognition.framework/Versions/A/SpeechRecognition
0x00007ff80b156000 	/System/Library/PrivateFrameworks/CoreUI.framework/Versions/A/CoreUI
0x00007ff80559b000 	/System/Library/Frameworks/CoreAudio.framework/Versions/A/CoreAudio
0x00007ff80a74a000 	/System/Library/Frameworks/DiskArbitration.framework/Versions/A/DiskArbitration
0x00007ff810055000 	/System/Library/PrivateFrameworks/MultitouchSupport.framework/Versions/A/MultitouchSupport
0x00007ff808bd1000 	/usr/lib/libenergytrace.dylib
0x00007ff806630000 	/System/Library/Frameworks/IOKit.framework/Versions/A/IOKit
0x00007ff814e1b000 	/System/Library/Frameworks/CoreServices.framework/Versions/A/CoreServices
0x00007ff80b390000 	/System/Library/PrivateFrameworks/PerformanceAnalysis.framework/Versions/A/PerformanceAnalysis
0x00007ffa1ca71000 	/System/Library/Frameworks/OpenGL.framework/Versions/A/OpenGL
0x00007ff80dfba000 	/System/Library/PrivateFrameworks/MobileKeyBag.framework/Versions/A/MobileKeyBag
0x00007ff803b11000 	/usr/lib/libobjc.A.dylib
0x00007ff8096ba000 	/System/Library/Frameworks/ColorSync.framework/Versions/A/ColorSync
0x00007ff803ccb000 	/System/Library/Frameworks/CoreFoundation.framework/Versions/A/CoreFoundation
0x00007ff80cf4e000 	/System/Library/Frameworks/CoreImage.framework/Versions/A/CoreImage
0x00007ff8053af000 	/System/Library/Frameworks/CoreText.framework/Versions/A/CoreText
0x00007ff80cd07000 	/System/Library/Frameworks/ImageIO.framework/Versions/A/ImageIO
0x00007ff80ea84000 	/System/Library/PrivateFrameworks/SoftLinking.framework/Versions/A/SoftLinking
0x00007ff80b441000 	/usr/lib/libxml2.2.dylib
0x00007ff803bd7000 	/usr/lib/libc++.1.dylib
0x00007ff80ed08000 	/usr/lib/libcompression.dylib
0x00007ff8107bc000 	/System/Library/PrivateFrameworks/TextureIO.framework/Versions/A/TextureIO
0x00007ff80f3f6000 	/usr/lib/libate.dylib
0x00007ff80ea79000 	/usr/lib/system/libcache.dylib
0x00007ff80ea35000 	/usr/lib/system/libcommonCrypto.dylib
0x00007ff80ea5e000 	/usr/lib/system/libcompiler_rt.dylib
0x00007ff80ea54000 	/usr/lib/system/libcopyfile.dylib
0x00007ff803a0c000 	/usr/lib/system/libcorecrypto.dylib
0x00007ff803aca000 	/usr/lib/system/libdispatch.dylib
0x00007ff803c8a000 	/usr/lib/system/libdyld.dylib
0x00007ff80ea70000 	/usr/lib/system/libkeymgr.dylib
0x00007ff80ea13000 	/usr/lib/system/libmacho.dylib
0x00007ff80e094000 	/usr/lib/system/libquarantine.dylib
0x00007ff80ea6e000 	/usr/lib/system/libremovefile.dylib
0x00007ff808c1f000 	/usr/lib/system/libsystem_asl.dylib
0x00007ff8039b5000 	/usr/lib/system/libsystem_blocks.dylib
0x00007ff803b4e000 	/usr/lib/system/libsystem_c.dylib
0x00007ff80ea66000 	/usr/lib/system/libsystem_collections.dylib
0x00007ff80d348000 	/usr/lib/system/libsystem_configuration.dylib
0x00007ff80c5f1000 	/usr/lib/system/libsystem_containermanager.dylib
0x00007ff80e74b000 	/usr/lib/system/libsystem_coreservices.dylib
0x00007ff8062c0000 	/usr/lib/system/libsystem_darwin.dylib
0x00007ff80ea71000 	/usr/lib/system/libsystem_dnssd.dylib
0x00007ff803b4b000 	/usr/lib/system/libsystem_featureflags.dylib
0x00007ff803ca0000 	/usr/lib/system/libsystem_info.dylib
0x00007ff80e9b1000 	/usr/lib/system/libsystem_m.dylib
0x00007ff803a9e000 	/usr/lib/system/libsystem_malloc.dylib
0x00007ff808bba000 	/usr/lib/system/libsystem_networkextension.dylib
0x00007ff8066e6000 	/usr/lib/system/libsystem_notify.dylib
0x00007ff814cf0000 	/usr/lib/system/libsystem_product_info_filter.dylib
0x00007ff80d34c000 	/usr/lib/system/libsystem_sandbox.dylib
0x00007ff80ea6b000 	/usr/lib/system/libsystem_secinit.dylib
0x00007ff803c46000 	/usr/lib/system/libsystem_kernel.dylib
0x00007ff803c96000 	/usr/lib/system/libsystem_platform.dylib
0x00007ff803c7e000 	/usr/lib/system/libsystem_pthread.dylib
0x00007ff80a46d000 	/usr/lib/system/libsystem_symptoms.dylib
0x00007ff8039f3000 	/usr/lib/system/libsystem_trace.dylib
0x00007ff80ea41000 	/usr/lib/system/libunwind.dylib
0x00007ff8039b7000 	/usr/lib/system/libxpc.dylib
0x00007ff803c30000 	/usr/lib/libc++abi.dylib
0x00007ff80ea4c000 	/usr/lib/liboah.dylib
0x00007ff80f1d2000 	/usr/lib/liblzma.5.dylib
0x00007ff804859000 	/System/Library/Frameworks/SystemConfiguration.framework/Versions/A/SystemConfiguration
0x00007ff80ea80000 	/usr/lib/libfakelink.dylib
0x00007ff80872a000 	/System/Library/Frameworks/CFNetwork.framework/Versions/A/CFNetwork
0x00007ff80ebc1000 	/usr/lib/libarchive.2.dylib
0x00007ff80d354000 	/System/Library/PrivateFrameworks/AppleSystemInfo.framework/Versions/A/AppleSystemInfo
0x00007ff80e0bb000 	/usr/lib/libbsm.0.dylib
0x00007ff807d39000 	/usr/lib/libnetwork.dylib
0x00007ff80ea19000 	/usr/lib/system/libkxld.dylib
0x00007ff80dcee000 	/System/Library/PrivateFrameworks/IOMobileFramebuffer.framework/Versions/A/IOMobileFramebuffer
0x00007ffb1c448000 	/usr/lib/libCoreEntitlements.dylib
0x00007ff80e72d000 	/System/Library/PrivateFrameworks/AppleFSCompression.framework/Versions/A/AppleFSCompression
0x00007ff80e0a3000 	/usr/lib/libcoretls.dylib
0x00007ff80f1ec000 	/usr/lib/libcoretls_cfhelpers.dylib
0x00007ff80ed03000 	/usr/lib/libpam.2.dylib
0x00007ff80a08c000 	/usr/lib/libsqlite3.dylib
0x00007ff80f25b000 	/usr/lib/libxar.1.dylib
0x00007ff80e73d000 	/usr/lib/libbz2.1.0.dylib
0x00007ff80ea85000 	/usr/lib/libpcap.A.dylib
0x00007ff80a465000 	/usr/lib/libdns_services.dylib
0x00007ff80ecd3000 	/usr/lib/libapple_nghttp2.dylib
0x00007ff80eabf000 	/usr/lib/libiconv.2.dylib
0x00007ff80ea12000 	/usr/lib/libcharset.1.dylib
0x00007ff80b3c4000 	/System/Library/Frameworks/CoreServices.framework/Versions/A/Frameworks/FSEvents.framework/Versions/A/FSEvents
0x00007ff8062ca000 	/System/Library/Frameworks/CoreServices.framework/Versions/A/Frameworks/CarbonCore.framework/Versions/A/CarbonCore
0x00007ff80a6ae000 	/System/Library/Frameworks/CoreServices.framework/Versions/A/Frameworks/Metadata.framework/Versions/A/Metadata
0x00007ff80e750000 	/System/Library/Frameworks/CoreServices.framework/Versions/A/Frameworks/OSServices.framework/Versions/A/OSServices
0x00007ff80ec48000 	/System/Library/Frameworks/CoreServices.framework/Versions/A/Frameworks/SearchKit.framework/Versions/A/SearchKit
0x00007ff80a3f7000 	/System/Library/Frameworks/CoreServices.framework/Versions/A/Frameworks/AE.framework/Versions/A/AE
0x00007ff8041ce000 	/System/Library/Frameworks/CoreServices.framework/Versions/A/Frameworks/LaunchServices.framework/Versions/A/LaunchServices
0x00007ff80f183000 	/System/Library/Frameworks/CoreServices.framework/Versions/A/Frameworks/DictionaryServices.framework/Versions/A/DictionaryServices
0x00007ff80b3d1000 	/System/Library/Frameworks/CoreServices.framework/Versions/A/Frameworks/SharedFileList.framework/Versions/A/SharedFileList
0x00007ff80e097000 	/usr/lib/libCheckFix.dylib
0x00007ff808c36000 	/System/Library/PrivateFrameworks/TCC.framework/Versions/A/TCC
0x00007ff80d35a000 	/System/Library/PrivateFrameworks/CoreNLP.framework/Versions/A/CoreNLP
0x00007ff80a65e000 	/System/Library/PrivateFrameworks/MetadataUtilities.framework/Versions/A/MetadataUtilities
0x00007ff80490a000 	/usr/lib/libmecabra.dylib
0x00007ff80e0cb000 	/usr/lib/libmecab.dylib
0x00007ff8048d5000 	/usr/lib/libCRFSuite.dylib
0x00007ff80e125000 	/usr/lib/libgermantok.dylib
0x00007ff80ecae000 	/usr/lib/libThaiTokenizer.dylib
0x00007ff80a751000 	/System/Library/Frameworks/Accelerate.framework/Versions/A/Frameworks/vImage.framework/Versions/A/vImage
0x00007ff814df2000 	/System/Library/Frameworks/Accelerate.framework/Versions/A/Frameworks/vecLib.framework/Versions/A/vecLib
0x00007ff80f29c000 	/System/Library/Frameworks/Accelerate.framework/Versions/A/Frameworks/vecLib.framework/Versions/A/libvMisc.dylib
0x00007ff80db19000 	/System/Library/Frameworks/Accelerate.framework/Versions/A/Frameworks/vecLib.framework/Versions/A/libvDSP.dylib
0x00007ff804549000 	/System/Library/Frameworks/Accelerate.framework/Versions/A/Frameworks/vecLib.framework/Versions/A/libBLAS.dylib
0x00007ff80ede5000 	/System/Library/Frameworks/Accelerate.framework/Versions/A/Frameworks/vecLib.framework/Versions/A/libLAPACK.dylib
0x00007ff80e128000 	/System/Library/Frameworks/Accelerate.framework/Versions/A/Frameworks/vecLib.framework/Versions/A/libLinearAlgebra.dylib
0x00007ff80eceb000 	/System/Library/Frameworks/Accelerate.framework/Versions/A/Frameworks/vecLib.framework/Versions/A/libSparseBLAS.dylib
0x00007ff80eddf000 	/System/Library/Frameworks/Accelerate.framework/Versions/A/Frameworks/vecLib.framework/Versions/A/libQuadrature.dylib
0x00007ff80d445000 	/System/Library/Frameworks/Accelerate.framework/Versions/A/Frameworks/vecLib.framework/Versions/A/libBNNS.dylib
0x00007ff8047e3000 	/System/Library/Frameworks/Accelerate.framework/Versions/A/Frameworks/vecLib.framework/Versions/A/libSparse.dylib
0x00007ff80d43e000 	/System/Library/PrivateFrameworks/LinguisticData.framework/Versions/A/LinguisticData
0x00007ff804799000 	/System/Library/PrivateFrameworks/Lexicon.framework/Versions/A/Lexicon
0x00007ff80f295000 	/usr/lib/libChineseTokenizer.dylib
0x00007ff804f04000 	/System/Library/PrivateFrameworks/LanguageModeling.framework/Versions/A/LanguageModeling
0x00007ff80ecb0000 	/System/Library/PrivateFrameworks/AppleSauce.framework/Versions/A/AppleSauce
0x00007ff80dcdc000 	/System/Library/PrivateFrameworks/CoreEmoji.framework/Versions/A/CoreEmoji
0x00007ff80ebb0000 	/usr/lib/libcmph.dylib
0x00007ff80b3a8000 	/System/Library/Frameworks/OpenDirectory.framework/Versions/A/Frameworks/CFOpenDirectory.framework/Versions/A/CFOpenDirectory
0x00007ff80b39c000 	/System/Library/Frameworks/OpenDirectory.framework/Versions/A/OpenDirectory
0x00007ff80f1ee000 	/System/Library/PrivateFrameworks/APFS.framework/Versions/A/APFS
0x00007ff80dff2000 	/System/Library/Frameworks/SecurityFoundation.framework/Versions/A/SecurityFoundation
0x00007ff80f269000 	/usr/lib/libutil.dylib
0x00007ff8065f4000 	/System/Library/PrivateFrameworks/CoreServicesStore.framework/Versions/A/CoreServicesStore
0x00007ff80f26d000 	/usr/lib/libxslt.1.dylib
0x00007ff80e07f000 	/System/Library/PrivateFrameworks/BackgroundTaskManagement.framework/Versions/A/BackgroundTaskManagement
0x00007ff8106dc000 	/System/Library/Frameworks/ImageIO.framework/Versions/A/Resources/libRadiance.dylib
0x00007ff8106e5000 	/System/Library/Frameworks/ImageIO.framework/Versions/A/Resources/libJPEG.dylib
0x00007ff810634000 	/System/Library/Frameworks/ImageIO.framework/Versions/A/Resources/libPng.dylib
0x00007ff810655000 	/System/Library/Frameworks/ImageIO.framework/Versions/A/Resources/libTIFF.dylib
0x00007ff810745000 	/System/Library/Frameworks/ImageIO.framework/Versions/A/Resources/libGIF.dylib
0x00007ff80ff6f000 	/System/Library/Frameworks/ImageIO.framework/Versions/A/Resources/libJP2.dylib
0x00007ff80f6ab000 	/usr/lib/libexpat.1.dylib
0x00007ff80ff24000 	/System/Library/PrivateFrameworks/AppleJPEG.framework/Versions/A/AppleJPEG
0x00007ff80c88e000 	/System/Library/PrivateFrameworks/FontServices.framework/libFontParser.dylib
0x00007ff80a3a1000 	/System/Library/PrivateFrameworks/RunningBoardServices.framework/Versions/A/RunningBoardServices
0x00007ff81b0ad000 	/System/Library/PrivateFrameworks/IOSurfaceAccelerator.framework/Versions/A/IOSurfaceAccelerator
0x00007ff810051000 	/System/Library/PrivateFrameworks/WatchdogClient.framework/Versions/A/WatchdogClient
0x00007ff804ff2000 	/System/Library/Frameworks/CoreDisplay.framework/Versions/A/CoreDisplay
0x00007ff80c78c000 	/System/Library/Frameworks/CoreMedia.framework/Versions/A/CoreMedia
0x00007ff80c620000 	/System/Library/PrivateFrameworks/IOAccelerator.framework/Versions/A/IOAccelerator
0x00007ff80b525000 	/System/Library/Frameworks/CoreVideo.framework/Versions/A/CoreVideo
0x00007ff80ed01000 	/System/Library/Frameworks/MetalPerformanceShaders.framework/Versions/A/MetalPerformanceShaders
0x00007ff81008e000 	/System/Library/Frameworks/VideoToolbox.framework/Versions/A/VideoToolbox
0x00007ff80a2eb000 	/System/Library/PrivateFrameworks/BaseBoard.framework/Versions/A/BaseBoard
0x00007ff80a072000 	/System/Library/PrivateFrameworks/ProtocolBuffer.framework/Versions/A/ProtocolBuffer
0x00007ff8106d5000 	/System/Library/PrivateFrameworks/GPUWrangler.framework/Versions/A/GPUWrangler
0x00007ff8106b9000 	/System/Library/PrivateFrameworks/IOPresentment.framework/Versions/A/IOPresentment
0x00007ff8106df000 	/System/Library/PrivateFrameworks/DSExternalDisplay.framework/Versions/A/DSExternalDisplay
0x00007ffa1ca65000 	/System/Library/Frameworks/OpenGL.framework/Versions/A/Libraries/libCoreFSCache.dylib
0x00007ffb09b3b000 	/System/Library/PrivateFrameworks/GPUCompiler.framework/Versions/31001/Libraries/libGPUCompilerUtils.dylib
0x00007ff81074a000 	/System/Library/PrivateFrameworks/CMCaptureCore.framework/Versions/A/CMCaptureCore
0x00007ff80fc53000 	/System/Library/PrivateFrameworks/AppServerSupport.framework/Versions/A/AppServerSupport
0x00007ff811f18000 	/System/Library/PrivateFrameworks/perfdata.framework/Versions/A/perfdata
0x00007ff80511e000 	/System/Library/PrivateFrameworks/AudioToolboxCore.framework/Versions/A/AudioToolboxCore
0x00007ff80c76a000 	/System/Library/PrivateFrameworks/caulk.framework/Versions/A/caulk
0x00007ff81182a000 	/usr/lib/libAudioStatistics.dylib
0x00007ff909520000 	/System/Library/PrivateFrameworks/SystemPolicy.framework/Versions/A/SystemPolicy
0x00007ff811a85000 	/usr/lib/libSMC.dylib
0x00007ff81a9a5000 	/System/Library/Frameworks/CoreMIDI.framework/Versions/A/CoreMIDI
0x00007ff810603000 	/usr/lib/libAudioToolboxUtility.dylib
0x00007ff905748000 	/System/Library/PrivateFrameworks/OSAServicesClient.framework/Versions/A/OSAServicesClient
0x00007ff811f25000 	/usr/lib/libperfcheck.dylib
0x00007ff909fcd000 	/usr/lib/libmis.dylib
0x00007ffa1cac0000 	/System/Library/Frameworks/OpenGL.framework/Versions/A/Libraries/libGLU.dylib
0x00007ffa1ca84000 	/System/Library/Frameworks/OpenGL.framework/Versions/A/Libraries/libGFXShared.dylib
0x00007ffa1cc8d000 	/System/Library/Frameworks/OpenGL.framework/Versions/A/Libraries/libGL.dylib
0x00007ffa1ca8d000 	/System/Library/Frameworks/OpenGL.framework/Versions/A/Libraries/libGLImage.dylib
0x00007ffa1ca81000 	/System/Library/Frameworks/OpenGL.framework/Versions/A/Libraries/libCVMSPluginSupport.dylib
0x00007ffa1ca6c000 	/System/Library/Frameworks/OpenGL.framework/Versions/A/Libraries/libCoreVMClient.dylib
0x00007ff80d2d6000 	/System/Library/Frameworks/MetalPerformanceShaders.framework/Versions/A/Frameworks/MPSCore.framework/Versions/A/MPSCore
0x00007ff80e698000 	/System/Library/Frameworks/MetalPerformanceShaders.framework/Versions/A/Frameworks/MPSImage.framework/Versions/A/MPSImage
0x00007ff80e13e000 	/System/Library/Frameworks/MetalPerformanceShaders.framework/Versions/A/Frameworks/MPSNeuralNetwork.framework/Versions/A/MPSNeuralNetwork
0x00007ff80e5b2000 	/System/Library/Frameworks/MetalPerformanceShaders.framework/Versions/A/Frameworks/MPSMatrix.framework/Versions/A/MPSMatrix
0x00007ff80e36d000 	/System/Library/Frameworks/MetalPerformanceShaders.framework/Versions/A/Frameworks/MPSRayIntersector.framework/Versions/A/MPSRayIntersector
0x00007ff80e5ea000 	/System/Library/Frameworks/MetalPerformanceShaders.framework/Versions/A/Frameworks/MPSNDArray.framework/Versions/A/MPSNDArray
0x00007ffa22545000 	/System/Library/Frameworks/MetalPerformanceShaders.framework/Versions/A/Frameworks/MPSFunctions.framework/Versions/A/MPSFunctions
0x00007ff804425000 	/System/Library/PrivateFrameworks/MetalTools.framework/Versions/A/MetalTools
0x00007ff80d352000 	/System/Library/PrivateFrameworks/AggregateDictionary.framework/Versions/A/AggregateDictionary
0x00007ff80f48d000 	/usr/lib/libIOReport.dylib
0x00007ffa1e09c000 	/System/Library/Frameworks/OpenCL.framework/Versions/A/OpenCL
0x00007ff80f7f1000 	/System/Library/PrivateFrameworks/FaceCore.framework/Versions/A/FaceCore
0x00007ff80f7e2000 	/System/Library/PrivateFrameworks/GraphVisualizer.framework/Versions/A/GraphVisualizer
0x00007ffb09a46000 	/System/Library/PrivateFrameworks/FontServices.framework/Versions/A/FontServices
0x00007ff80fc0b000 	/System/Library/PrivateFrameworks/OTSVG.framework/Versions/A/OTSVG
0x00007ff80b10b000 	/System/Library/Frameworks/ApplicationServices.framework/Versions/A/Frameworks/ATS.framework/Versions/A/Resources/libFontRegistry.dylib
0x00007ff80fc5b000 	/System/Library/PrivateFrameworks/FontServices.framework/libhvf.dylib
0x00007ffb09a47000 	/System/Library/PrivateFrameworks/FontServices.framework/libXTFontStaticRegistryData.dylib
0x00007ff80f65b000 	/System/Library/PrivateFrameworks/AppleVA.framework/Versions/A/AppleVA
0x00007ff81184a000 	/System/Library/Frameworks/ApplicationServices.framework/Versions/A/Frameworks/ATS.framework/Versions/A/ATS
0x00007ff8097b8000 	/System/Library/Frameworks/ApplicationServices.framework/Versions/A/Frameworks/HIServices.framework/Versions/A/HIServices
0x00007ff810754000 	/System/Library/Frameworks/ApplicationServices.framework/Versions/A/Frameworks/PrintCore.framework/Versions/A/PrintCore
0x00007ff811bd8000 	/System/Library/Frameworks/ApplicationServices.framework/Versions/A/Frameworks/QD.framework/Versions/A/QD
0x00007ff811bd0000 	/System/Library/Frameworks/ApplicationServices.framework/Versions/A/Frameworks/ColorSyncLegacy.framework/Versions/A/ColorSyncLegacy
0x00007ff81183a000 	/System/Library/Frameworks/ApplicationServices.framework/Versions/A/Frameworks/SpeechSynthesis.framework/Versions/A/SpeechSynthesis
0x00007ff810715000 	/System/Library/Frameworks/ApplicationServices.framework/Versions/A/Frameworks/ATSUI.framework/Versions/A/ATSUI
0x00007ff811b65000 	/usr/lib/libcups.2.dylib
0x00007ff811f34000 	/System/Library/Frameworks/Kerberos.framework/Versions/A/Kerberos
0x00007ff811f43000 	/System/Library/Frameworks/GSS.framework/Versions/A/GSS
0x00007ff8118b6000 	/usr/lib/libresolv.9.dylib
0x00007ff80fc6a000 	/System/Library/PrivateFrameworks/Heimdal.framework/Versions/A/Heimdal
0x00007ff818b28000 	/System/Library/Frameworks/Kerberos.framework/Versions/A/Libraries/libHeimdalProxy.dylib
0x00007ff80a475000 	/System/Library/Frameworks/Network.framework/Versions/A/Network
0x00007ff80f6c5000 	/usr/lib/libheimdal-asn1.dylib
0x00007ff811f8e000 	/System/Library/PrivateFrameworks/CommonAuth.framework/Versions/A/CommonAuth
0x00007ff8117bc000 	/System/Library/PrivateFrameworks/AudioSession.framework/Versions/A/AudioSession
0x00007ff80f755000 	/System/Library/PrivateFrameworks/MediaExperience.framework/Versions/A/MediaExperience
0x00007ff81164e000 	/System/Library/PrivateFrameworks/AudioSession.framework/libSessionUtility.dylib
0x00007ff811be4000 	/System/Library/PrivateFrameworks/AudioResourceArbitration.framework/Versions/A/AudioResourceArbitration
0x00007ff815c65000 	/System/Library/PrivateFrameworks/PowerLog.framework/Versions/A/PowerLog
0x00007ff80f6ce000 	/System/Library/PrivateFrameworks/IconFoundation.framework/Versions/A/IconFoundation
0x00007ff814a1b000 	/System/Library/PrivateFrameworks/SpeechRecognitionCore.framework/Versions/A/SpeechRecognitionCore
0x000000010ecc6000 	/Library/Java/JavaVirtualMachines/temurin-17.jdk/Contents/Home/lib/server/libjvm.dylib
0x000000010dbf1000 	/Library/Java/JavaVirtualMachines/temurin-17.jdk/Contents/Home/lib/libjimage.dylib
0x000000010dc6f000 	/Library/Java/JavaVirtualMachines/temurin-17.jdk/Contents/Home/lib/libjava.dylib
0x000000010e6d6000 	/Library/Java/JavaVirtualMachines/temurin-17.jdk/Contents/Home/lib/libnio.dylib
0x000000010e710000 	/Library/Java/JavaVirtualMachines/temurin-17.jdk/Contents/Home/lib/libnet.dylib
0x000000010e758000 	/Library/Java/JavaVirtualMachines/temurin-17.jdk/Contents/Home/lib/libzip.dylib
0x000000010e6f2000 	/Library/Java/JavaVirtualMachines/temurin-17.jdk/Contents/Home/lib/libverify.dylib
0x000000010e6ba000 	/Library/Java/JavaVirtualMachines/temurin-17.jdk/Contents/Home/lib/libmanagement.dylib
0x000000010e730000 	/Library/Java/JavaVirtualMachines/temurin-17.jdk/Contents/Home/lib/libmanagement_ext.dylib


VM Arguments:
jvm_args: -Dforge.logging.console.level=debug -Dforge.logging.markers=REGISTRIES -DignoreList=bootstraplauncher,securejarhandler,asm-commons,asm-util,asm-analysis,asm-tree,asm,JarJarFileSystems,client-extra,fmlcore,javafmllanguage,lowcodelanguage,mclanguage,forge- -Djava.net.preferIPv6Addresses=system -DlegacyClassPath.file=/Users/lukeyan/Downloads/forge-1.20.1-47.3.22-mdk 2/build/classpath/runData_minecraftClasspath.txt -DmergeModules=jna-5.10.0.jar,jna-platform-5.10.0.jar -Dmixin.env.refMapRemappingFile=/Users/lukeyan/Downloads/forge-1.20.1-47.3.22-mdk 2/build/createSrgToMcp/output.srg -Dmixin.env.remapRefMap=true --module-path=/Users/lukeyan/.gradle/caches/modules-2/files-2.1/cpw.mods/bootstraplauncher/1.1.2/c546e00443d8432cda6baa1c860346980742628/bootstraplauncher-1.1.2.jar:/Users/lukeyan/.gradle/caches/modules-2/files-2.1/cpw.mods/securejarhandler/2.1.10/51e6a22c6c716beb11e244bf5b8be480f51dd6b5/securejarhandler-2.1.10.jar:/Users/lukeyan/.gradle/caches/modules-2/files-2.1/org.ow2.asm/asm-commons/9.7.1/406c6a2225cfe1819f102a161e54cc16a5c24f75/asm-commons-9.7.1.jar:/Users/lukeyan/.gradle/caches/modules-2/files-2.1/org.ow2.asm/asm-util/9.7.1/9e23359b598ec6b74b23e53110dd5c577adf2243/asm-util-9.7.1.jar:/Users/lukeyan/.gradle/caches/modules-2/files-2.1/org.ow2.asm/asm-analysis/9.7.1/f97a3b319f0ed6a8cd944dc79060d3912a28985f/asm-analysis-9.7.1.jar:/Users/lukeyan/.gradle/caches/modules-2/files-2.1/org.ow2.asm/asm-tree/9.7.1/3a53139787663b139de76b627fca0084ab60d32c/asm-tree-9.7.1.jar:/Users/lukeyan/.gradle/caches/modules-2/files-2.1/org.ow2.asm/asm/9.7.1/f0ed132a49244b042cd0e15702ab9f2ce3cc8436/asm-9.7.1.jar:/Users/lukeyan/.gradle/caches/modules-2/files-2.1/net.minecraftforge/JarJarFileSystems/0.3.19/2464eb7d6b9ddb9db36a82cf8a95193e5c6fe020/JarJarFileSystems-0.3.19.jar --add-modules=ALL-MODULE-PATH --add-opens=java.base/java.util.jar=cpw.mods.securejarhandler --add-opens=java.base/java.lang.invoke=cpw.mods.securejarhandler --add-exports=java.base/sun.security.util=cpw.mods.securejarhandler --add-exports=jdk.naming.dns/com.sun.jndi.dns=java.naming -Dfile.encoding=UTF-8 -Duser.country=CA -Duser.language=en -Duser.variant 
java_command: cpw.mods.bootstraplauncher.BootstrapLauncher --launchTarget forgedatauserdev --assetIndex 5 --assetsDir /Users/lukeyan/.gradle/caches/forge_gradle/assets --gameDir . --fml.forgeVersion 47.3.22 --fml.mcVersion 1.20.1 --fml.forgeGroup net.minecraftforge --fml.mcpVersion 20230612.114412 --mod creategemfood --all --output /Users/lukeyan/Downloads/forge-1.20.1-47.3.22-mdk 2/src/generated/resources --existing /Users/lukeyan/Downloads/forge-1.20.1-47.3.22-mdk 2/src/main/resources
java_class_path (initial): /Users/lukeyan/Downloads/forge-1.20.1-47.3.22-mdk 2/build/classes/java/main:/Users/lukeyan/Downloads/forge-1.20.1-47.3.22-mdk 2/build/resources/main:/Users/lukeyan/.gradle/caches/forge_gradle/deobf_dependencies/com/simibubi/create/create-1.20.1/0.5.1.j-55_mapped_official_1.20.1/create-1.20.1-0.5.1.j-55_mapped_official_1.20.1-slim.jar:/Users/lukeyan/.gradle/caches/forge_gradle/deobf_dependencies/com/jozufozu/flywheel/flywheel-forge-1.20.1/0.6.11-13_mapped_official_1.20.1/flywheel-forge-1.20.1-0.6.11-13_mapped_official_1.20.1.jar:/Users/lukeyan/.gradle/caches/forge_gradle/deobf_dependencies/com/tterrag/registrate/Registrate/MC1.20-1.3.3_mapped_official_1.20.1/Registrate-MC1.20-1.3.3_mapped_official_1.20.1.jar:/Users/lukeyan/.gradle/caches/forge_gradle/minecraft_user_repo/net/minecraftforge/forge/1.20.1-47.3.22_mapped_official_1.20.1/forge-1.20.1-47.3.22_mapped_official_1.20.1-recomp.jar:/Users/lukeyan/.gradle/caches/forge_gradle/deobf_dependencies/mezz/jei/jei-1.20.1-forge/15.2.0.27_mapped_official_1.20.1/jei-1.20.1-forge-15.2.0.27_mapped_official_1.20.1.jar:/Users/lukeyan/.gradle/caches/forge_gradle/minecraft_repo/versions/1.20.1/client-extra.jar:/Users/lukeyan/.gradle/caches/modules-2/files-2.1/net.minecraftforge/fmlearlydisplay/1.20.1-47.3.22/c847e6564d023f01b09220f8992e042313ec8680/fmlearlydisplay-1.20.1-47.3.22.jar:/Users/lukeyan/.gradle/caches/modules-2/files-2.1/net.minecraftforge/javafmllanguage/1.20.1-47.3.22/9a1d96e9108940786d846c8cc0dac07100e79f56/javafmllanguage-1.20.1-47.3.22.jar:/Users/lukeyan/.gradle/caches/modules-2/files-2.1/net.minecraftforge/lowcodelanguage/1.20.1-47.3.22/2529f2c27d8f8a63ee54efc81fdfc3cea2d43c8/lowcodelanguage-1.20.1-47.3.22.jar:/Users/lukeyan/.gradle/caches/modules-2/files-2.1/net.minecraftforge/mclanguage/1.20.1-47.3.22/2de14adfd8715f1956007499d8d75c6a4e6fa872/mclanguage-1.20.1-47.3.22.jar:/Users/lukeyan/.gradle/caches/modules-2/files-2.1/net.minecraftforge/fmlcore/1.20.1-47.3.22/cf26aeb747e0d323f8eed9
Launcher Type: SUN_STANDARD

[Global flags]
     intx CICompilerCount                          = 3                                         {product} {ergonomic}
     uint ConcGCThreads                            = 1                                         {product} {ergonomic}
     uint G1ConcRefinementThreads                  = 4                                         {product} {ergonomic}
   size_t G1HeapRegionSize                         = 2097152                                   {product} {ergonomic}
    uintx GCDrainStackTargetSize                   = 64                                        {product} {ergonomic}
   size_t InitialHeapSize                          = 268435456                                 {product} {ergonomic}
   size_t MarkStackSize                            = 4194304                                   {product} {ergonomic}
   size_t MaxHeapSize                              = 4294967296                                {product} {ergonomic}
   size_t MaxNewSize                               = 2575302656                                {product} {ergonomic}
   size_t MinHeapDeltaBytes                        = 2097152                                   {product} {ergonomic}
   size_t MinHeapSize                              = 8388608                                   {product} {ergonomic}
    uintx NonNMethodCodeHeapSize                   = 5832780                                {pd product} {ergonomic}
    uintx NonProfiledCodeHeapSize                  = 122912730                              {pd product} {ergonomic}
    uintx ProfiledCodeHeapSize                     = 122912730                              {pd product} {ergonomic}
    uintx ReservedCodeCacheSize                    = 251658240                              {pd product} {ergonomic}
     bool SegmentedCodeCache                       = true                                      {product} {ergonomic}
   size_t SoftMaxHeapSize                          = 4294967296                             {manageable} {ergonomic}
     bool UseCompressedClassPointers               = true                           {product lp64_product} {ergonomic}
     bool UseCompressedOops                        = true                           {product lp64_product} {ergonomic}
     bool UseG1GC                                  = true                                      {product} {ergonomic}
     bool UseNUMA                                  = false                                     {product} {ergonomic}
     bool UseNUMAInterleaving                      = false                                     {product} {ergonomic}

Logging:
Log output configuration:
 #0: stdout all=warning uptime,level,tags
 #1: stderr all=off uptime,level,tags

Environment Variables:
PATH=/Library/Frameworks/Python.framework/Versions/3.13/bin:/usr/local/bin:/usr/bin:/bin:/usr/sbin:/sbin
SHELL=/bin/zsh
LC_CTYPE=en_CA.UTF-8
TMPDIR=/var/folders/g8/2hgzs7c916zg8dz268t1vm140000gp/T/

Active Locale:
LC_ALL=C/en_CA.UTF-8/C/C/C/C
LC_COLLATE=C
LC_CTYPE=en_CA.UTF-8
LC_MESSAGES=C
LC_MONETARY=C
LC_NUMERIC=C
LC_TIME=C

Signal Handlers:
   SIGSEGV: _ZL13crash_handleriP9__siginfoPv in libjvm.dylib, mask=11100110000111110111111111111111, flags=SA_RESTART|SA_SIGINFO, unblocked
    SIGBUS: _ZL13crash_handleriP9__siginfoPv in libjvm.dylib, mask=11100110000111110111111111111111, flags=SA_RESTART|SA_SIGINFO, unblocked
    SIGFPE: _ZL13crash_handleriP9__siginfoPv in libjvm.dylib, mask=11100110000111110111111111111111, flags=SA_RESTART|SA_SIGINFO, unblocked
   SIGPIPE: _ZL17javaSignalHandleriP9__siginfoPv in libjvm.dylib, mask=11100110000111110111111111111111, flags=SA_RESTART|SA_SIGINFO, blocked
   SIGXFSZ: _ZL17javaSignalHandleriP9__siginfoPv in libjvm.dylib, mask=11100110000111110111111111111111, flags=SA_RESTART|SA_SIGINFO, blocked
    SIGILL: _ZL13crash_handleriP9__siginfoPv in libjvm.dylib, mask=11100110000111110111111111111111, flags=SA_RESTART|SA_SIGINFO, unblocked
   SIGUSR2: _ZL10SR_handleriP9__siginfoP17__darwin_ucontext in libjvm.dylib, mask=00000000000000000000000000000000, flags=SA_RESTART|SA_SIGINFO, blocked
    SIGHUP: _ZL11UserHandleriPvS_ in libjvm.dylib, mask=11100110000111110111111111111111, flags=SA_RESTART|SA_SIGINFO, blocked
    SIGINT: _ZL11UserHandleriPvS_ in libjvm.dylib, mask=11100110000111110111111111111111, flags=SA_RESTART|SA_SIGINFO, blocked
   SIGTERM: _ZL11UserHandleriPvS_ in libjvm.dylib, mask=11100110000111110111111111111111, flags=SA_RESTART|SA_SIGINFO, blocked
   SIGQUIT: _ZL11UserHandleriPvS_ in libjvm.dylib, mask=11100110000111110111111111111111, flags=SA_RESTART|SA_SIGINFO, blocked
   SIGTRAP: _ZL13crash_handleriP9__siginfoPv in libjvm.dylib, mask=11100110000111110111111111111111, flags=SA_RESTART|SA_SIGINFO, unblocked


Periodic native trim disabled


---------------  S Y S T E M  ---------------

OS:
uname: Darwin 21.6.0 Darwin Kernel Version 21.6.0: Mon Dec 19 20:44:01 PST 2022; root:xnu-8020.240.18~2/RELEASE_X86_64 x86_64
OS uptime: 0 days 8:31 hours
rlimit (soft/hard): STACK 8192k/65532k , CORE 0k/infinity , NPROC 2784/4176 , NOFILE 10240/infinity , AS infinity/infinity , CPU infinity/infinity , DATA infinity/infinity , FSIZE infinity/infinity , MEMLOCK infinity/infinity , RSS infinity/infinity
load average: 7.51 4.00 5.00

CPU: total 4 (initial active 4) (2 cores per cpu, 2 threads per core) family 6 model 61 stepping 4 microcode 0x2f, cx8, cmov, fxsr, ht, mmx, 3dnowpref, sse, sse2, sse3, ssse3, sse4.1, sse4.2, popcnt, lzcnt, tsc, tscinvbit, avx, avx2, aes, erms, clmul, bmi1, bmi2, adx, fma, vzeroupper, clflush
machdep.cpu.brand_string:Intel(R) Core(TM) i5-5257U CPU @ 2.70GHz
hw.cpufrequency:2700000000
hw.cpufrequency_min:2700000000
hw.cpufrequency_max:2700000000
hw.cachelinesize:64
hw.l1icachesize:32768
hw.l1dcachesize:32768
hw.l2cachesize:262144
hw.l3cachesize:3145728

Memory: 4k page, physical 16777216k(1371632k free), swap 2097152k(1294848k free)

vm_info: OpenJDK 64-Bit Server VM (17.0.11+9) for bsd-amd64 JRE (17.0.11+9), built on Apr 16 2024 00:00:00 by "admin" with clang Apple LLVM 15.0.0 (clang-1500.1.0.2.5)

END.
