#
# A fatal error has been detected by the Java Runtime Environment:
#
#  SIGSEGV (0xb) at pc=0x0000000101b2b1cf, pid=13231, tid=24067
#
# JRE version: OpenJDK Runtime Environment Temurin-17.0.11+9 (17.0.11+9) (build 17.0.11+9)
# Java VM: OpenJDK 64-Bit Server VM Temurin-17.0.11+9 (17.0.11+9, mixed mode, tiered, compressed oops, compressed class ptrs, g1 gc, bsd-amd64)
# Problematic frame:
# V  [libjvm.dylib+0x6fb1cf]  PhaseLive::add_liveout(Block*, IndexSet*, VectorSet&)+0x19f
#
# No core dump will be written. Core dumps have been disabled. To enable core dumping, try "ulimit -c unlimited" before starting Java again
#
# If you would like to submit a bug report, please visit:
#   https://github.com/adoptium/adoptium-support/issues
#

---------------  S U M M A R Y ------------

Command Line: -Dforge.logging.console.level=debug -Dforge.logging.markers=REGISTRIES -DignoreList=bootstraplauncher,securejarhandler,asm-commons,asm-util,asm-analysis,asm-tree,asm,JarJarFileSystems,client-extra,fmlcore,javafmllanguage,lowcodelanguage,mclanguage,forge- -Djava.net.preferIPv6Addresses=system -DlegacyClassPath.file=/Users/lukeyan/Downloads/forge-1.20.1-47.3.22-mdk 2/build/classpath/runData_minecraftClasspath.txt -DmergeModules=jna-5.10.0.jar,jna-platform-5.10.0.jar -Dmixin.env.refMapRemappingFile=/Users/lukeyan/Downloads/forge-1.20.1-47.3.22-mdk 2/build/createSrgToMcp/output.srg -Dmixin.env.remapRefMap=true --module-path=/Users/lukeyan/.gradle/caches/modules-2/files-2.1/cpw.mods/bootstraplauncher/1.1.2/c546e00443d8432cda6baa1c860346980742628/bootstraplauncher-1.1.2.jar:/Users/lukeyan/.gradle/caches/modules-2/files-2.1/cpw.mods/securejarhandler/2.1.10/51e6a22c6c716beb11e244bf5b8be480f51dd6b5/securejarhandler-2.1.10.jar:/Users/lukeyan/.gradle/caches/modules-2/files-2.1/org.ow2.asm/asm-commons/9.7.1/406c6a2225cfe1819f102a161e54cc16a5c24f75/asm-commons-9.7.1.jar:/Users/lukeyan/.gradle/caches/modules-2/files-2.1/org.ow2.asm/asm-util/9.7.1/9e23359b598ec6b74b23e53110dd5c577adf2243/asm-util-9.7.1.jar:/Users/lukeyan/.gradle/caches/modules-2/files-2.1/org.ow2.asm/asm-analysis/9.7.1/f97a3b319f0ed6a8cd944dc79060d3912a28985f/asm-analysis-9.7.1.jar:/Users/lukeyan/.gradle/caches/modules-2/files-2.1/org.ow2.asm/asm-tree/9.7.1/3a53139787663b139de76b627fca0084ab60d32c/asm-tree-9.7.1.jar:/Users/lukeyan/.gradle/caches/modules-2/files-2.1/org.ow2.asm/asm/9.7.1/f0ed132a49244b042cd0e15702ab9f2ce3cc8436/asm-9.7.1.jar:/Users/lukeyan/.gradle/caches/modules-2/files-2.1/net.minecraftforge/JarJarFileSystems/0.3.19/2464eb7d6b9ddb9db36a82cf8a95193e5c6fe020/JarJarFileSystems-0.3.19.jar --add-modules=ALL-MODULE-PATH --add-opens=java.base/java.util.jar=cpw.mods.securejarhandler --add-opens=java.base/java.lang.invoke=cpw.mods.securejarhandler --add-exports=java.base/sun.security.util=cpw.mods.securejarhandler --add-exports=jdk.naming.dns/com.sun.jndi.dns=java.naming -Dfile.encoding=UTF-8 -Duser.country=CA -Duser.language=en -Duser.variant cpw.mods.bootstraplauncher.BootstrapLauncher --launchTarget forgedatauserdev --assetIndex 5 --assetsDir /Users/lukeyan/.gradle/caches/forge_gradle/assets --gameDir . --fml.forgeVersion 47.3.22 --fml.mcVersion 1.20.1 --fml.forgeGroup net.minecraftforge --fml.mcpVersion 20230612.114412 --mod creategemfood --all --output /Users/lukeyan/Downloads/forge-1.20.1-47.3.22-mdk 2/src/generated/resources --existing /Users/lukeyan/Downloads/forge-1.20.1-47.3.22-mdk 2/src/main/resources

Host: "MacBookPro12,1" x86_64 2700 MHz, 4 cores, 16G, Darwin 21.6.0, macOS 12.6.3 (21G419)
Time: Wed Apr 23 17:54:26 2025 PDT elapsed time: 6.188643 seconds (0d 0h 0m 6s)

---------------  T H R E A D  ---------------

Current thread (0x00007f8b1f808800):  JavaThread "C2 CompilerThread1" daemon [_thread_in_native, id=24067, stack(0x000070000f429000,0x000070000f529000)]


Current CompileTask:
C2:   6188 3707   !   4       java.nio.file.FileTreeWalker::next (144 bytes)

Stack: [0x000070000f429000,0x000070000f529000],  sp=0x000070000f525740,  free space=1009k
Native frames: (J=compiled Java code, j=interpreted, Vv=VM code, C=native code)
V  [libjvm.dylib+0x6fb1cf]  PhaseLive::add_liveout(Block*, IndexSet*, VectorSet&)+0x19f
V  [libjvm.dylib+0x6faa48]  PhaseLive::compute(unsigned int)+0x7e8
V  [libjvm.dylib+0x286470]  PhaseChaitin::Register_Allocate()+0x600
V  [libjvm.dylib+0x3015be]  Compile::Code_Gen()+0x38e
V  [libjvm.dylib+0x2fefd8]  Compile::Compile(ciEnv*, ciMethod*, int, bool, bool, bool, bool, bool, DirectiveSet*)+0xf08
V  [libjvm.dylib+0x267ecf]  C2Compiler::compile_method(ciEnv*, ciMethod*, int, bool, DirectiveSet*)+0xdf
V  [libjvm.dylib+0x310d8d]  CompileBroker::invoke_compiler_on_method(CompileTask*)+0x62d
V  [libjvm.dylib+0x31053f]  CompileBroker::compiler_thread_loop()+0x43f
V  [libjvm.dylib+0xa54a5b]  JavaThread::thread_main_inner()+0x14b
V  [libjvm.dylib+0xa52db7]  Thread::call_run()+0xa7
V  [libjvm.dylib+0x86374c]  thread_native_entry(Thread*)+0x14c
C  [libsystem_pthread.dylib+0x64e1]  _pthread_start+0x7d
C  [libsystem_pthread.dylib+0x1f6b]  thread_start+0xf


siginfo: si_signo: 11 (SIGSEGV), si_code: 1 (SEGV_MAPERR), si_addr: 0x00007f8921346d18

Registers:
RAX=0x00007f8921346d00, RBX=0x0000000000000003, RCX=0x00000000000017db, RDX=0x000070000f525758
RSP=0x000070000f525740, RBP=0x000070000f5257d0, RSI=0x0000000000000018, RDI=0x000000000000000e
R8 =0x00000000000017c0, R9 =0x000000010213aa78, R10=0x00007f8b21346980, R11=0x000070000f5280e0
R12=0x0000000000000017, R13=0x0000000008000000, R14=0x00000000000017db, R15=0x00007f8b2232c3d8
RIP=0x0000000101b2b1cf, EFLAGS=0x0000000000010206, ERR=0x0000000000000004
  TRAPNO=0x000000000000000e


Register to memory mapping:

RAX=0x00007f8921346d00 is an unknown value
RBX=0x0000000000000003 is an unknown value
RCX=0x00000000000017db is an unknown value
RDX=0x000070000f525758 is pointing into the stack for thread: 0x00007f8b1f808800
RSP=0x000070000f525740 is pointing into the stack for thread: 0x00007f8b1f808800
RBP=0x000070000f5257d0 is pointing into the stack for thread: 0x00007f8b1f808800
RSI=0x0000000000000018 is an unknown value
RDI=0x000000000000000e is an unknown value
R8 =0x00000000000017c0 is an unknown value
R9 =0x000000010213aa78: _ZN8IndexSet12_empty_blockE+0 in /Library/Java/JavaVirtualMachines/temurin-17.jdk/Contents/Home/lib/server/libjvm.dylib at 0x0000000101430000
R10=0x00007f8b21346980 points into unknown readable memory: 0x0000000000000000 | 00 00 00 00 00 00 00 00
R11=0x000070000f5280e0 is pointing into the stack for thread: 0x00007f8b1f808800
R12=0x0000000000000017 is an unknown value
R13=0x0000000008000000 is an unknown value
R14=0x00000000000017db is an unknown value
R15=0x00007f8b2232c3d8 points into unknown readable memory: 0x00007f8b2179e338 | 38 e3 79 21 8b 7f 00 00


Top of Stack: (sp=0x000070000f525740)
0x000070000f525740:   00007f8b2236f3d8 00007f8b1f870358
0x000070000f525750:   00007f8b21338ba0 000000000000000e
0x000070000f525760:   00000004000017db 0000002900000018
0x000070000f525770:   00007f8b21346980 00007f8b2133aeb0
0x000070000f525780:   00007f8b2133ae10 00007f8b2232c3d0
0x000070000f525790:   000070000f525810 000070000f5258e0
0x000070000f5257a0:   00007f8b21338ba0 000070000f5258e0
0x000070000f5257b0:   0000000000000001 0000000000000001
0x000070000f5257c0:   00007f8b1f870200 00007f8b1f870358
0x000070000f5257d0:   000070000f5258d0 0000000101b2aa48
0x000070000f5257e0:   00007f8b2236f5b8 0000600000f77d50
0x000070000f5257f0:   00007f8b217d6c00 00007f8b217d6c50
0x000070000f525800:   00007f8b217debe8 00000000002affa8
0x000070000f525810:   0000000100000040 00007f8b1f693068
0x000070000f525820:   0000000000000040 0000600000f77d50
0x000070000f525830:   000070000f5258d0 00000001016b7477
0x000070000f525840:   00007f8b229fc0f0 00000000ffffffff
0x000070000f525850:   0000000000000008 00000000000006a6
0x000070000f525860:   0000000000000210 000000000000f5a0
0x000070000f525870:   00007f8b22360010 000070000f5258e0
0x000070000f525880:   00007f8b2236f5b0 0000600002266f50
0x000070000f525890:   00007f8b2133ae10 00007f8b00000000
0x000070000f5258a0:   0000000000000000 00007f8b1d71de50
0x000070000f5258b0:   000070000f5258e0 00007f8b1d71de60
0x000070000f5258c0:   000070000f525af8 000070000f527250
0x000070000f5258d0:   000070000f525b60 00000001016b6470
0x000070000f5258e0:   000070000000000a 000070000f5280e0
0x000070000f5258f0:   00007f8b2231d010 0000000000000000
0x000070000f525900:   00007f8b22360010 00007f8b24645c10
0x000070000f525910:   00007f8b2133b7a0 00007f8b23d8b8d8
0x000070000f525920:   000070000f5273c0 000070000f527350
0x000070000f525930:   00000000000028cc 000070000f525af8 

Instructions: (pc=0x0000000101b2b1cf)
0x0000000101b2b0cf:   04 a4 48 c1 e0 05 48 01 d8 48 89 45 b8 48 c7 45
0x0000000101b2b0df:   88 00 00 00 00 48 b8 00 00 00 00 04 00 00 00 48
0x0000000101b2b0ef:   89 45 90 c7 45 98 00 00 00 00 41 8b 47 04 89 45
0x0000000101b2b0ff:   9c 48 c7 45 a0 00 00 00 00 49 8b 47 08 48 89 45
0x0000000101b2b10f:   a8 4c 89 7d b0 49 c1 e4 05 4b 8d 04 a4 4c 8d 3c
0x0000000101b2b11f:   03 49 83 c7 08 4c 01 f0 48 83 c0 08 48 89 85 70
0x0000000101b2b12f:   ff ff ff 31 c0 eb 0e 66 2e 0f 1f 84 00 00 00 00
0x0000000101b2b13f:   00 48 8b 45 88 48 85 c0 74 27 f3 48 0f bc c8 48
0x0000000101b2b14f:   d3 e8 48 ff c8 48 89 45 88 44 8b 75 90 41 01 ce
0x0000000101b2b15f:   44 89 75 90 45 85 f6 75 2f e9 dc 00 00 00 0f 1f
0x0000000101b2b16f:   00 83 7d 94 04 72 0c 8b 45 98 3b 45 9c 0f 83 c7
0x0000000101b2b17f:   00 00 00 48 8d 7d 88 e8 e5 53 dd ff 41 89 c6 45
0x0000000101b2b18f:   85 f6 0f 84 b2 00 00 00 49 8b 07 45 89 f4 41 c1
0x0000000101b2b19f:   ec 08 4a 8b 04 e0 48 3b 05 dc cf 50 00 75 0c 48
0x0000000101b2b1af:   8b 7d b8 44 89 f6 e8 d6 46 dd ff 44 89 f3 c1 eb
0x0000000101b2b1bf:   06 83 e3 03 41 bd 01 00 00 00 44 89 f1 49 d3 e5
0x0000000101b2b1cf:   48 8b 0c d8 48 89 ca 4c 0f ab f2 48 89 14 d8 4c
0x0000000101b2b1df:   0f a3 f1 0f 82 58 ff ff ff 48 8b 45 b8 ff 00 48
0x0000000101b2b1ef:   8b 85 70 ff ff ff 48 8b 00 4a 8b 04 e0 4c 85 2c
0x0000000101b2b1ff:   d8 0f 85 3a ff ff ff 48 8b 45 d0 48 8b 40 08 4a
0x0000000101b2b20f:   8b 04 e0 48 3b 05 6f cf 50 00 75 0c 48 8b 7d d0
0x0000000101b2b21f:   44 89 f6 e8 69 46 dd ff 48 8b 0c d8 48 89 ca 4c
0x0000000101b2b22f:   09 ea 48 89 14 d8 4c 85 e9 0f 85 02 ff ff ff 48
0x0000000101b2b23f:   8b 45 d0 ff 00 e9 f7 fe ff ff 48 8b 55 d0 83 3a
0x0000000101b2b24f:   00 74 6e 4c 8b bd 78 ff ff ff 41 8b 47 4c ff c8
0x0000000101b2b25f:   48 8b 75 c8 48 8b 4e 28 48 89 14 c1 48 83 7d 80
0x0000000101b2b26f:   00 75 61 41 8b 47 4c 48 89 c1 48 c1 e9 05 48 8b
0x0000000101b2b27f:   55 c0 3b 0a 73 4e 48 8b 55 c0 48 8b 52 08 8b 0c
0x0000000101b2b28f:   8a 0f a3 c1 73 3e 48 8b 5e 38 8b 03 44 8b 73 18
0x0000000101b2b29f:   41 8d 4e 01 89 4b 18 44 39 f0 77 0b 48 89 df 44
0x0000000101b2b2af:   89 f6 e8 5a 22 ab ff 48 8b 43 10 4e 89 3c f0 eb
0x0000000101b2b2bf:   13 48 8b 4d c8 48 8b 41 30 48 89 82 98 00 00 00 


Stack slot to memory mapping:
stack at sp + 0 slots: 0x00007f8b2236f3d8 points into unknown readable memory: 0x00007f8b24696e00 | 00 6e 69 24 8b 7f 00 00
stack at sp + 1 slots: 0x00007f8b1f870358 points into unknown readable memory: 0x00000001020aecc0 | c0 ec 0a 02 01 00 00 00
stack at sp + 2 slots: 0x00007f8b21338ba0 points into unknown readable memory: 0x0000001800000005 | 05 00 00 00 18 00 00 00
stack at sp + 3 slots: 0x000000000000000e is an unknown value
stack at sp + 4 slots: 0x00000004000017db is an unknown value
stack at sp + 5 slots: 0x0000002900000018 is an unknown value
stack at sp + 6 slots: 0x00007f8b21346980 points into unknown readable memory: 0x0000000000000000 | 00 00 00 00 00 00 00 00
stack at sp + 7 slots: 0x00007f8b2133aeb0 points into unknown readable memory: 0x00007f8b213469c0 | c0 69 34 21 8b 7f 00 00


---------------  P R O C E S S  ---------------

Threads class SMR info:
_java_thread_list=0x00006000001ee3c0, length=13, elements={
0x00007f8b1f808200, 0x00007f8b1f0d8a00, 0x00007f8b1e817800, 0x00007f8b1d82e000,
0x00007f8b1f821600, 0x00007f8b1f821c00, 0x00007f8b1f822200, 0x00007f8b1f822800,
0x00007f8b1f822e00, 0x00007f8b1e87b000, 0x00007f8b1e80d600, 0x00007f8b1f808800,
0x00007f8b241e2400
}

Java Threads: ( => current thread )
  0x00007f8b1f808200 JavaThread "main" [_thread_in_Java, id=6403, stack(0x000070000e0ed000,0x000070000e1ed000)]
  0x00007f8b1f0d8a00 JavaThread "Reference Handler" daemon [_thread_blocked, id=15875, stack(0x000070000e802000,0x000070000e902000)]
  0x00007f8b1e817800 JavaThread "Finalizer" daemon [_thread_blocked, id=16899, stack(0x000070000e905000,0x000070000ea05000)]
  0x00007f8b1d82e000 JavaThread "Signal Dispatcher" daemon [_thread_blocked, id=42499, stack(0x000070000eb0e000,0x000070000ec0e000)]
  0x00007f8b1f821600 JavaThread "Service Thread" daemon [_thread_blocked, id=41987, stack(0x000070000ec11000,0x000070000ed11000)]
  0x00007f8b1f821c00 JavaThread "Monitor Deflation Thread" daemon [_thread_blocked, id=23043, stack(0x000070000ed14000,0x000070000ee14000)]
  0x00007f8b1f822200 JavaThread "C2 CompilerThread0" daemon [_thread_in_native, id=41219, stack(0x000070000ee17000,0x000070000ef17000)]
  0x00007f8b1f822800 JavaThread "C1 CompilerThread0" daemon [_thread_in_native, id=40707, stack(0x000070000ef1a000,0x000070000f01a000)]
  0x00007f8b1f822e00 JavaThread "Sweeper thread" daemon [_thread_blocked, id=40195, stack(0x000070000f01d000,0x000070000f11d000)]
  0x00007f8b1e87b000 JavaThread "Common-Cleaner" daemon [_thread_blocked, id=23299, stack(0x000070000f120000,0x000070000f220000)]
  0x00007f8b1e80d600 JavaThread "Notification Thread" daemon [_thread_blocked, id=23555, stack(0x000070000f223000,0x000070000f323000)]
=>0x00007f8b1f808800 JavaThread "C2 CompilerThread1" daemon [_thread_in_native, id=24067, stack(0x000070000f429000,0x000070000f529000)]
  0x00007f8b241e2400 JavaThread "process reaper" daemon [_thread_blocked, id=24835, stack(0x000070000f835000,0x000070000f859000)]

Other Threads:
  0x00007f8b1e005230 VMThread "VM Thread" [stack: 0x000070000e6ff000,0x000070000e7ff000] [id=17411]
  0x00007f8b1e014e00 WatcherThread [stack: 0x000070000f326000,0x000070000f426000] [id=39171]
  0x00007f8b1e206730 GCTaskThread "GC Thread#0" [stack: 0x000070000e1f0000,0x000070000e2f0000] [id=20227]
  0x00007f8b1e016d20 GCTaskThread "GC Thread#1" [stack: 0x000070000f52c000,0x000070000f62c000] [id=38659]
  0x00007f8b1e0171a0 GCTaskThread "GC Thread#2" [stack: 0x000070000f62f000,0x000070000f72f000] [id=24323]
  0x00007f8b1e017620 GCTaskThread "GC Thread#3" [stack: 0x000070000f732000,0x000070000f832000] [id=24579]
  0x00007f8b1e206de0 ConcurrentGCThread "G1 Main Marker" [stack: 0x000070000e2f3000,0x000070000e3f3000] [id=19715]
  0x00007f8b1e2077b0 ConcurrentGCThread "G1 Conc#0" [stack: 0x000070000e3f6000,0x000070000e4f6000] [id=19203]
  0x00007f8b1e209020 ConcurrentGCThread "G1 Refine#0" [stack: 0x000070000e4f9000,0x000070000e5f9000] [id=13315]
  0x00007f8b1d705650 ConcurrentGCThread "G1 Service" [stack: 0x000070000e5fc000,0x000070000e6fc000] [id=18435]

Threads with active compile tasks:
C2 CompilerThread0     6213 3703       4       java.nio.file.FileTreeIterator::fetchNextIfNeeded (65 bytes)
C2 CompilerThread1     6213 3707   !   4       java.nio.file.FileTreeWalker::next (144 bytes)

VM state: not at safepoint (normal execution)

VM Mutex/Monitor currently owned by a thread: None

Heap address: 0x0000000700000000, size: 4096 MB, Compressed Oops mode: Zero based, Oop shift amount: 3

CDS archive(s) not mapped
Compressed class space mapped at: 0x0000000800000000-0x0000000840000000, reserved size: 1073741824
Narrow klass base: 0x0000000800000000, Narrow klass shift: 0, Narrow klass range: 0x40000000

GC Precious Log:
 CPUs: 4 total, 4 available
 Memory: 16384M
 Large Page Support: Disabled
 NUMA Support: Disabled
 Compressed Oops: Enabled (Zero based)
 Heap Region Size: 2M
 Heap Min Capacity: 8M
 Heap Initial Capacity: 256M
 Heap Max Capacity: 4G
 Pre-touch: Disabled
 Parallel Workers: 4
 Concurrent Workers: 1
 Concurrent Refinement Workers: 4
 Periodic GC: Disabled

Heap:
 garbage-first heap   total 182272K, used 118097K [0x0000000700000000, 0x0000000800000000)
  region size 2048K, 21 young (43008K), 1 survivors (2048K)
 Metaspace       used 27454K, committed 27776K, reserved 1114112K
  class space    used 3094K, committed 3264K, reserved 1048576K

Heap Regions: E=young(eden), S=young(survivor), O=old, HS=humongous(starts), HC=humongous(continues), CS=collection set, F=free, OA=open archive, CA=closed archive, TAMS=top-at-mark-start (previous, next)
|   0|0x0000000700000000, 0x0000000700200000, 0x0000000700200000|100%|HS|  |TAMS 0x0000000700200000, 0x0000000700000000| Complete 
|   1|0x0000000700200000, 0x0000000700400000, 0x0000000700400000|100%|HS|  |TAMS 0x0000000700400000, 0x0000000700200000| Complete 
|   2|0x0000000700400000, 0x0000000700600000, 0x0000000700600000|100%| O|  |TAMS 0x0000000700600000, 0x0000000700400000| Untracked 
|   3|0x0000000700600000, 0x0000000700800000, 0x0000000700800000|100%|HS|  |TAMS 0x0000000700800000, 0x0000000700600000| Complete 
|   4|0x0000000700800000, 0x0000000700a00000, 0x0000000700a00000|100%|HS|  |TAMS 0x0000000700a00000, 0x0000000700800000| Complete 
|   5|0x0000000700a00000, 0x0000000700c00000, 0x0000000700c00000|100%| O|  |TAMS 0x0000000700c00000, 0x0000000700a00000| Untracked 
|   6|0x0000000700c00000, 0x0000000700e00000, 0x0000000700e00000|100%| O|  |TAMS 0x0000000700e00000, 0x0000000700c00000| Untracked 
|   7|0x0000000700e00000, 0x0000000701000000, 0x0000000701000000|100%|HS|  |TAMS 0x0000000701000000, 0x0000000700e00000| Complete 
|   8|0x0000000701000000, 0x0000000701200000, 0x0000000701200000|100%| O|  |TAMS 0x00000007010f1a00, 0x0000000701000000| Untracked 
|   9|0x0000000701200000, 0x0000000701400000, 0x0000000701400000|100%| O|  |TAMS 0x0000000701200000, 0x0000000701200000| Untracked 
|  10|0x0000000701400000, 0x0000000701600000, 0x0000000701600000|100%| O|  |TAMS 0x0000000701400000, 0x0000000701400000| Untracked 
|  11|0x0000000701600000, 0x0000000701800000, 0x0000000701800000|100%| O|  |TAMS 0x0000000701600000, 0x0000000701600000| Untracked 
|  12|0x0000000701800000, 0x0000000701a00000, 0x0000000701a00000|100%| O|  |TAMS 0x0000000701800000, 0x0000000701800000| Untracked 
|  13|0x0000000701a00000, 0x0000000701c00000, 0x0000000701c00000|100%|HS|  |TAMS 0x0000000701a00000, 0x0000000701a00000| Complete 
|  14|0x0000000701c00000, 0x0000000701e00000, 0x0000000701e00000|100%|HS|  |TAMS 0x0000000701c00000, 0x0000000701c00000| Complete 
|  15|0x0000000701e00000, 0x0000000702000000, 0x0000000702000000|100%|HS|  |TAMS 0x0000000701e00000, 0x0000000701e00000| Complete 
|  16|0x0000000702000000, 0x0000000702200000, 0x0000000702200000|100%|HC|  |TAMS 0x0000000702000000, 0x0000000702000000| Complete 
|  17|0x0000000702200000, 0x0000000702400000, 0x0000000702400000|100%|HS|  |TAMS 0x0000000702200000, 0x0000000702200000| Complete 
|  18|0x0000000702400000, 0x0000000702600000, 0x0000000702600000|100%| O|  |TAMS 0x0000000702400000, 0x0000000702400000| Untracked 
|  19|0x0000000702600000, 0x0000000702800000, 0x0000000702800000|100%| O|  |TAMS 0x0000000702600000, 0x0000000702600000| Untracked 
|  20|0x0000000702800000, 0x0000000702a00000, 0x0000000702a00000|100%| O|  |TAMS 0x0000000702800000, 0x0000000702800000| Untracked 
|  21|0x0000000702a00000, 0x0000000702c00000, 0x0000000702c00000|100%| O|  |TAMS 0x0000000702a00000, 0x0000000702a00000| Untracked 
|  22|0x0000000702c00000, 0x0000000702c00000, 0x0000000702e00000|  0%| F|  |TAMS 0x0000000702c00000, 0x0000000702c00000| Untracked 
|  23|0x0000000702e00000, 0x0000000702e00000, 0x0000000703000000|  0%| F|  |TAMS 0x0000000702e00000, 0x0000000702e00000| Untracked 
|  24|0x0000000703000000, 0x0000000703000000, 0x0000000703200000|  0%| F|  |TAMS 0x0000000703000000, 0x0000000703000000| Untracked 
|  25|0x0000000703200000, 0x0000000703200000, 0x0000000703400000|  0%| F|  |TAMS 0x0000000703200000, 0x0000000703200000| Untracked 
|  26|0x0000000703400000, 0x0000000703400000, 0x0000000703600000|  0%| F|  |TAMS 0x0000000703400000, 0x0000000703400000| Untracked 
|  27|0x0000000703600000, 0x0000000703600000, 0x0000000703800000|  0%| F|  |TAMS 0x0000000703600000, 0x0000000703600000| Untracked 
|  28|0x0000000703800000, 0x0000000703800000, 0x0000000703a00000|  0%| F|  |TAMS 0x0000000703800000, 0x0000000703800000| Untracked 
|  29|0x0000000703a00000, 0x0000000703a00000, 0x0000000703c00000|  0%| F|  |TAMS 0x0000000703a00000, 0x0000000703a00000| Untracked 
|  30|0x0000000703c00000, 0x0000000703e00000, 0x0000000703e00000|100%|HS|  |TAMS 0x0000000703c00000, 0x0000000703c00000| Complete 
|  31|0x0000000703e00000, 0x0000000704000000, 0x0000000704000000|100%|HC|  |TAMS 0x0000000703e00000, 0x0000000703e00000| Complete 
|  32|0x0000000704000000, 0x0000000704200000, 0x0000000704200000|100%|HC|  |TAMS 0x0000000704000000, 0x0000000704000000| Complete 
|  33|0x0000000704200000, 0x0000000704400000, 0x0000000704400000|100%|HS|  |TAMS 0x0000000704200000, 0x0000000704200000| Complete 
|  34|0x0000000704400000, 0x0000000704600000, 0x0000000704600000|100%|HC|  |TAMS 0x0000000704400000, 0x0000000704400000| Complete 
|  35|0x0000000704600000, 0x0000000704800000, 0x0000000704800000|100%| O|  |TAMS 0x0000000704600000, 0x0000000704600000| Untracked 
|  36|0x0000000704800000, 0x0000000704a00000, 0x0000000704a00000|100%| O|  |TAMS 0x0000000704800000, 0x0000000704800000| Untracked 
|  37|0x0000000704a00000, 0x0000000704c00000, 0x0000000704c00000|100%| O|  |TAMS 0x0000000704a00000, 0x0000000704a00000| Untracked 
|  38|0x0000000704c00000, 0x0000000704e00000, 0x0000000704e00000|100%| O|  |TAMS 0x0000000704c00000, 0x0000000704c00000| Untracked 
|  39|0x0000000704e00000, 0x0000000705000000, 0x0000000705000000|100%| O|  |TAMS 0x0000000704e00000, 0x0000000704e00000| Untracked 
|  40|0x0000000705000000, 0x0000000705200000, 0x0000000705200000|100%| O|  |TAMS 0x0000000705000000, 0x0000000705000000| Untracked 
|  41|0x0000000705200000, 0x0000000705354600, 0x0000000705400000| 66%| O|  |TAMS 0x0000000705200000, 0x0000000705200000| Untracked 
|  42|0x0000000705400000, 0x0000000705400000, 0x0000000705600000|  0%| F|  |TAMS 0x0000000705400000, 0x0000000705400000| Untracked 
|  43|0x0000000705600000, 0x0000000705600000, 0x0000000705800000|  0%| F|  |TAMS 0x0000000705600000, 0x0000000705600000| Untracked 
|  44|0x0000000705800000, 0x0000000705800000, 0x0000000705a00000|  0%| F|  |TAMS 0x0000000705800000, 0x0000000705800000| Untracked 
|  45|0x0000000705a00000, 0x0000000705a00000, 0x0000000705c00000|  0%| F|  |TAMS 0x0000000705a00000, 0x0000000705a00000| Untracked 
|  46|0x0000000705c00000, 0x0000000705c00000, 0x0000000705e00000|  0%| F|  |TAMS 0x0000000705c00000, 0x0000000705c00000| Untracked 
|  47|0x0000000705e00000, 0x0000000705e00000, 0x0000000706000000|  0%| F|  |TAMS 0x0000000705e00000, 0x0000000705e00000| Untracked 
|  48|0x0000000706000000, 0x0000000706000000, 0x0000000706200000|  0%| F|  |TAMS 0x0000000706000000, 0x0000000706000000| Untracked 
|  49|0x0000000706200000, 0x0000000706200000, 0x0000000706400000|  0%| F|  |TAMS 0x0000000706200000, 0x0000000706200000| Untracked 
|  50|0x0000000706400000, 0x0000000706400000, 0x0000000706600000|  0%| F|  |TAMS 0x0000000706400000, 0x0000000706400000| Untracked 
|  51|0x0000000706600000, 0x0000000706600000, 0x0000000706800000|  0%| F|  |TAMS 0x0000000706600000, 0x0000000706600000| Untracked 
|  52|0x0000000706800000, 0x0000000706800000, 0x0000000706a00000|  0%| F|  |TAMS 0x0000000706800000, 0x0000000706800000| Untracked 
|  53|0x0000000706a00000, 0x0000000706a00000, 0x0000000706c00000|  0%| F|  |TAMS 0x0000000706a00000, 0x0000000706a00000| Untracked 
|  54|0x0000000706c00000, 0x0000000706c00000, 0x0000000706e00000|  0%| F|  |TAMS 0x0000000706c00000, 0x0000000706c00000| Untracked 
|  55|0x0000000706e00000, 0x0000000706e00000, 0x0000000707000000|  0%| F|  |TAMS 0x0000000706e00000, 0x0000000706e00000| Untracked 
|  56|0x0000000707000000, 0x0000000707000000, 0x0000000707200000|  0%| F|  |TAMS 0x0000000707000000, 0x0000000707000000| Untracked 
|  57|0x0000000707200000, 0x0000000707200000, 0x0000000707400000|  0%| F|  |TAMS 0x0000000707200000, 0x0000000707200000| Untracked 
|  58|0x0000000707400000, 0x0000000707400000, 0x0000000707600000|  0%| F|  |TAMS 0x0000000707400000, 0x0000000707400000| Untracked 
|  59|0x0000000707600000, 0x0000000707600000, 0x0000000707800000|  0%| F|  |TAMS 0x0000000707600000, 0x0000000707600000| Untracked 
|  60|0x0000000707800000, 0x0000000707800000, 0x0000000707a00000|  0%| F|  |TAMS 0x0000000707800000, 0x0000000707800000| Untracked 
|  61|0x0000000707a00000, 0x0000000707a00000, 0x0000000707c00000|  0%| F|  |TAMS 0x0000000707a00000, 0x0000000707a00000| Untracked 
|  62|0x0000000707c00000, 0x0000000707c00000, 0x0000000707e00000|  0%| F|  |TAMS 0x0000000707c00000, 0x0000000707c00000| Untracked 
|  63|0x0000000707e00000, 0x0000000707e00000, 0x0000000708000000|  0%| F|  |TAMS 0x0000000707e00000, 0x0000000707e00000| Untracked 
|  64|0x0000000708000000, 0x0000000708100800, 0x0000000708200000| 50%| E|  |TAMS 0x0000000708000000, 0x0000000708000000| Complete 
|  65|0x0000000708200000, 0x0000000708400000, 0x0000000708400000|100%| E|CS|TAMS 0x0000000708200000, 0x0000000708200000| Complete 
|  66|0x0000000708400000, 0x0000000708600000, 0x0000000708600000|100%| E|CS|TAMS 0x0000000708400000, 0x0000000708400000| Complete 
|  67|0x0000000708600000, 0x0000000708800000, 0x0000000708800000|100%| E|CS|TAMS 0x0000000708600000, 0x0000000708600000| Complete 
|  68|0x0000000708800000, 0x0000000708a00000, 0x0000000708a00000|100%| E|CS|TAMS 0x0000000708800000, 0x0000000708800000| Complete 
|  69|0x0000000708a00000, 0x0000000708c00000, 0x0000000708c00000|100%| E|CS|TAMS 0x0000000708a00000, 0x0000000708a00000| Complete 
|  70|0x0000000708c00000, 0x0000000708e00000, 0x0000000708e00000|100%| S|CS|TAMS 0x0000000708c00000, 0x0000000708c00000| Complete 
|  71|0x0000000708e00000, 0x0000000709000000, 0x0000000709000000|100%| E|CS|TAMS 0x0000000708e00000, 0x0000000708e00000| Complete 
|  72|0x0000000709000000, 0x0000000709200000, 0x0000000709200000|100%| E|CS|TAMS 0x0000000709000000, 0x0000000709000000| Complete 
|  73|0x0000000709200000, 0x0000000709400000, 0x0000000709400000|100%| E|CS|TAMS 0x0000000709200000, 0x0000000709200000| Complete 
|  74|0x0000000709400000, 0x0000000709600000, 0x0000000709600000|100%| E|CS|TAMS 0x0000000709400000, 0x0000000709400000| Complete 
|  75|0x0000000709600000, 0x0000000709800000, 0x0000000709800000|100%| E|CS|TAMS 0x0000000709600000, 0x0000000709600000| Complete 
|  76|0x0000000709800000, 0x0000000709a00000, 0x0000000709a00000|100%| E|CS|TAMS 0x0000000709800000, 0x0000000709800000| Complete 
|  77|0x0000000709a00000, 0x0000000709c00000, 0x0000000709c00000|100%| E|CS|TAMS 0x0000000709a00000, 0x0000000709a00000| Complete 
|  78|0x0000000709c00000, 0x0000000709e00000, 0x0000000709e00000|100%| E|CS|TAMS 0x0000000709c00000, 0x0000000709c00000| Complete 
|  79|0x0000000709e00000, 0x000000070a000000, 0x000000070a000000|100%| E|CS|TAMS 0x0000000709e00000, 0x0000000709e00000| Complete 
|  80|0x000000070a000000, 0x000000070a200000, 0x000000070a200000|100%| E|CS|TAMS 0x000000070a000000, 0x000000070a000000| Complete 
|  81|0x000000070a200000, 0x000000070a400000, 0x000000070a400000|100%| E|CS|TAMS 0x000000070a200000, 0x000000070a200000| Complete 
|  82|0x000000070a400000, 0x000000070a600000, 0x000000070a600000|100%| E|CS|TAMS 0x000000070a400000, 0x000000070a400000| Complete 
|  83|0x000000070a600000, 0x000000070a800000, 0x000000070a800000|100%| E|CS|TAMS 0x000000070a600000, 0x000000070a600000| Complete 
| 127|0x000000070fe00000, 0x0000000710000000, 0x0000000710000000|100%| E|CS|TAMS 0x000000070fe00000, 0x000000070fe00000| Complete 
|2044|0x00000007ff800000, 0x00000007ffa00000, 0x00000007ffa00000|100%| O|  |TAMS 0x00000007ff800000, 0x00000007ff800000| Untracked 
|2045|0x00000007ffa00000, 0x00000007ffc00000, 0x00000007ffc00000|100%| O|  |TAMS 0x00000007ffa00000, 0x00000007ffa00000| Untracked 
|2046|0x00000007ffc00000, 0x00000007ffe00000, 0x00000007ffe00000|100%| O|  |TAMS 0x00000007ffc00000, 0x00000007ffc00000| Untracked 
|2047|0x00000007ffe00000, 0x0000000800000000, 0x0000000800000000|100%| O|  |TAMS 0x00000007ffe00000, 0x00000007ffe00000| Untracked 

Card table byte_map: [0x0000000109fc5000,0x000000010a7c5000] _byte_map_base: 0x00000001067c5000

Marking Bits (Prev, Next): (CMBitMap*) 0x00007f8b1f023850, (CMBitMap*) 0x00007f8b1f023810
 Prev Bits: [0x000000012027f000, 0x000000012427f000)
 Next Bits: [0x000000011c27f000, 0x000000012027f000)

Polling page: 0x000000010031d000

Metaspace:

Usage:
  Non-class:     23.83 MB used.
      Class:      3.03 MB used.
       Both:     26.86 MB used.

Virtual space:
  Non-class space:       64.00 MB reserved,      24.00 MB ( 38%) committed,  1 nodes.
      Class space:        1.00 GB reserved,       3.19 MB ( <1%) committed,  1 nodes.
             Both:        1.06 GB reserved,      27.19 MB (  2%) committed. 

Chunk freelists:
   Non-Class:  7.72 MB
       Class:  12.81 MB
        Both:  20.53 MB

MaxMetaspaceSize: unlimited
CompressedClassSpaceSize: 1.00 GB
Initial GC threshold: 21.00 MB
Current GC threshold: 35.25 MB
CDS: off
MetaspaceReclaimPolicy: balanced
 - commit_granule_bytes: 65536.
 - commit_granule_words: 8192.
 - virtual_space_node_default_size: 8388608.
 - enlarge_chunks_in_place: 1.
 - new_chunks_are_fully_committed: 0.
 - uncommit_free_chunks: 1.
 - use_allocation_guard: 0.
 - handle_deallocations: 1.


Internal statistics:

num_allocs_failed_limit: 3.
num_arena_births: 326.
num_arena_deaths: 0.
num_vsnodes_births: 2.
num_vsnodes_deaths: 0.
num_space_committed: 435.
num_space_uncommitted: 0.
num_chunks_returned_to_freelist: 3.
num_chunks_taken_from_freelist: 831.
num_chunk_merges: 0.
num_chunk_splits: 515.
num_chunks_enlarged: 348.
num_inconsistent_stats: 0.

CodeHeap 'non-profiled nmethods': size=120032Kb used=2192Kb max_used=2192Kb free=117839Kb
 bounds [0x0000000114d47000, 0x0000000114fb7000, 0x000000011c27f000]
CodeHeap 'profiled nmethods': size=120028Kb used=6618Kb max_used=6618Kb free=113409Kb
 bounds [0x000000010d27f000, 0x000000010d8ff000, 0x00000001147b6000]
CodeHeap 'non-nmethods': size=5700Kb used=1298Kb max_used=1298Kb free=4401Kb
 bounds [0x00000001147b6000, 0x0000000114a26000, 0x0000000114d47000]
 total_blobs=4509 nmethods=3958 adapters=462
 compilation: enabled
              stopped_count=0, restarted_count=0
 full_count=0

Compilation events (20 events):
Event: 6.179 Thread 0x00007f8b1f822800 3997       1       org.apache.logging.log4j.core.impl.MutableLogEvent::setContextData (6 bytes)
Event: 6.179 Thread 0x00007f8b1f822800 nmethod 3997 0x0000000114f69c10 code [0x0000000114f69da0, 0x0000000114f69eb0]
Event: 6.179 Thread 0x00007f8b1f822800 3998       1       org.apache.logging.log4j.core.impl.MutableLogEvent::setContextStack (6 bytes)
Event: 6.179 Thread 0x00007f8b1f822800 nmethod 3998 0x0000000114f69f10 code [0x0000000114f6a0a0, 0x0000000114f6a1b0]
Event: 6.179 Thread 0x00007f8b1f822800 3999       1       org.apache.logging.log4j.core.config.LoggerConfig::isIncludeLocation (5 bytes)
Event: 6.179 Thread 0x00007f8b1f822800 nmethod 3999 0x0000000114f6a210 code [0x0000000114f6a3a0, 0x0000000114f6a470]
Event: 6.179 Thread 0x00007f8b1f822800 4000       1       org.apache.logging.log4j.core.impl.MutableLogEvent::setIncludeLocation (6 bytes)
Event: 6.179 Thread 0x00007f8b1f822800 nmethod 4000 0x0000000114f6a510 code [0x0000000114f6a6a0, 0x0000000114f6a770]
Event: 6.179 Thread 0x00007f8b1f822800 4001       1       org.apache.logging.log4j.core.config.LoggerConfig$LoggerConfigPredicate$1::allow (2 bytes)
Event: 6.179 Thread 0x00007f8b1f822800 nmethod 4001 0x0000000114f6a810 code [0x0000000114f6a9a0, 0x0000000114f6aa70]
Event: 6.179 Thread 0x00007f8b1f822800 4002       1       org.apache.logging.log4j.util.SortedArrayStringMap::isFrozen (5 bytes)
Event: 6.179 Thread 0x00007f8b1f822800 nmethod 4002 0x0000000114f6ab10 code [0x0000000114f6aca0, 0x0000000114f6ad70]
Event: 6.180 Thread 0x00007f8b1f822800 4003       2       sun.util.calendar.BaseCalendar$Date::setCache (20 bytes)
Event: 6.181 Thread 0x00007f8b1f822800 nmethod 4003 0x000000010d8eb190 code [0x000000010d8eb320, 0x000000010d8eb430]
Event: 6.182 Thread 0x00007f8b1f822800 4004       2       org.apache.logging.log4j.core.pattern.NameAbbreviator$PatternAbbreviator::abbreviate (41 bytes)
Event: 6.183 Thread 0x00007f8b1f822800 nmethod 4004 0x000000010d8eb510 code [0x000000010d8eb6c0, 0x000000010d8eb900]
Event: 6.184 Thread 0x00007f8b1f822800 4005       2       java.lang.Class::copyConstructors (38 bytes)
Event: 6.185 Thread 0x00007f8b1f822800 nmethod 4005 0x000000010d8ebb10 code [0x000000010d8ebd00, 0x000000010d8ec170]
Event: 6.185 Thread 0x00007f8b1f822800 4006       1       java.lang.invoke.MethodHandle::isInvokeSpecial (2 bytes)
Event: 6.185 Thread 0x00007f8b1f822800 nmethod 4006 0x0000000114f6ae10 code [0x0000000114f6afa0, 0x0000000114f6b070]

GC Heap History (16 events):
Event: 0.413 GC heap before
{Heap before GC invocations=0 (full 0):
 garbage-first heap   total 262144K, used 22528K [0x0000000700000000, 0x0000000800000000)
  region size 2048K, 6 young (12288K), 0 survivors (0K)
 Metaspace       used 7816K, committed 8000K, reserved 1114112K
  class space    used 687K, committed 768K, reserved 1048576K
}
Event: 0.416 GC heap after
{Heap after GC invocations=1 (full 0):
 garbage-first heap   total 262144K, used 12136K [0x0000000700000000, 0x0000000800000000)
  region size 2048K, 1 young (2048K), 1 survivors (2048K)
 Metaspace       used 7816K, committed 8000K, reserved 1114112K
  class space    used 687K, committed 768K, reserved 1048576K
}
Event: 0.699 GC heap before
{Heap before GC invocations=1 (full 0):
 garbage-first heap   total 262144K, used 22376K [0x0000000700000000, 0x0000000800000000)
  region size 2048K, 6 young (12288K), 1 survivors (2048K)
 Metaspace       used 9695K, committed 9920K, reserved 1114112K
  class space    used 889K, committed 960K, reserved 1048576K
}
Event: 0.703 GC heap after
{Heap after GC invocations=2 (full 0):
 garbage-first heap   total 262144K, used 13641K [0x0000000700000000, 0x0000000800000000)
  region size 2048K, 1 young (2048K), 1 survivors (2048K)
 Metaspace       used 9695K, committed 9920K, reserved 1114112K
  class space    used 889K, committed 960K, reserved 1048576K
}
Event: 1.139 GC heap before
{Heap before GC invocations=2 (full 0):
 garbage-first heap   total 262144K, used 36169K [0x0000000700000000, 0x0000000800000000)
  region size 2048K, 13 young (26624K), 1 survivors (2048K)
 Metaspace       used 12299K, committed 12544K, reserved 1114112K
  class space    used 1152K, committed 1280K, reserved 1048576K
}
Event: 1.143 GC heap after
{Heap after GC invocations=3 (full 0):
 garbage-first heap   total 262144K, used 15197K [0x0000000700000000, 0x0000000800000000)
  region size 2048K, 2 young (4096K), 2 survivors (4096K)
 Metaspace       used 12299K, committed 12544K, reserved 1114112K
  class space    used 1152K, committed 1280K, reserved 1048576K
}
Event: 2.159 GC heap before
{Heap before GC invocations=3 (full 0):
 garbage-first heap   total 262144K, used 168797K [0x0000000700000000, 0x0000000800000000)
  region size 2048K, 76 young (155648K), 2 survivors (4096K)
 Metaspace       used 12488K, committed 12672K, reserved 1114112K
  class space    used 1163K, committed 1280K, reserved 1048576K
}
Event: 2.173 GC heap after
{Heap after GC invocations=4 (full 0):
 garbage-first heap   total 262144K, used 25733K [0x0000000700000000, 0x0000000800000000)
  region size 2048K, 6 young (12288K), 6 survivors (12288K)
 Metaspace       used 12488K, committed 12672K, reserved 1114112K
  class space    used 1163K, committed 1280K, reserved 1048576K
}
Event: 2.821 GC heap before
{Heap before GC invocations=4 (full 0):
 garbage-first heap   total 262144K, used 171141K [0x0000000700000000, 0x0000000800000000)
  region size 2048K, 76 young (155648K), 6 survivors (12288K)
 Metaspace       used 12520K, committed 12736K, reserved 1114112K
  class space    used 1164K, committed 1280K, reserved 1048576K
}
Event: 2.834 GC heap after
{Heap after GC invocations=5 (full 0):
 garbage-first heap   total 262144K, used 33285K [0x0000000700000000, 0x0000000800000000)
  region size 2048K, 8 young (16384K), 8 survivors (16384K)
 Metaspace       used 12520K, committed 12736K, reserved 1114112K
  class space    used 1164K, committed 1280K, reserved 1048576K
}
Event: 4.454 GC heap before
{Heap before GC invocations=5 (full 0):
 garbage-first heap   total 262144K, used 147973K [0x0000000700000000, 0x0000000800000000)
  region size 2048K, 65 young (133120K), 8 survivors (16384K)
 Metaspace       used 21212K, committed 21504K, reserved 1114112K
  class space    used 2206K, committed 2368K, reserved 1048576K
}
Event: 4.469 GC heap after
{Heap after GC invocations=6 (full 0):
 garbage-first heap   total 262144K, used 39283K [0x0000000700000000, 0x0000000800000000)
  region size 2048K, 6 young (12288K), 6 survivors (12288K)
 Metaspace       used 21212K, committed 21504K, reserved 1114112K
  class space    used 2206K, committed 2368K, reserved 1048576K
}
Event: 5.658 GC heap before
{Heap before GC invocations=7 (full 0):
 garbage-first heap   total 143360K, used 117107K [0x0000000700000000, 0x0000000800000000)
  region size 2048K, 42 young (86016K), 6 survivors (12288K)
 Metaspace       used 26022K, committed 26368K, reserved 1114112K
  class space    used 2903K, committed 3072K, reserved 1048576K
}
Event: 5.689 GC heap after
{Heap after GC invocations=8 (full 0):
 garbage-first heap   total 151552K, used 63765K [0x0000000700000000, 0x0000000800000000)
  region size 2048K, 6 young (12288K), 6 survivors (12288K)
 Metaspace       used 26022K, committed 26368K, reserved 1114112K
  class space    used 2903K, committed 3072K, reserved 1048576K
}
Event: 5.719 GC heap before
{Heap before GC invocations=8 (full 0):
 garbage-first heap   total 151552K, used 80149K [0x0000000700000000, 0x0000000800000000)
  region size 2048K, 7 young (14336K), 6 survivors (12288K)
 Metaspace       used 26024K, committed 26368K, reserved 1114112K
  class space    used 2903K, committed 3072K, reserved 1048576K
}
Event: 5.734 GC heap after
{Heap after GC invocations=9 (full 0):
 garbage-first heap   total 182272K, used 75089K [0x0000000700000000, 0x0000000800000000)
  region size 2048K, 1 young (2048K), 1 survivors (2048K)
 Metaspace       used 26024K, committed 26368K, reserved 1114112K
  class space    used 2903K, committed 3072K, reserved 1048576K
}

Dll operation events (8 events):
Event: 0.010 Loaded shared library /Library/Java/JavaVirtualMachines/temurin-17.jdk/Contents/Home/lib/libjava.dylib
Event: 0.097 Loaded shared library /Library/Java/JavaVirtualMachines/temurin-17.jdk/Contents/Home/lib/libnio.dylib
Event: 0.186 Loaded shared library /Library/Java/JavaVirtualMachines/temurin-17.jdk/Contents/Home/lib/libzip.dylib
Event: 0.276 Loaded shared library /Library/Java/JavaVirtualMachines/temurin-17.jdk/Contents/Home/lib/libnet.dylib
Event: 0.297 Loaded shared library /Library/Java/JavaVirtualMachines/temurin-17.jdk/Contents/Home/lib/libjimage.dylib
Event: 0.769 Loaded shared library /Library/Java/JavaVirtualMachines/temurin-17.jdk/Contents/Home/lib/libverify.dylib
Event: 3.702 Loaded shared library /Library/Java/JavaVirtualMachines/temurin-17.jdk/Contents/Home/lib/libmanagement.dylib
Event: 3.705 Loaded shared library /Library/Java/JavaVirtualMachines/temurin-17.jdk/Contents/Home/lib/libmanagement_ext.dylib

Deoptimization events (20 events):
Event: 6.036 Thread 0x00007f8b1f808200 DEOPT PACKING pc=0x000000010d882afe sp=0x000070000e1eb5b0
Event: 6.036 Thread 0x00007f8b1f808200 DEOPT UNPACKING pc=0x000000011480ce2f sp=0x000070000e1eaa60 mode 0
Event: 6.036 Thread 0x00007f8b1f808200 DEOPT PACKING pc=0x000000010d882afe sp=0x000070000e1eb5b0
Event: 6.036 Thread 0x00007f8b1f808200 DEOPT UNPACKING pc=0x000000011480ce2f sp=0x000070000e1eaa60 mode 0
Event: 6.037 Thread 0x00007f8b1f808200 DEOPT PACKING pc=0x000000010d882afe sp=0x000070000e1eb5b0
Event: 6.037 Thread 0x00007f8b1f808200 DEOPT UNPACKING pc=0x000000011480ce2f sp=0x000070000e1eaa60 mode 0
Event: 6.037 Thread 0x00007f8b1f808200 DEOPT PACKING pc=0x000000010d882afe sp=0x000070000e1eb750
Event: 6.037 Thread 0x00007f8b1f808200 DEOPT UNPACKING pc=0x000000011480ce2f sp=0x000070000e1eac00 mode 0
Event: 6.038 Thread 0x00007f8b1f808200 DEOPT PACKING pc=0x000000010d882afe sp=0x000070000e1eb750
Event: 6.038 Thread 0x00007f8b1f808200 DEOPT UNPACKING pc=0x000000011480ce2f sp=0x000070000e1eac00 mode 0
Event: 6.060 Thread 0x00007f8b1f808200 DEOPT PACKING pc=0x000000010d8b87da sp=0x000070000e1ebce0
Event: 6.060 Thread 0x00007f8b1f808200 DEOPT UNPACKING pc=0x000000011480ce2f sp=0x000070000e1eb168 mode 0
Event: 6.107 Thread 0x00007f8b1f808200 DEOPT PACKING pc=0x000000010d3383bc sp=0x000070000e1eaf30
Event: 6.107 Thread 0x00007f8b1f808200 DEOPT UNPACKING pc=0x000000011480ce2f sp=0x000070000e1ea3c8 mode 0
Event: 6.149 Thread 0x00007f8b1f808200 DEOPT PACKING pc=0x000000010d3383bc sp=0x000070000e1eaf70
Event: 6.149 Thread 0x00007f8b1f808200 DEOPT UNPACKING pc=0x000000011480ce2f sp=0x000070000e1ea408 mode 0
Event: 6.166 Thread 0x00007f8b1f808200 DEOPT PACKING pc=0x000000010d5c70c3 sp=0x000070000e1eaf10
Event: 6.166 Thread 0x00007f8b1f808200 DEOPT UNPACKING pc=0x000000011480ce2f sp=0x000070000e1ea3c0 mode 0
Event: 6.183 Thread 0x00007f8b1f808200 DEOPT PACKING pc=0x000000010d3383bc sp=0x000070000e1eabc0
Event: 6.183 Thread 0x00007f8b1f808200 DEOPT UNPACKING pc=0x000000011480ce2f sp=0x000070000e1ea058 mode 0

Classes unloaded (0 events):
No events

Classes redefined (0 events):
No events

Internal exceptions (20 events):
Event: 4.910 Thread 0x00007f8b1f808200 Exception <a 'java/lang/NoSuchMethodError'{0x0000000706c1a488}: 'java.lang.Object java.lang.invoke.DirectMethodHandle$Holder.invokeStaticInit(java.lang.Object, java.lang.Object, java.lang.Object, java.lang.Object)'> (0x0000000706c1a488) 
thrown [src/hotspot/share/interpreter/linkResolver.cpp, line 759]
Event: 4.911 Thread 0x00007f8b1f808200 Exception <a 'java/lang/IncompatibleClassChangeError'{0x0000000706c1fd30}: Found class java.lang.Object, but interface was expected> (0x0000000706c1fd30) 
thrown [src/hotspot/share/interpreter/linkResolver.cpp, line 826]
Event: 4.915 Thread 0x00007f8b1f808200 Exception <a 'java/lang/IncompatibleClassChangeError'{0x0000000706c54e78}: Found class java.lang.Object, but interface was expected> (0x0000000706c54e78) 
thrown [src/hotspot/share/interpreter/linkResolver.cpp, line 826]
Event: 4.985 Thread 0x00007f8b1f808200 Exception <a 'java/lang/NoSuchMethodError'{0x0000000706a2dc60}: 'java.lang.Object java.lang.invoke.DirectMethodHandle$Holder.invokeVirtual(java.lang.Object, java.lang.Object, java.lang.Object)'> (0x0000000706a2dc60) 
thrown [src/hotspot/share/interpreter/linkResolver.cpp, line 759]
Event: 5.204 Thread 0x00007f8b1f808200 Exception <a 'java/lang/NoSuchMethodError'{0x0000000706212a68}: 'java.lang.Object java.lang.invoke.DirectMethodHandle$Holder.invokeStaticInit(java.lang.Object, java.lang.Object, java.lang.Object, java.lang.Object, java.lang.Object, java.lang.Object, java.lang.Object)'> (0x0000000706212a68) 
thrown [src/hotspot/share/interpreter/linkResolver.cpp, line 759]
Event: 5.205 Thread 0x00007f8b1f808200 Exception <a 'java/lang/NoSuchMethodError'{0x000000070621bf98}: 'java.lang.Object java.lang.invoke.DirectMethodHandle$Holder.invokeSpecial(java.lang.Object, java.lang.Object, java.lang.Object, java.lang.Object, java.lang.Object, java.lang.Object, java.lang.Object, java.lang.Object, java.lang.Object, java.lang.Object, java.lang.Object)'> (0x000000070621bf98) 
thrown [src/hotspot/share/interpreter/linkResolver.cpp, line 759]
Event: 5.206 Thread 0x00007f8b1f808200 Exception <a 'java/lang/NoSuchMethodError'{0x0000000706220768}: 'java.lang.Object java.lang.invoke.Invokers$Holder.invoke_MT(java.lang.Object, java.lang.Object, java.lang.Object, java.lang.Object, java.lang.Object, java.lang.Object, java.lang.Object, java.lang.Object, java.lang.Object, java.lang.Object, java.lang.Object)'> (0x0000000706220768) 
thrown [src/hotspot/share/interpreter/linkResolver.cpp, line 759]
Event: 5.213 Thread 0x00007f8b1f808200 Exception <a 'java/lang/NoSuchMethodError'{0x0000000706243130}: 'int java.lang.invoke.DirectMethodHandle$Holder.invokeVirtual(java.lang.Object, java.lang.Object)'> (0x0000000706243130) 
thrown [src/hotspot/share/interpreter/linkResolver.cpp, line 759]
Event: 5.214 Thread 0x00007f8b1f808200 Exception <a 'java/lang/NoSuchMethodError'{0x0000000706247058}: 'int java.lang.invoke.DirectMethodHandle$Holder.invokeStaticInit(java.lang.Object, int, int)'> (0x0000000706247058) 
thrown [src/hotspot/share/interpreter/linkResolver.cpp, line 759]
Event: 5.215 Thread 0x00007f8b1f808200 Exception <a 'java/lang/NoSuchMethodError'{0x000000070624e848}: 'int java.lang.invoke.DirectMethodHandle$Holder.invokeStaticInit(java.lang.Object, long, long)'> (0x000000070624e848) 
thrown [src/hotspot/share/interpreter/linkResolver.cpp, line 759]
Event: 5.215 Thread 0x00007f8b1f808200 Exception <a 'java/lang/NoSuchMethodError'{0x0000000706255698}: 'int java.lang.invoke.DirectMethodHandle$Holder.invokeStaticInit(java.lang.Object, float, float)'> (0x0000000706255698) 
thrown [src/hotspot/share/interpreter/linkResolver.cpp, line 759]
Event: 5.216 Thread 0x00007f8b1f808200 Exception <a 'java/lang/NoSuchMethodError'{0x000000070625c4f0}: 'int java.lang.invoke.DirectMethodHandle$Holder.invokeStaticInit(java.lang.Object, double, double)'> (0x000000070625c4f0) 
thrown [src/hotspot/share/interpreter/linkResolver.cpp, line 759]
Event: 5.217 Thread 0x00007f8b1f808200 Exception <a 'java/lang/NoSuchMethodError'{0x00000007062609e0}: 'int java.lang.invoke.DirectMethodHandle$Holder.invokeStatic(java.lang.Object, long)'> (0x00000007062609e0) 
thrown [src/hotspot/share/interpreter/linkResolver.cpp, line 759]
Event: 5.262 Thread 0x00007f8b1f808200 Exception <a 'java/lang/IncompatibleClassChangeError'{0x00000007063b8610}: Found class java.lang.Object, but interface was expected> (0x00000007063b8610) 
thrown [src/hotspot/share/interpreter/linkResolver.cpp, line 826]
Event: 5.486 Thread 0x00007f8b1f808200 Implicit null exception at 0x0000000114efc426 to 0x0000000114efd238
Event: 5.929 Thread 0x00007f8b1f808200 Exception <a 'java/lang/NoSuchMethodError'{0x00000007094b6b98}: 'int java.lang.invoke.DirectMethodHandle$Holder.invokeStatic(java.lang.Object, java.lang.Object, int)'> (0x00000007094b6b98) 
thrown [src/hotspot/share/interpreter/linkResolver.cpp, line 759]
Event: 6.003 Thread 0x00007f8b1f808200 Implicit null exception at 0x0000000114ea8fb0 to 0x0000000114eaa43c
Event: 6.056 Thread 0x00007f8b1f808200 Exception <a 'java/lang/NoSuchMethodError'{0x0000000708ebd688}: 'java.lang.Object java.lang.invoke.DirectMethodHandle$Holder.invokeInterface(java.lang.Object, java.lang.Object, java.lang.Object)'> (0x0000000708ebd688) 
thrown [src/hotspot/share/interpreter/linkResolver.cpp, line 759]
Event: 6.056 Thread 0x00007f8b1f808200 Exception <a 'java/lang/IncompatibleClassChangeError'{0x0000000708ec0d50}: Found class java.lang.Object, but interface was expected> (0x0000000708ec0d50) 
thrown [src/hotspot/share/interpreter/linkResolver.cpp, line 826]
Event: 6.172 Thread 0x00007f8b1f808200 Exception <a 'java/lang/NoSuchMethodError'{0x0000000708552780}: 'java.lang.Object java.lang.invoke.DirectMethodHandle$Holder.invokeVirtual(java.lang.Object, java.lang.Object, java.lang.Object, java.lang.Object)'> (0x0000000708552780) 
thrown [src/hotspot/share/interpreter/linkResolver.cpp, line 759]

VM Operations (20 events):
Event: 4.507 Executing VM operation: G1PauseCleanup
Event: 4.507 Executing VM operation: G1PauseCleanup done
Event: 4.526 Executing VM operation: HandshakeAllThreads
Event: 4.526 Executing VM operation: HandshakeAllThreads done
Event: 4.748 Executing VM operation: HandshakeAllThreads
Event: 4.749 Executing VM operation: HandshakeAllThreads done
Event: 4.834 Executing VM operation: HandshakeAllThreads
Event: 4.834 Executing VM operation: HandshakeAllThreads done
Event: 4.969 Executing VM operation: ICBufferFull
Event: 4.969 Executing VM operation: ICBufferFull done
Event: 5.363 Executing VM operation: HandshakeAllThreads
Event: 5.363 Executing VM operation: HandshakeAllThreads done
Event: 5.658 Executing VM operation: G1CollectForAllocation
Event: 5.689 Executing VM operation: G1CollectForAllocation done
Event: 5.719 Executing VM operation: G1CollectForAllocation
Event: 5.734 Executing VM operation: G1CollectForAllocation done
Event: 5.920 Executing VM operation: HandshakeAllThreads
Event: 5.920 Executing VM operation: HandshakeAllThreads done
Event: 6.046 Executing VM operation: HandshakeAllThreads
Event: 6.046 Executing VM operation: HandshakeAllThreads done

Events (20 events):
Event: 6.009 loading class java/nio/channels/CompletionHandler
Event: 6.009 loading class java/nio/channels/CompletionHandler done
Event: 6.040 loading class java/net/URL$2
Event: 6.040 loading class java/net/URL$2 done
Event: 6.040 loading class java/net/URL$1
Event: 6.040 loading class java/net/URL$1 done
Event: 6.040 loading class java/net/spi/URLStreamHandlerProvider
Event: 6.040 loading class java/net/spi/URLStreamHandlerProvider done
Event: 6.044 loading class sun/net/www/protocol/https/Handler
Event: 6.045 loading class sun/net/www/protocol/http/Handler
Event: 6.045 loading class sun/net/www/protocol/http/Handler done
Event: 6.045 loading class sun/net/www/protocol/https/Handler done
Event: 6.050 loading class jdk/internal/misc/ScopedMemoryAccess$Scope
Event: 6.051 loading class jdk/internal/misc/ScopedMemoryAccess$Scope done
Event: 6.051 loading class jdk/internal/loader/URLClassPath$FileLoader$1
Event: 6.051 loading class jdk/internal/loader/URLClassPath$FileLoader$1 done
Event: 6.161 loading class java/util/Comparators$NaturalOrderComparator
Event: 6.161 loading class java/util/Comparators$NaturalOrderComparator done
Event: 6.162 loading class java/util/Collections$ReverseComparator2
Event: 6.162 loading class java/util/Collections$ReverseComparator2 done


Dynamic libraries:
0x0000000100324000 	/Library/Java/JavaVirtualMachines/temurin-17.jdk/Contents/Home/lib/libjli.dylib
0x00007ff81aaf2000 	/System/Library/Frameworks/Cocoa.framework/Versions/A/Cocoa
0x00007ff806744000 	/System/Library/Frameworks/AppKit.framework/Versions/C/AppKit
0x00007ff809c5b000 	/System/Library/Frameworks/CoreData.framework/Versions/A/CoreData
0x00007ff804b47000 	/System/Library/Frameworks/Foundation.framework/Versions/C/Foundation
0x00007ff80ea7e000 	/usr/lib/libSystem.B.dylib
0x00007ff8075d4000 	/System/Library/PrivateFrameworks/UIFoundation.framework/Versions/A/UIFoundation
0x00007ff8149f3000 	/System/Library/PrivateFrameworks/RemoteViewServices.framework/Versions/A/RemoteViewServices
0x00007ff80ccd2000 	/System/Library/PrivateFrameworks/XCTTargetBootstrap.framework/Versions/A/XCTTargetBootstrap
0x00007ff810889000 	/System/Library/PrivateFrameworks/InternationalSupport.framework/Versions/A/InternationalSupport
0x00007ff810913000 	/System/Library/PrivateFrameworks/UserActivity.framework/Versions/A/UserActivity
0x00007ff80fc65000 	/usr/lib/libspindump.dylib
0x00007ff807863000 	/System/Library/Frameworks/UniformTypeIdentifiers.framework/Versions/A/UniformTypeIdentifiers
0x00007ff80b3f6000 	/usr/lib/libapp_launch_measurement.dylib
0x00007ff80a62d000 	/System/Library/PrivateFrameworks/CoreAnalytics.framework/Versions/A/CoreAnalytics
0x00007ff80b3f9000 	/System/Library/PrivateFrameworks/CoreAutoLayout.framework/Versions/A/CoreAutoLayout
0x00007ff80c629000 	/System/Library/Frameworks/Metal.framework/Versions/A/Metal
0x00007ff80d358000 	/usr/lib/liblangid.dylib
0x00007ff80ccd7000 	/System/Library/PrivateFrameworks/CoreSVG.framework/Versions/A/CoreSVG
0x00007ff808c4f000 	/System/Library/PrivateFrameworks/SkyLight.framework/Versions/A/SkyLight
0x00007ff808fee000 	/System/Library/Frameworks/CoreGraphics.framework/Versions/A/CoreGraphics
0x00007ff8150b3000 	/System/Library/Frameworks/Accelerate.framework/Versions/A/Accelerate
0x00007ff80f6e4000 	/System/Library/PrivateFrameworks/IconServices.framework/Versions/A/IconServices
0x00007ff80c60e000 	/System/Library/Frameworks/IOSurface.framework/Versions/A/IOSurface
0x00007ff80a65b000 	/usr/lib/libDiagnosticMessagesClient.dylib
0x00007ff80e99e000 	/usr/lib/libz.1.dylib
0x00007ff818796000 	/System/Library/Frameworks/ApplicationServices.framework/Versions/A/ApplicationServices
0x00007ff80ccbe000 	/System/Library/PrivateFrameworks/DFRFoundation.framework/Versions/A/DFRFoundation
0x00007ff80602c000 	/usr/lib/libicucore.A.dylib
0x00007ff81167f000 	/System/Library/Frameworks/AudioToolbox.framework/Versions/A/AudioToolbox
0x00007ff810895000 	/System/Library/PrivateFrameworks/DataDetectorsCore.framework/Versions/A/DataDetectorsCore
0x00007ff90cd92000 	/System/Library/PrivateFrameworks/TextInput.framework/Versions/A/TextInput
0x00007ff808bd2000 	/usr/lib/libMobileGestalt.dylib
0x00007ff80c9ca000 	/System/Library/Frameworks/Carbon.framework/Versions/A/Frameworks/HIToolbox.framework/Versions/A/HIToolbox
0x00007ff80adf8000 	/System/Library/Frameworks/QuartzCore.framework/Versions/A/QuartzCore
0x00007ff805cd1000 	/System/Library/Frameworks/Security.framework/Versions/A/Security
0x00007ff814a2b000 	/System/Library/Frameworks/Carbon.framework/Versions/A/Frameworks/SpeechRecognition.framework/Versions/A/SpeechRecognition
0x00007ff80b156000 	/System/Library/PrivateFrameworks/CoreUI.framework/Versions/A/CoreUI
0x00007ff80559b000 	/System/Library/Frameworks/CoreAudio.framework/Versions/A/CoreAudio
0x00007ff80a74a000 	/System/Library/Frameworks/DiskArbitration.framework/Versions/A/DiskArbitration
0x00007ff810055000 	/System/Library/PrivateFrameworks/MultitouchSupport.framework/Versions/A/MultitouchSupport
0x00007ff808bd1000 	/usr/lib/libenergytrace.dylib
0x00007ff806630000 	/System/Library/Frameworks/IOKit.framework/Versions/A/IOKit
0x00007ff814e1b000 	/System/Library/Frameworks/CoreServices.framework/Versions/A/CoreServices
0x00007ff80b390000 	/System/Library/PrivateFrameworks/PerformanceAnalysis.framework/Versions/A/PerformanceAnalysis
0x00007ffa1ca71000 	/System/Library/Frameworks/OpenGL.framework/Versions/A/OpenGL
0x00007ff80dfba000 	/System/Library/PrivateFrameworks/MobileKeyBag.framework/Versions/A/MobileKeyBag
0x00007ff803b11000 	/usr/lib/libobjc.A.dylib
0x00007ff8096ba000 	/System/Library/Frameworks/ColorSync.framework/Versions/A/ColorSync
0x00007ff803ccb000 	/System/Library/Frameworks/CoreFoundation.framework/Versions/A/CoreFoundation
0x00007ff80cf4e000 	/System/Library/Frameworks/CoreImage.framework/Versions/A/CoreImage
0x00007ff8053af000 	/System/Library/Frameworks/CoreText.framework/Versions/A/CoreText
0x00007ff80cd07000 	/System/Library/Frameworks/ImageIO.framework/Versions/A/ImageIO
0x00007ff80ea84000 	/System/Library/PrivateFrameworks/SoftLinking.framework/Versions/A/SoftLinking
0x00007ff80b441000 	/usr/lib/libxml2.2.dylib
0x00007ff803bd7000 	/usr/lib/libc++.1.dylib
0x00007ff80ed08000 	/usr/lib/libcompression.dylib
0x00007ff8107bc000 	/System/Library/PrivateFrameworks/TextureIO.framework/Versions/A/TextureIO
0x00007ff80f3f6000 	/usr/lib/libate.dylib
0x00007ff80ea79000 	/usr/lib/system/libcache.dylib
0x00007ff80ea35000 	/usr/lib/system/libcommonCrypto.dylib
0x00007ff80ea5e000 	/usr/lib/system/libcompiler_rt.dylib
0x00007ff80ea54000 	/usr/lib/system/libcopyfile.dylib
0x00007ff803a0c000 	/usr/lib/system/libcorecrypto.dylib
0x00007ff803aca000 	/usr/lib/system/libdispatch.dylib
0x00007ff803c8a000 	/usr/lib/system/libdyld.dylib
0x00007ff80ea70000 	/usr/lib/system/libkeymgr.dylib
0x00007ff80ea13000 	/usr/lib/system/libmacho.dylib
0x00007ff80e094000 	/usr/lib/system/libquarantine.dylib
0x00007ff80ea6e000 	/usr/lib/system/libremovefile.dylib
0x00007ff808c1f000 	/usr/lib/system/libsystem_asl.dylib
0x00007ff8039b5000 	/usr/lib/system/libsystem_blocks.dylib
0x00007ff803b4e000 	/usr/lib/system/libsystem_c.dylib
0x00007ff80ea66000 	/usr/lib/system/libsystem_collections.dylib
0x00007ff80d348000 	/usr/lib/system/libsystem_configuration.dylib
0x00007ff80c5f1000 	/usr/lib/system/libsystem_containermanager.dylib
0x00007ff80e74b000 	/usr/lib/system/libsystem_coreservices.dylib
0x00007ff8062c0000 	/usr/lib/system/libsystem_darwin.dylib
0x00007ff80ea71000 	/usr/lib/system/libsystem_dnssd.dylib
0x00007ff803b4b000 	/usr/lib/system/libsystem_featureflags.dylib
0x00007ff803ca0000 	/usr/lib/system/libsystem_info.dylib
0x00007ff80e9b1000 	/usr/lib/system/libsystem_m.dylib
0x00007ff803a9e000 	/usr/lib/system/libsystem_malloc.dylib
0x00007ff808bba000 	/usr/lib/system/libsystem_networkextension.dylib
0x00007ff8066e6000 	/usr/lib/system/libsystem_notify.dylib
0x00007ff814cf0000 	/usr/lib/system/libsystem_product_info_filter.dylib
0x00007ff80d34c000 	/usr/lib/system/libsystem_sandbox.dylib
0x00007ff80ea6b000 	/usr/lib/system/libsystem_secinit.dylib
0x00007ff803c46000 	/usr/lib/system/libsystem_kernel.dylib
0x00007ff803c96000 	/usr/lib/system/libsystem_platform.dylib
0x00007ff803c7e000 	/usr/lib/system/libsystem_pthread.dylib
0x00007ff80a46d000 	/usr/lib/system/libsystem_symptoms.dylib
0x00007ff8039f3000 	/usr/lib/system/libsystem_trace.dylib
0x00007ff80ea41000 	/usr/lib/system/libunwind.dylib
0x00007ff8039b7000 	/usr/lib/system/libxpc.dylib
0x00007ff803c30000 	/usr/lib/libc++abi.dylib
0x00007ff80ea4c000 	/usr/lib/liboah.dylib
0x00007ff80f1d2000 	/usr/lib/liblzma.5.dylib
0x00007ff804859000 	/System/Library/Frameworks/SystemConfiguration.framework/Versions/A/SystemConfiguration
0x00007ff80ea80000 	/usr/lib/libfakelink.dylib
0x00007ff80872a000 	/System/Library/Frameworks/CFNetwork.framework/Versions/A/CFNetwork
0x00007ff80ebc1000 	/usr/lib/libarchive.2.dylib
0x00007ff80d354000 	/System/Library/PrivateFrameworks/AppleSystemInfo.framework/Versions/A/AppleSystemInfo
0x00007ff80e0bb000 	/usr/lib/libbsm.0.dylib
0x00007ff807d39000 	/usr/lib/libnetwork.dylib
0x00007ff80ea19000 	/usr/lib/system/libkxld.dylib
0x00007ff80dcee000 	/System/Library/PrivateFrameworks/IOMobileFramebuffer.framework/Versions/A/IOMobileFramebuffer
0x00007ffb1c448000 	/usr/lib/libCoreEntitlements.dylib
0x00007ff80e72d000 	/System/Library/PrivateFrameworks/AppleFSCompression.framework/Versions/A/AppleFSCompression
0x00007ff80e0a3000 	/usr/lib/libcoretls.dylib
0x00007ff80f1ec000 	/usr/lib/libcoretls_cfhelpers.dylib
0x00007ff80ed03000 	/usr/lib/libpam.2.dylib
0x00007ff80a08c000 	/usr/lib/libsqlite3.dylib
0x00007ff80f25b000 	/usr/lib/libxar.1.dylib
0x00007ff80e73d000 	/usr/lib/libbz2.1.0.dylib
0x00007ff80ea85000 	/usr/lib/libpcap.A.dylib
0x00007ff80a465000 	/usr/lib/libdns_services.dylib
0x00007ff80ecd3000 	/usr/lib/libapple_nghttp2.dylib
0x00007ff80eabf000 	/usr/lib/libiconv.2.dylib
0x00007ff80ea12000 	/usr/lib/libcharset.1.dylib
0x00007ff80b3c4000 	/System/Library/Frameworks/CoreServices.framework/Versions/A/Frameworks/FSEvents.framework/Versions/A/FSEvents
0x00007ff8062ca000 	/System/Library/Frameworks/CoreServices.framework/Versions/A/Frameworks/CarbonCore.framework/Versions/A/CarbonCore
0x00007ff80a6ae000 	/System/Library/Frameworks/CoreServices.framework/Versions/A/Frameworks/Metadata.framework/Versions/A/Metadata
0x00007ff80e750000 	/System/Library/Frameworks/CoreServices.framework/Versions/A/Frameworks/OSServices.framework/Versions/A/OSServices
0x00007ff80ec48000 	/System/Library/Frameworks/CoreServices.framework/Versions/A/Frameworks/SearchKit.framework/Versions/A/SearchKit
0x00007ff80a3f7000 	/System/Library/Frameworks/CoreServices.framework/Versions/A/Frameworks/AE.framework/Versions/A/AE
0x00007ff8041ce000 	/System/Library/Frameworks/CoreServices.framework/Versions/A/Frameworks/LaunchServices.framework/Versions/A/LaunchServices
0x00007ff80f183000 	/System/Library/Frameworks/CoreServices.framework/Versions/A/Frameworks/DictionaryServices.framework/Versions/A/DictionaryServices
0x00007ff80b3d1000 	/System/Library/Frameworks/CoreServices.framework/Versions/A/Frameworks/SharedFileList.framework/Versions/A/SharedFileList
0x00007ff80e097000 	/usr/lib/libCheckFix.dylib
0x00007ff808c36000 	/System/Library/PrivateFrameworks/TCC.framework/Versions/A/TCC
0x00007ff80d35a000 	/System/Library/PrivateFrameworks/CoreNLP.framework/Versions/A/CoreNLP
0x00007ff80a65e000 	/System/Library/PrivateFrameworks/MetadataUtilities.framework/Versions/A/MetadataUtilities
0x00007ff80490a000 	/usr/lib/libmecabra.dylib
0x00007ff80e0cb000 	/usr/lib/libmecab.dylib
0x00007ff8048d5000 	/usr/lib/libCRFSuite.dylib
0x00007ff80e125000 	/usr/lib/libgermantok.dylib
0x00007ff80ecae000 	/usr/lib/libThaiTokenizer.dylib
0x00007ff80a751000 	/System/Library/Frameworks/Accelerate.framework/Versions/A/Frameworks/vImage.framework/Versions/A/vImage
0x00007ff814df2000 	/System/Library/Frameworks/Accelerate.framework/Versions/A/Frameworks/vecLib.framework/Versions/A/vecLib
0x00007ff80f29c000 	/System/Library/Frameworks/Accelerate.framework/Versions/A/Frameworks/vecLib.framework/Versions/A/libvMisc.dylib
0x00007ff80db19000 	/System/Library/Frameworks/Accelerate.framework/Versions/A/Frameworks/vecLib.framework/Versions/A/libvDSP.dylib
0x00007ff804549000 	/System/Library/Frameworks/Accelerate.framework/Versions/A/Frameworks/vecLib.framework/Versions/A/libBLAS.dylib
0x00007ff80ede5000 	/System/Library/Frameworks/Accelerate.framework/Versions/A/Frameworks/vecLib.framework/Versions/A/libLAPACK.dylib
0x00007ff80e128000 	/System/Library/Frameworks/Accelerate.framework/Versions/A/Frameworks/vecLib.framework/Versions/A/libLinearAlgebra.dylib
0x00007ff80eceb000 	/System/Library/Frameworks/Accelerate.framework/Versions/A/Frameworks/vecLib.framework/Versions/A/libSparseBLAS.dylib
0x00007ff80eddf000 	/System/Library/Frameworks/Accelerate.framework/Versions/A/Frameworks/vecLib.framework/Versions/A/libQuadrature.dylib
0x00007ff80d445000 	/System/Library/Frameworks/Accelerate.framework/Versions/A/Frameworks/vecLib.framework/Versions/A/libBNNS.dylib
0x00007ff8047e3000 	/System/Library/Frameworks/Accelerate.framework/Versions/A/Frameworks/vecLib.framework/Versions/A/libSparse.dylib
0x00007ff80d43e000 	/System/Library/PrivateFrameworks/LinguisticData.framework/Versions/A/LinguisticData
0x00007ff804799000 	/System/Library/PrivateFrameworks/Lexicon.framework/Versions/A/Lexicon
0x00007ff80f295000 	/usr/lib/libChineseTokenizer.dylib
0x00007ff804f04000 	/System/Library/PrivateFrameworks/LanguageModeling.framework/Versions/A/LanguageModeling
0x00007ff80ecb0000 	/System/Library/PrivateFrameworks/AppleSauce.framework/Versions/A/AppleSauce
0x00007ff80dcdc000 	/System/Library/PrivateFrameworks/CoreEmoji.framework/Versions/A/CoreEmoji
0x00007ff80ebb0000 	/usr/lib/libcmph.dylib
0x00007ff80b3a8000 	/System/Library/Frameworks/OpenDirectory.framework/Versions/A/Frameworks/CFOpenDirectory.framework/Versions/A/CFOpenDirectory
0x00007ff80b39c000 	/System/Library/Frameworks/OpenDirectory.framework/Versions/A/OpenDirectory
0x00007ff80f1ee000 	/System/Library/PrivateFrameworks/APFS.framework/Versions/A/APFS
0x00007ff80dff2000 	/System/Library/Frameworks/SecurityFoundation.framework/Versions/A/SecurityFoundation
0x00007ff80f269000 	/usr/lib/libutil.dylib
0x00007ff8065f4000 	/System/Library/PrivateFrameworks/CoreServicesStore.framework/Versions/A/CoreServicesStore
0x00007ff80f26d000 	/usr/lib/libxslt.1.dylib
0x00007ff80e07f000 	/System/Library/PrivateFrameworks/BackgroundTaskManagement.framework/Versions/A/BackgroundTaskManagement
0x00007ff8106dc000 	/System/Library/Frameworks/ImageIO.framework/Versions/A/Resources/libRadiance.dylib
0x00007ff8106e5000 	/System/Library/Frameworks/ImageIO.framework/Versions/A/Resources/libJPEG.dylib
0x00007ff810634000 	/System/Library/Frameworks/ImageIO.framework/Versions/A/Resources/libPng.dylib
0x00007ff810655000 	/System/Library/Frameworks/ImageIO.framework/Versions/A/Resources/libTIFF.dylib
0x00007ff810745000 	/System/Library/Frameworks/ImageIO.framework/Versions/A/Resources/libGIF.dylib
0x00007ff80ff6f000 	/System/Library/Frameworks/ImageIO.framework/Versions/A/Resources/libJP2.dylib
0x00007ff80f6ab000 	/usr/lib/libexpat.1.dylib
0x00007ff80ff24000 	/System/Library/PrivateFrameworks/AppleJPEG.framework/Versions/A/AppleJPEG
0x00007ff80c88e000 	/System/Library/PrivateFrameworks/FontServices.framework/libFontParser.dylib
0x00007ff80a3a1000 	/System/Library/PrivateFrameworks/RunningBoardServices.framework/Versions/A/RunningBoardServices
0x00007ff81b0ad000 	/System/Library/PrivateFrameworks/IOSurfaceAccelerator.framework/Versions/A/IOSurfaceAccelerator
0x00007ff810051000 	/System/Library/PrivateFrameworks/WatchdogClient.framework/Versions/A/WatchdogClient
0x00007ff804ff2000 	/System/Library/Frameworks/CoreDisplay.framework/Versions/A/CoreDisplay
0x00007ff80c78c000 	/System/Library/Frameworks/CoreMedia.framework/Versions/A/CoreMedia
0x00007ff80c620000 	/System/Library/PrivateFrameworks/IOAccelerator.framework/Versions/A/IOAccelerator
0x00007ff80b525000 	/System/Library/Frameworks/CoreVideo.framework/Versions/A/CoreVideo
0x00007ff80ed01000 	/System/Library/Frameworks/MetalPerformanceShaders.framework/Versions/A/MetalPerformanceShaders
0x00007ff81008e000 	/System/Library/Frameworks/VideoToolbox.framework/Versions/A/VideoToolbox
0x00007ff80a2eb000 	/System/Library/PrivateFrameworks/BaseBoard.framework/Versions/A/BaseBoard
0x00007ff80a072000 	/System/Library/PrivateFrameworks/ProtocolBuffer.framework/Versions/A/ProtocolBuffer
0x00007ff8106d5000 	/System/Library/PrivateFrameworks/GPUWrangler.framework/Versions/A/GPUWrangler
0x00007ff8106b9000 	/System/Library/PrivateFrameworks/IOPresentment.framework/Versions/A/IOPresentment
0x00007ff8106df000 	/System/Library/PrivateFrameworks/DSExternalDisplay.framework/Versions/A/DSExternalDisplay
0x00007ffa1ca65000 	/System/Library/Frameworks/OpenGL.framework/Versions/A/Libraries/libCoreFSCache.dylib
0x00007ffb09b3b000 	/System/Library/PrivateFrameworks/GPUCompiler.framework/Versions/31001/Libraries/libGPUCompilerUtils.dylib
0x00007ff81074a000 	/System/Library/PrivateFrameworks/CMCaptureCore.framework/Versions/A/CMCaptureCore
0x00007ff80fc53000 	/System/Library/PrivateFrameworks/AppServerSupport.framework/Versions/A/AppServerSupport
0x00007ff811f18000 	/System/Library/PrivateFrameworks/perfdata.framework/Versions/A/perfdata
0x00007ff80511e000 	/System/Library/PrivateFrameworks/AudioToolboxCore.framework/Versions/A/AudioToolboxCore
0x00007ff80c76a000 	/System/Library/PrivateFrameworks/caulk.framework/Versions/A/caulk
0x00007ff81182a000 	/usr/lib/libAudioStatistics.dylib
0x00007ff909520000 	/System/Library/PrivateFrameworks/SystemPolicy.framework/Versions/A/SystemPolicy
0x00007ff811a85000 	/usr/lib/libSMC.dylib
0x00007ff81a9a5000 	/System/Library/Frameworks/CoreMIDI.framework/Versions/A/CoreMIDI
0x00007ff810603000 	/usr/lib/libAudioToolboxUtility.dylib
0x00007ff905748000 	/System/Library/PrivateFrameworks/OSAServicesClient.framework/Versions/A/OSAServicesClient
0x00007ff811f25000 	/usr/lib/libperfcheck.dylib
0x00007ff909fcd000 	/usr/lib/libmis.dylib
0x00007ffa1cac0000 	/System/Library/Frameworks/OpenGL.framework/Versions/A/Libraries/libGLU.dylib
0x00007ffa1ca84000 	/System/Library/Frameworks/OpenGL.framework/Versions/A/Libraries/libGFXShared.dylib
0x00007ffa1cc8d000 	/System/Library/Frameworks/OpenGL.framework/Versions/A/Libraries/libGL.dylib
0x00007ffa1ca8d000 	/System/Library/Frameworks/OpenGL.framework/Versions/A/Libraries/libGLImage.dylib
0x00007ffa1ca81000 	/System/Library/Frameworks/OpenGL.framework/Versions/A/Libraries/libCVMSPluginSupport.dylib
0x00007ffa1ca6c000 	/System/Library/Frameworks/OpenGL.framework/Versions/A/Libraries/libCoreVMClient.dylib
0x00007ff80d2d6000 	/System/Library/Frameworks/MetalPerformanceShaders.framework/Versions/A/Frameworks/MPSCore.framework/Versions/A/MPSCore
0x00007ff80e698000 	/System/Library/Frameworks/MetalPerformanceShaders.framework/Versions/A/Frameworks/MPSImage.framework/Versions/A/MPSImage
0x00007ff80e13e000 	/System/Library/Frameworks/MetalPerformanceShaders.framework/Versions/A/Frameworks/MPSNeuralNetwork.framework/Versions/A/MPSNeuralNetwork
0x00007ff80e5b2000 	/System/Library/Frameworks/MetalPerformanceShaders.framework/Versions/A/Frameworks/MPSMatrix.framework/Versions/A/MPSMatrix
0x00007ff80e36d000 	/System/Library/Frameworks/MetalPerformanceShaders.framework/Versions/A/Frameworks/MPSRayIntersector.framework/Versions/A/MPSRayIntersector
0x00007ff80e5ea000 	/System/Library/Frameworks/MetalPerformanceShaders.framework/Versions/A/Frameworks/MPSNDArray.framework/Versions/A/MPSNDArray
0x00007ffa22545000 	/System/Library/Frameworks/MetalPerformanceShaders.framework/Versions/A/Frameworks/MPSFunctions.framework/Versions/A/MPSFunctions
0x00007ff804425000 	/System/Library/PrivateFrameworks/MetalTools.framework/Versions/A/MetalTools
0x00007ff80d352000 	/System/Library/PrivateFrameworks/AggregateDictionary.framework/Versions/A/AggregateDictionary
0x00007ff80f48d000 	/usr/lib/libIOReport.dylib
0x00007ffa1e09c000 	/System/Library/Frameworks/OpenCL.framework/Versions/A/OpenCL
0x00007ff80f7f1000 	/System/Library/PrivateFrameworks/FaceCore.framework/Versions/A/FaceCore
0x00007ff80f7e2000 	/System/Library/PrivateFrameworks/GraphVisualizer.framework/Versions/A/GraphVisualizer
0x00007ffb09a46000 	/System/Library/PrivateFrameworks/FontServices.framework/Versions/A/FontServices
0x00007ff80fc0b000 	/System/Library/PrivateFrameworks/OTSVG.framework/Versions/A/OTSVG
0x00007ff80b10b000 	/System/Library/Frameworks/ApplicationServices.framework/Versions/A/Frameworks/ATS.framework/Versions/A/Resources/libFontRegistry.dylib
0x00007ff80fc5b000 	/System/Library/PrivateFrameworks/FontServices.framework/libhvf.dylib
0x00007ffb09a47000 	/System/Library/PrivateFrameworks/FontServices.framework/libXTFontStaticRegistryData.dylib
0x00007ff80f65b000 	/System/Library/PrivateFrameworks/AppleVA.framework/Versions/A/AppleVA
0x00007ff81184a000 	/System/Library/Frameworks/ApplicationServices.framework/Versions/A/Frameworks/ATS.framework/Versions/A/ATS
0x00007ff8097b8000 	/System/Library/Frameworks/ApplicationServices.framework/Versions/A/Frameworks/HIServices.framework/Versions/A/HIServices
0x00007ff810754000 	/System/Library/Frameworks/ApplicationServices.framework/Versions/A/Frameworks/PrintCore.framework/Versions/A/PrintCore
0x00007ff811bd8000 	/System/Library/Frameworks/ApplicationServices.framework/Versions/A/Frameworks/QD.framework/Versions/A/QD
0x00007ff811bd0000 	/System/Library/Frameworks/ApplicationServices.framework/Versions/A/Frameworks/ColorSyncLegacy.framework/Versions/A/ColorSyncLegacy
0x00007ff81183a000 	/System/Library/Frameworks/ApplicationServices.framework/Versions/A/Frameworks/SpeechSynthesis.framework/Versions/A/SpeechSynthesis
0x00007ff810715000 	/System/Library/Frameworks/ApplicationServices.framework/Versions/A/Frameworks/ATSUI.framework/Versions/A/ATSUI
0x00007ff811b65000 	/usr/lib/libcups.2.dylib
0x00007ff811f34000 	/System/Library/Frameworks/Kerberos.framework/Versions/A/Kerberos
0x00007ff811f43000 	/System/Library/Frameworks/GSS.framework/Versions/A/GSS
0x00007ff8118b6000 	/usr/lib/libresolv.9.dylib
0x00007ff80fc6a000 	/System/Library/PrivateFrameworks/Heimdal.framework/Versions/A/Heimdal
0x00007ff818b28000 	/System/Library/Frameworks/Kerberos.framework/Versions/A/Libraries/libHeimdalProxy.dylib
0x00007ff80a475000 	/System/Library/Frameworks/Network.framework/Versions/A/Network
0x00007ff80f6c5000 	/usr/lib/libheimdal-asn1.dylib
0x00007ff811f8e000 	/System/Library/PrivateFrameworks/CommonAuth.framework/Versions/A/CommonAuth
0x00007ff8117bc000 	/System/Library/PrivateFrameworks/AudioSession.framework/Versions/A/AudioSession
0x00007ff80f755000 	/System/Library/PrivateFrameworks/MediaExperience.framework/Versions/A/MediaExperience
0x00007ff81164e000 	/System/Library/PrivateFrameworks/AudioSession.framework/libSessionUtility.dylib
0x00007ff811be4000 	/System/Library/PrivateFrameworks/AudioResourceArbitration.framework/Versions/A/AudioResourceArbitration
0x00007ff815c65000 	/System/Library/PrivateFrameworks/PowerLog.framework/Versions/A/PowerLog
0x00007ff80f6ce000 	/System/Library/PrivateFrameworks/IconFoundation.framework/Versions/A/IconFoundation
0x00007ff814a1b000 	/System/Library/PrivateFrameworks/SpeechRecognitionCore.framework/Versions/A/SpeechRecognitionCore
0x0000000101430000 	/Library/Java/JavaVirtualMachines/temurin-17.jdk/Contents/Home/lib/server/libjvm.dylib
0x000000010035b000 	/Library/Java/JavaVirtualMachines/temurin-17.jdk/Contents/Home/lib/libjimage.dylib
0x00000001003d9000 	/Library/Java/JavaVirtualMachines/temurin-17.jdk/Contents/Home/lib/libjava.dylib
0x0000000100e40000 	/Library/Java/JavaVirtualMachines/temurin-17.jdk/Contents/Home/lib/libnio.dylib
0x0000000100e7a000 	/Library/Java/JavaVirtualMachines/temurin-17.jdk/Contents/Home/lib/libnet.dylib
0x0000000100ec2000 	/Library/Java/JavaVirtualMachines/temurin-17.jdk/Contents/Home/lib/libzip.dylib
0x0000000100e5c000 	/Library/Java/JavaVirtualMachines/temurin-17.jdk/Contents/Home/lib/libverify.dylib
0x0000000100e24000 	/Library/Java/JavaVirtualMachines/temurin-17.jdk/Contents/Home/lib/libmanagement.dylib
0x0000000100e9a000 	/Library/Java/JavaVirtualMachines/temurin-17.jdk/Contents/Home/lib/libmanagement_ext.dylib


VM Arguments:
jvm_args: -Dforge.logging.console.level=debug -Dforge.logging.markers=REGISTRIES -DignoreList=bootstraplauncher,securejarhandler,asm-commons,asm-util,asm-analysis,asm-tree,asm,JarJarFileSystems,client-extra,fmlcore,javafmllanguage,lowcodelanguage,mclanguage,forge- -Djava.net.preferIPv6Addresses=system -DlegacyClassPath.file=/Users/lukeyan/Downloads/forge-1.20.1-47.3.22-mdk 2/build/classpath/runData_minecraftClasspath.txt -DmergeModules=jna-5.10.0.jar,jna-platform-5.10.0.jar -Dmixin.env.refMapRemappingFile=/Users/lukeyan/Downloads/forge-1.20.1-47.3.22-mdk 2/build/createSrgToMcp/output.srg -Dmixin.env.remapRefMap=true --module-path=/Users/lukeyan/.gradle/caches/modules-2/files-2.1/cpw.mods/bootstraplauncher/1.1.2/c546e00443d8432cda6baa1c860346980742628/bootstraplauncher-1.1.2.jar:/Users/lukeyan/.gradle/caches/modules-2/files-2.1/cpw.mods/securejarhandler/2.1.10/51e6a22c6c716beb11e244bf5b8be480f51dd6b5/securejarhandler-2.1.10.jar:/Users/lukeyan/.gradle/caches/modules-2/files-2.1/org.ow2.asm/asm-commons/9.7.1/406c6a2225cfe1819f102a161e54cc16a5c24f75/asm-commons-9.7.1.jar:/Users/lukeyan/.gradle/caches/modules-2/files-2.1/org.ow2.asm/asm-util/9.7.1/9e23359b598ec6b74b23e53110dd5c577adf2243/asm-util-9.7.1.jar:/Users/lukeyan/.gradle/caches/modules-2/files-2.1/org.ow2.asm/asm-analysis/9.7.1/f97a3b319f0ed6a8cd944dc79060d3912a28985f/asm-analysis-9.7.1.jar:/Users/lukeyan/.gradle/caches/modules-2/files-2.1/org.ow2.asm/asm-tree/9.7.1/3a53139787663b139de76b627fca0084ab60d32c/asm-tree-9.7.1.jar:/Users/lukeyan/.gradle/caches/modules-2/files-2.1/org.ow2.asm/asm/9.7.1/f0ed132a49244b042cd0e15702ab9f2ce3cc8436/asm-9.7.1.jar:/Users/lukeyan/.gradle/caches/modules-2/files-2.1/net.minecraftforge/JarJarFileSystems/0.3.19/2464eb7d6b9ddb9db36a82cf8a95193e5c6fe020/JarJarFileSystems-0.3.19.jar --add-modules=ALL-MODULE-PATH --add-opens=java.base/java.util.jar=cpw.mods.securejarhandler --add-opens=java.base/java.lang.invoke=cpw.mods.securejarhandler --add-exports=java.base/sun.security.util=cpw.mods.securejarhandler --add-exports=jdk.naming.dns/com.sun.jndi.dns=java.naming -Dfile.encoding=UTF-8 -Duser.country=CA -Duser.language=en -Duser.variant 
java_command: cpw.mods.bootstraplauncher.BootstrapLauncher --launchTarget forgedatauserdev --assetIndex 5 --assetsDir /Users/lukeyan/.gradle/caches/forge_gradle/assets --gameDir . --fml.forgeVersion 47.3.22 --fml.mcVersion 1.20.1 --fml.forgeGroup net.minecraftforge --fml.mcpVersion 20230612.114412 --mod creategemfood --all --output /Users/lukeyan/Downloads/forge-1.20.1-47.3.22-mdk 2/src/generated/resources --existing /Users/lukeyan/Downloads/forge-1.20.1-47.3.22-mdk 2/src/main/resources
java_class_path (initial): /Users/lukeyan/Downloads/forge-1.20.1-47.3.22-mdk 2/build/classes/java/main:/Users/lukeyan/Downloads/forge-1.20.1-47.3.22-mdk 2/build/resources/main:/Users/lukeyan/.gradle/caches/forge_gradle/deobf_dependencies/com/simibubi/create/create-1.20.1/0.5.1.j-55_mapped_official_1.20.1/create-1.20.1-0.5.1.j-55_mapped_official_1.20.1-slim.jar:/Users/lukeyan/.gradle/caches/forge_gradle/deobf_dependencies/com/jozufozu/flywheel/flywheel-forge-1.20.1/0.6.11-13_mapped_official_1.20.1/flywheel-forge-1.20.1-0.6.11-13_mapped_official_1.20.1.jar:/Users/lukeyan/.gradle/caches/forge_gradle/deobf_dependencies/com/tterrag/registrate/Registrate/MC1.20-1.3.3_mapped_official_1.20.1/Registrate-MC1.20-1.3.3_mapped_official_1.20.1.jar:/Users/lukeyan/.gradle/caches/forge_gradle/minecraft_user_repo/net/minecraftforge/forge/1.20.1-47.3.22_mapped_official_1.20.1/forge-1.20.1-47.3.22_mapped_official_1.20.1-recomp.jar:/Users/lukeyan/.gradle/caches/forge_gradle/deobf_dependencies/mezz/jei/jei-1.20.1-forge/15.2.0.27_mapped_official_1.20.1/jei-1.20.1-forge-15.2.0.27_mapped_official_1.20.1.jar:/Users/lukeyan/.gradle/caches/forge_gradle/minecraft_repo/versions/1.20.1/client-extra.jar:/Users/lukeyan/.gradle/caches/modules-2/files-2.1/net.minecraftforge/fmlearlydisplay/1.20.1-47.3.22/c847e6564d023f01b09220f8992e042313ec8680/fmlearlydisplay-1.20.1-47.3.22.jar:/Users/lukeyan/.gradle/caches/modules-2/files-2.1/net.minecraftforge/javafmllanguage/1.20.1-47.3.22/9a1d96e9108940786d846c8cc0dac07100e79f56/javafmllanguage-1.20.1-47.3.22.jar:/Users/lukeyan/.gradle/caches/modules-2/files-2.1/net.minecraftforge/lowcodelanguage/1.20.1-47.3.22/2529f2c27d8f8a63ee54efc81fdfc3cea2d43c8/lowcodelanguage-1.20.1-47.3.22.jar:/Users/lukeyan/.gradle/caches/modules-2/files-2.1/net.minecraftforge/mclanguage/1.20.1-47.3.22/2de14adfd8715f1956007499d8d75c6a4e6fa872/mclanguage-1.20.1-47.3.22.jar:/Users/lukeyan/.gradle/caches/modules-2/files-2.1/net.minecraftforge/fmlcore/1.20.1-47.3.22/cf26aeb747e0d323f8eed9
Launcher Type: SUN_STANDARD

[Global flags]
     intx CICompilerCount                          = 3                                         {product} {ergonomic}
     uint ConcGCThreads                            = 1                                         {product} {ergonomic}
     uint G1ConcRefinementThreads                  = 4                                         {product} {ergonomic}
   size_t G1HeapRegionSize                         = 2097152                                   {product} {ergonomic}
    uintx GCDrainStackTargetSize                   = 64                                        {product} {ergonomic}
   size_t InitialHeapSize                          = 268435456                                 {product} {ergonomic}
   size_t MarkStackSize                            = 4194304                                   {product} {ergonomic}
   size_t MaxHeapSize                              = 4294967296                                {product} {ergonomic}
   size_t MaxNewSize                               = 2575302656                                {product} {ergonomic}
   size_t MinHeapDeltaBytes                        = 2097152                                   {product} {ergonomic}
   size_t MinHeapSize                              = 8388608                                   {product} {ergonomic}
    uintx NonNMethodCodeHeapSize                   = 5832780                                {pd product} {ergonomic}
    uintx NonProfiledCodeHeapSize                  = 122912730                              {pd product} {ergonomic}
    uintx ProfiledCodeHeapSize                     = 122912730                              {pd product} {ergonomic}
    uintx ReservedCodeCacheSize                    = 251658240                              {pd product} {ergonomic}
     bool SegmentedCodeCache                       = true                                      {product} {ergonomic}
   size_t SoftMaxHeapSize                          = 4294967296                             {manageable} {ergonomic}
     bool UseCompressedClassPointers               = true                           {product lp64_product} {ergonomic}
     bool UseCompressedOops                        = true                           {product lp64_product} {ergonomic}
     bool UseG1GC                                  = true                                      {product} {ergonomic}
     bool UseNUMA                                  = false                                     {product} {ergonomic}
     bool UseNUMAInterleaving                      = false                                     {product} {ergonomic}

Logging:
Log output configuration:
 #0: stdout all=warning uptime,level,tags
 #1: stderr all=off uptime,level,tags

Environment Variables:
PATH=/Library/Frameworks/Python.framework/Versions/3.13/bin:/usr/local/bin:/usr/bin:/bin:/usr/sbin:/sbin
SHELL=/bin/zsh
LC_CTYPE=en_CA.UTF-8
TMPDIR=/var/folders/g8/2hgzs7c916zg8dz268t1vm140000gp/T/

Active Locale:
LC_ALL=C/en_CA.UTF-8/C/C/C/C
LC_COLLATE=C
LC_CTYPE=en_CA.UTF-8
LC_MESSAGES=C
LC_MONETARY=C
LC_NUMERIC=C
LC_TIME=C

Signal Handlers:
   SIGSEGV: crash_handler in libjvm.dylib, mask=11100110000111110111111111111111, flags=SA_RESTART|SA_SIGINFO, unblocked
    SIGBUS: crash_handler in libjvm.dylib, mask=11100110000111110111111111111111, flags=SA_RESTART|SA_SIGINFO, unblocked
    SIGFPE: crash_handler in libjvm.dylib, mask=11100110000111110111111111111111, flags=SA_RESTART|SA_SIGINFO, unblocked
   SIGPIPE: javaSignalHandler in libjvm.dylib, mask=11100110000111110111111111111111, flags=SA_RESTART|SA_SIGINFO, blocked
   SIGXFSZ: javaSignalHandler in libjvm.dylib, mask=11100110000111110111111111111111, flags=SA_RESTART|SA_SIGINFO, blocked
    SIGILL: crash_handler in libjvm.dylib, mask=11100110000111110111111111111111, flags=SA_RESTART|SA_SIGINFO, unblocked
   SIGUSR2: SR_handler in libjvm.dylib, mask=00000000000000000000000000000000, flags=SA_RESTART|SA_SIGINFO, blocked
    SIGHUP: UserHandler in libjvm.dylib, mask=11100110000111110111111111111111, flags=SA_RESTART|SA_SIGINFO, blocked
    SIGINT: UserHandler in libjvm.dylib, mask=11100110000111110111111111111111, flags=SA_RESTART|SA_SIGINFO, blocked
   SIGTERM: UserHandler in libjvm.dylib, mask=11100110000111110111111111111111, flags=SA_RESTART|SA_SIGINFO, blocked
   SIGQUIT: UserHandler in libjvm.dylib, mask=11100110000111110111111111111111, flags=SA_RESTART|SA_SIGINFO, blocked
   SIGTRAP: crash_handler in libjvm.dylib, mask=11100110000111110111111111111111, flags=SA_RESTART|SA_SIGINFO, unblocked


Periodic native trim disabled


---------------  S Y S T E M  ---------------

OS:
uname: Darwin 21.6.0 Darwin Kernel Version 21.6.0: Mon Dec 19 20:44:01 PST 2022; root:xnu-8020.240.18~2/RELEASE_X86_64 x86_64
OS uptime: 1 days 7:51 hours
rlimit (soft/hard): STACK 8192k/65532k , CORE 0k/infinity , NPROC 2784/4176 , NOFILE 10240/infinity , AS infinity/infinity , CPU infinity/infinity , DATA infinity/infinity , FSIZE infinity/infinity , MEMLOCK infinity/infinity , RSS infinity/infinity
load average: 4.06 4.93 5.85

CPU: total 4 (initial active 4) (2 cores per cpu, 2 threads per core) family 6 model 61 stepping 4 microcode 0x2f, cx8, cmov, fxsr, ht, mmx, 3dnowpref, sse, sse2, sse3, ssse3, sse4.1, sse4.2, popcnt, lzcnt, tsc, tscinvbit, avx, avx2, aes, erms, clmul, bmi1, bmi2, adx, fma, vzeroupper, clflush
machdep.cpu.brand_string:Intel(R) Core(TM) i5-5257U CPU @ 2.70GHz
hw.cpufrequency:2700000000
hw.cpufrequency_min:2700000000
hw.cpufrequency_max:2700000000
hw.cachelinesize:64
hw.l1icachesize:32768
hw.l1dcachesize:32768
hw.l2cachesize:262144
hw.l3cachesize:3145728

Memory: 4k page, physical 16777216k(368396k free), swap 2097152k(1213952k free)

vm_info: OpenJDK 64-Bit Server VM (17.0.11+9) for bsd-amd64 JRE (17.0.11+9), built on Apr 16 2024 00:00:00 by "admin" with clang Apple LLVM 15.0.0 (clang-1500.1.0.2.5)

END.
